[2022-07-22 08:21:35.252] [exthost] [info] Extension host with pid 4322 started
[2022-07-22 08:21:35.252] [exthost] [info] Skipping acquiring lock for /home/max/.config/Code/User/workspaceStorage/09e7af8358db5a84684f34e75b5c4ffc.
[2022-07-22 08:21:35.414] [exthost] [info] ExtensionService#_doActivateExtension sumneko.lua, startup: false, activationEvent: 'onLanguage:lua'
[2022-07-22 08:21:35.494] [exthost] [info] ExtensionService#_doActivateExtension vscode.microsoft-authentication, startup: false, activationEvent: 'onAuthenticationRequest:microsoft'
[2022-07-22 08:21:35.508] [exthost] [info] ExtensionService#_doActivateExtension vscode.debug-auto-launch, startup: true, activationEvent: '*'
[2022-07-22 08:21:35.509] [exthost] [info] ExtensionService#_doActivateExtension vscode.git-base, startup: true, activationEvent: '*', root cause: vscode.git
[2022-07-22 08:21:35.510] [exthost] [info] ExtensionService#_doActivateExtension vscode.ipynb, startup: true, activationEvent: '*'
[2022-07-22 08:21:35.543] [exthost] [info] ExtensionService#_doActivateExtension vscode.git, startup: true, activationEvent: '*'
[2022-07-22 08:21:35.556] [exthost] [info] ExtensionService#_doActivateExtension vscode.github, startup: true, activationEvent: '*'
[2022-07-22 08:21:35.603] [exthost] [info] Eager extensions activated
[2022-07-22 08:21:35.642] [exthost] [info] ExtensionService#_doActivateExtension vscode.emmet, startup: false, activationEvent: 'onStartupFinished'
[2022-07-22 08:21:35.646] [exthost] [info] ExtensionService#_doActivateExtension vscode.merge-conflict, startup: false, activationEvent: 'onStartupFinished'
[2022-07-22 08:21:35.656] [exthost] [info] ExtensionService#_doActivateExtension vscode.github-authentication, startup: false, activationEvent: 'onAuthenticationRequest:github'
[2022-07-22 08:25:38.092] [exthost] [info] ExtensionService#_doActivateExtension vscode.image-preview, startup: false, activationEvent: 'onCustomEditor:imagePreview.previewEditor'
[2022-07-22 08:31:14.498] [exthost] [info] Extension host terminating: received terminate message from renderer
[2022-07-22 08:31:14.506] [exthost] [info] Extension host with pid 4322 exiting with code 0
[2022-07-22 08:31:15.675] [exthost] [info] Extension host with pid 12250 started
[2022-07-22 08:31:15.675] [exthost] [info] Skipping acquiring lock for /home/max/.config/Code/User/workspaceStorage/a652936c7d66eb91b2732f44530569a6.
[2022-07-22 08:31:15.730] [exthost] [info] ExtensionService#_doActivateExtension vscode.microsoft-authentication, startup: false, activationEvent: 'onAuthenticationRequest:microsoft'
[2022-07-22 08:31:15.741] [exthost] [info] ExtensionService#_doActivateExtension vscode.debug-auto-launch, startup: true, activationEvent: '*'
[2022-07-22 08:31:15.742] [exthost] [info] ExtensionService#_doActivateExtension vscode.git-base, startup: true, activationEvent: '*', root cause: vscode.git
[2022-07-22 08:31:15.743] [exthost] [info] ExtensionService#_doActivateExtension vscode.ipynb, startup: true, activationEvent: '*'
[2022-07-22 08:31:15.796] [exthost] [info] ExtensionService#_doActivateExtension vscode.git, startup: true, activationEvent: '*'
[2022-07-22 08:31:15.808] [exthost] [info] ExtensionService#_doActivateExtension vscode.github, startup: true, activationEvent: '*'
[2022-07-22 08:31:15.843] [exthost] [info] Eager extensions activated
[2022-07-22 08:31:15.851] [exthost] [info] ExtensionService#_doActivateExtension vscode.emmet, startup: false, activationEvent: 'onStartupFinished'
[2022-07-22 08:31:15.855] [exthost] [info] ExtensionService#_doActivateExtension vscode.merge-conflict, startup: false, activationEvent: 'onStartupFinished'
[2022-07-22 08:31:15.858] [exthost] [info] ExtensionService#_doActivateExtension vscode.github-authentication, startup: false, activationEvent: 'onAuthenticationRequest:github'
