[2022-07-22T14:14:28.706Z] Log level: Info
[2022-07-22T14:14:28.707Z] [info] Validating found git in: git
[2022-07-22T14:14:28.718Z] [info] Using git 2.37.1 from git
[2022-07-22T14:14:28.743Z] > git rev-parse --show-toplevel [18ms]
[2022-07-22T14:14:28.743Z] fatal: not a git repository (or any of the parent directories): .git
[2022-07-22T14:14:28.793Z] > git rev-parse --show-toplevel [44ms]
[2022-07-22T14:14:28.793Z] fatal: not a git repository (or any of the parent directories): .git
[2022-07-22T14:14:28.807Z] > git rev-parse --show-toplevel [12ms]
[2022-07-22T14:14:28.807Z] fatal: not a git repository (or any of the parent directories): .git
[2022-07-22T14:14:33.836Z] > git rev-parse --show-toplevel [5ms]
[2022-07-22T14:14:33.836Z] fatal: not a git repository (or any of the parent directories): .git
[2022-07-22T14:14:36.374Z] > git rev-parse --show-toplevel [1ms]
[2022-07-22T14:14:36.374Z] fatal: not a git repository (or any of the parent directories): .git
[2022-07-22T14:14:43.712Z] > git rev-parse --show-toplevel [2ms]
[2022-07-22T14:14:43.712Z] fatal: not a git repository (or any of the parent directories): .git
[2022-07-22T14:14:59.503Z] > git rev-parse --show-toplevel [1ms]
[2022-07-22T14:14:59.503Z] fatal: not a git repository (or any of the parent directories): .git
[2022-07-22T14:15:03.053Z] > git rev-parse --show-toplevel [2ms]
[2022-07-22T14:15:03.053Z] fatal: not a git repository (or any of the parent directories): .git
[2022-07-22T14:15:04.525Z] > git rev-parse --show-toplevel [3ms]
[2022-07-22T14:15:04.525Z] fatal: not a git repository (or any of the parent directories): .git
