[2022-07-22 08:21:37.935] [renderer1] [warning] [/home/max/.vscode/extensions/sumneko.lua-3.4.2-linux-x64]: Couldn't find message for key config.diagnostics.assign-type-mismatch.
[2022-07-22 08:21:37.936] [renderer1] [warning] [/home/max/.vscode/extensions/sumneko.lua-3.4.2-linux-x64]: Couldn't find message for key config.diagnostics.await-in-sync.
[2022-07-22 08:21:37.936] [renderer1] [warning] [/home/max/.vscode/extensions/sumneko.lua-3.4.2-linux-x64]: Couldn't find message for key config.diagnostics.cast-local-type.
[2022-07-22 08:21:37.936] [renderer1] [warning] [/home/max/.vscode/extensions/sumneko.lua-3.4.2-linux-x64]: Couldn't find message for key config.diagnostics.cast-type-mismatch.
[2022-07-22 08:21:37.936] [renderer1] [warning] [/home/max/.vscode/extensions/sumneko.lua-3.4.2-linux-x64]: Couldn't find message for key config.diagnostics.circle-doc-class.
[2022-07-22 08:21:37.936] [renderer1] [warning] [/home/max/.vscode/extensions/sumneko.lua-3.4.2-linux-x64]: Couldn't find message for key config.diagnostics.close-non-object.
[2022-07-22 08:21:37.937] [renderer1] [warning] [/home/max/.vscode/extensions/sumneko.lua-3.4.2-linux-x64]: Couldn't find message for key config.diagnostics.code-after-break.
[2022-07-22 08:21:37.937] [renderer1] [warning] [/home/max/.vscode/extensions/sumneko.lua-3.4.2-linux-x64]: Couldn't find message for key config.diagnostics.codestyle-check.
[2022-07-22 08:21:37.937] [renderer1] [warning] [/home/max/.vscode/extensions/sumneko.lua-3.4.2-linux-x64]: Couldn't find message for key config.diagnostics.count-down-loop.
[2022-07-22 08:21:37.937] [renderer1] [warning] [/home/max/.vscode/extensions/sumneko.lua-3.4.2-linux-x64]: Couldn't find message for key config.diagnostics.deprecated.
[2022-07-22 08:21:37.937] [renderer1] [warning] [/home/max/.vscode/extensions/sumneko.lua-3.4.2-linux-x64]: Couldn't find message for key config.diagnostics.different-requires.
[2022-07-22 08:21:37.937] [renderer1] [warning] [/home/max/.vscode/extensions/sumneko.lua-3.4.2-linux-x64]: Couldn't find message for key config.diagnostics.discard-returns.
[2022-07-22 08:21:37.937] [renderer1] [warning] [/home/max/.vscode/extensions/sumneko.lua-3.4.2-linux-x64]: Couldn't find message for key config.diagnostics.doc-field-no-class.
[2022-07-22 08:21:37.937] [renderer1] [warning] [/home/max/.vscode/extensions/sumneko.lua-3.4.2-linux-x64]: Couldn't find message for key config.diagnostics.duplicate-doc-alias.
[2022-07-22 08:21:37.938] [renderer1] [warning] [/home/max/.vscode/extensions/sumneko.lua-3.4.2-linux-x64]: Couldn't find message for key config.diagnostics.duplicate-doc-field.
[2022-07-22 08:21:37.938] [renderer1] [warning] [/home/max/.vscode/extensions/sumneko.lua-3.4.2-linux-x64]: Couldn't find message for key config.diagnostics.duplicate-doc-param.
[2022-07-22 08:21:37.938] [renderer1] [warning] [/home/max/.vscode/extensions/sumneko.lua-3.4.2-linux-x64]: Couldn't find message for key config.diagnostics.duplicate-set-field.
[2022-07-22 08:21:37.938] [renderer1] [warning] [/home/max/.vscode/extensions/sumneko.lua-3.4.2-linux-x64]: Couldn't find message for key config.diagnostics.missing-parameter.
[2022-07-22 08:21:37.938] [renderer1] [warning] [/home/max/.vscode/extensions/sumneko.lua-3.4.2-linux-x64]: Couldn't find message for key config.diagnostics.missing-return.
[2022-07-22 08:21:37.938] [renderer1] [warning] [/home/max/.vscode/extensions/sumneko.lua-3.4.2-linux-x64]: Couldn't find message for key config.diagnostics.missing-return-value.
[2022-07-22 08:21:37.938] [renderer1] [warning] [/home/max/.vscode/extensions/sumneko.lua-3.4.2-linux-x64]: Couldn't find message for key config.diagnostics.need-check-nil.
[2022-07-22 08:21:37.938] [renderer1] [warning] [/home/max/.vscode/extensions/sumneko.lua-3.4.2-linux-x64]: Couldn't find message for key config.diagnostics.no-unknown.
[2022-07-22 08:21:37.938] [renderer1] [warning] [/home/max/.vscode/extensions/sumneko.lua-3.4.2-linux-x64]: Couldn't find message for key config.diagnostics.not-yieldable.
[2022-07-22 08:21:37.939] [renderer1] [warning] [/home/max/.vscode/extensions/sumneko.lua-3.4.2-linux-x64]: Couldn't find message for key config.diagnostics.param-type-mismatch.
[2022-07-22 08:21:37.939] [renderer1] [warning] [/home/max/.vscode/extensions/sumneko.lua-3.4.2-linux-x64]: Couldn't find message for key config.diagnostics.redundant-return.
[2022-07-22 08:21:37.939] [renderer1] [warning] [/home/max/.vscode/extensions/sumneko.lua-3.4.2-linux-x64]: Couldn't find message for key config.diagnostics.redundant-return-value.
[2022-07-22 08:21:37.939] [renderer1] [warning] [/home/max/.vscode/extensions/sumneko.lua-3.4.2-linux-x64]: Couldn't find message for key config.diagnostics.return-type-mismatch.
[2022-07-22 08:21:37.939] [renderer1] [warning] [/home/max/.vscode/extensions/sumneko.lua-3.4.2-linux-x64]: Couldn't find message for key config.diagnostics.spell-check.
[2022-07-22 08:21:37.939] [renderer1] [warning] [/home/max/.vscode/extensions/sumneko.lua-3.4.2-linux-x64]: Couldn't find message for key config.diagnostics.unbalanced-assignments.
[2022-07-22 08:21:37.939] [renderer1] [warning] [/home/max/.vscode/extensions/sumneko.lua-3.4.2-linux-x64]: Couldn't find message for key config.diagnostics.undefined-doc-class.
[2022-07-22 08:21:37.940] [renderer1] [warning] [/home/max/.vscode/extensions/sumneko.lua-3.4.2-linux-x64]: Couldn't find message for key config.diagnostics.undefined-doc-name.
[2022-07-22 08:21:37.940] [renderer1] [warning] [/home/max/.vscode/extensions/sumneko.lua-3.4.2-linux-x64]: Couldn't find message for key config.diagnostics.undefined-doc-param.
[2022-07-22 08:21:37.940] [renderer1] [warning] [/home/max/.vscode/extensions/sumneko.lua-3.4.2-linux-x64]: Couldn't find message for key config.diagnostics.undefined-field.
[2022-07-22 08:21:37.940] [renderer1] [warning] [/home/max/.vscode/extensions/sumneko.lua-3.4.2-linux-x64]: Couldn't find message for key config.diagnostics.unknown-cast-variable.
[2022-07-22 08:21:37.940] [renderer1] [warning] [/home/max/.vscode/extensions/sumneko.lua-3.4.2-linux-x64]: Couldn't find message for key config.diagnostics.unknown-diag-code.
[2022-07-22 08:21:37.940] [renderer1] [warning] [/home/max/.vscode/extensions/sumneko.lua-3.4.2-linux-x64]: Couldn't find message for key config.diagnostics.assign-type-mismatch.
[2022-07-22 08:21:37.940] [renderer1] [warning] [/home/max/.vscode/extensions/sumneko.lua-3.4.2-linux-x64]: Couldn't find message for key config.diagnostics.await-in-sync.
[2022-07-22 08:21:37.941] [renderer1] [warning] [/home/max/.vscode/extensions/sumneko.lua-3.4.2-linux-x64]: Couldn't find message for key config.diagnostics.cast-local-type.
[2022-07-22 08:21:37.941] [renderer1] [warning] [/home/max/.vscode/extensions/sumneko.lua-3.4.2-linux-x64]: Couldn't find message for key config.diagnostics.cast-type-mismatch.
[2022-07-22 08:21:37.941] [renderer1] [warning] [/home/max/.vscode/extensions/sumneko.lua-3.4.2-linux-x64]: Couldn't find message for key config.diagnostics.circle-doc-class.
[2022-07-22 08:21:37.941] [renderer1] [warning] [/home/max/.vscode/extensions/sumneko.lua-3.4.2-linux-x64]: Couldn't find message for key config.diagnostics.close-non-object.
[2022-07-22 08:21:37.941] [renderer1] [warning] [/home/max/.vscode/extensions/sumneko.lua-3.4.2-linux-x64]: Couldn't find message for key config.diagnostics.code-after-break.
[2022-07-22 08:21:37.941] [renderer1] [warning] [/home/max/.vscode/extensions/sumneko.lua-3.4.2-linux-x64]: Couldn't find message for key config.diagnostics.codestyle-check.
[2022-07-22 08:21:37.941] [renderer1] [warning] [/home/max/.vscode/extensions/sumneko.lua-3.4.2-linux-x64]: Couldn't find message for key config.diagnostics.count-down-loop.
[2022-07-22 08:21:37.941] [renderer1] [warning] [/home/max/.vscode/extensions/sumneko.lua-3.4.2-linux-x64]: Couldn't find message for key config.diagnostics.deprecated.
[2022-07-22 08:21:37.942] [renderer1] [warning] [/home/max/.vscode/extensions/sumneko.lua-3.4.2-linux-x64]: Couldn't find message for key config.diagnostics.different-requires.
[2022-07-22 08:21:37.942] [renderer1] [warning] [/home/max/.vscode/extensions/sumneko.lua-3.4.2-linux-x64]: Couldn't find message for key config.diagnostics.discard-returns.
[2022-07-22 08:21:37.942] [renderer1] [warning] [/home/max/.vscode/extensions/sumneko.lua-3.4.2-linux-x64]: Couldn't find message for key config.diagnostics.doc-field-no-class.
[2022-07-22 08:21:37.942] [renderer1] [warning] [/home/max/.vscode/extensions/sumneko.lua-3.4.2-linux-x64]: Couldn't find message for key config.diagnostics.duplicate-doc-alias.
[2022-07-22 08:21:37.942] [renderer1] [warning] [/home/max/.vscode/extensions/sumneko.lua-3.4.2-linux-x64]: Couldn't find message for key config.diagnostics.duplicate-doc-field.
[2022-07-22 08:21:37.942] [renderer1] [warning] [/home/max/.vscode/extensions/sumneko.lua-3.4.2-linux-x64]: Couldn't find message for key config.diagnostics.duplicate-doc-param.
[2022-07-22 08:21:37.942] [renderer1] [warning] [/home/max/.vscode/extensions/sumneko.lua-3.4.2-linux-x64]: Couldn't find message for key config.diagnostics.duplicate-set-field.
[2022-07-22 08:21:37.942] [renderer1] [warning] [/home/max/.vscode/extensions/sumneko.lua-3.4.2-linux-x64]: Couldn't find message for key config.diagnostics.missing-parameter.
[2022-07-22 08:21:37.943] [renderer1] [warning] [/home/max/.vscode/extensions/sumneko.lua-3.4.2-linux-x64]: Couldn't find message for key config.diagnostics.missing-return.
[2022-07-22 08:21:37.943] [renderer1] [warning] [/home/max/.vscode/extensions/sumneko.lua-3.4.2-linux-x64]: Couldn't find message for key config.diagnostics.missing-return-value.
[2022-07-22 08:21:37.943] [renderer1] [warning] [/home/max/.vscode/extensions/sumneko.lua-3.4.2-linux-x64]: Couldn't find message for key config.diagnostics.need-check-nil.
[2022-07-22 08:21:37.943] [renderer1] [warning] [/home/max/.vscode/extensions/sumneko.lua-3.4.2-linux-x64]: Couldn't find message for key config.diagnostics.no-unknown.
[2022-07-22 08:21:37.943] [renderer1] [warning] [/home/max/.vscode/extensions/sumneko.lua-3.4.2-linux-x64]: Couldn't find message for key config.diagnostics.not-yieldable.
[2022-07-22 08:21:37.943] [renderer1] [warning] [/home/max/.vscode/extensions/sumneko.lua-3.4.2-linux-x64]: Couldn't find message for key config.diagnostics.param-type-mismatch.
[2022-07-22 08:21:37.943] [renderer1] [warning] [/home/max/.vscode/extensions/sumneko.lua-3.4.2-linux-x64]: Couldn't find message for key config.diagnostics.redundant-return.
[2022-07-22 08:21:37.944] [renderer1] [warning] [/home/max/.vscode/extensions/sumneko.lua-3.4.2-linux-x64]: Couldn't find message for key config.diagnostics.redundant-return-value.
[2022-07-22 08:21:37.944] [renderer1] [warning] [/home/max/.vscode/extensions/sumneko.lua-3.4.2-linux-x64]: Couldn't find message for key config.diagnostics.return-type-mismatch.
[2022-07-22 08:21:37.944] [renderer1] [warning] [/home/max/.vscode/extensions/sumneko.lua-3.4.2-linux-x64]: Couldn't find message for key config.diagnostics.spell-check.
[2022-07-22 08:21:37.944] [renderer1] [warning] [/home/max/.vscode/extensions/sumneko.lua-3.4.2-linux-x64]: Couldn't find message for key config.diagnostics.unbalanced-assignments.
[2022-07-22 08:21:37.944] [renderer1] [warning] [/home/max/.vscode/extensions/sumneko.lua-3.4.2-linux-x64]: Couldn't find message for key config.diagnostics.undefined-doc-class.
[2022-07-22 08:21:37.945] [renderer1] [warning] [/home/max/.vscode/extensions/sumneko.lua-3.4.2-linux-x64]: Couldn't find message for key config.diagnostics.undefined-doc-name.
[2022-07-22 08:21:37.945] [renderer1] [warning] [/home/max/.vscode/extensions/sumneko.lua-3.4.2-linux-x64]: Couldn't find message for key config.diagnostics.undefined-doc-param.
[2022-07-22 08:21:37.945] [renderer1] [warning] [/home/max/.vscode/extensions/sumneko.lua-3.4.2-linux-x64]: Couldn't find message for key config.diagnostics.undefined-field.
[2022-07-22 08:21:37.945] [renderer1] [warning] [/home/max/.vscode/extensions/sumneko.lua-3.4.2-linux-x64]: Couldn't find message for key config.diagnostics.unknown-cast-variable.
[2022-07-22 08:21:37.945] [renderer1] [warning] [/home/max/.vscode/extensions/sumneko.lua-3.4.2-linux-x64]: Couldn't find message for key config.diagnostics.unknown-diag-code.
[2022-07-22 08:21:37.945] [renderer1] [warning] [/home/max/.vscode/extensions/sumneko.lua-3.4.2-linux-x64]: Couldn't find message for key config.runtime.builtin.basic.
[2022-07-22 08:21:37.946] [renderer1] [warning] [/home/max/.vscode/extensions/sumneko.lua-3.4.2-linux-x64]: Couldn't find message for key config.runtime.builtin.bit.
[2022-07-22 08:21:37.946] [renderer1] [warning] [/home/max/.vscode/extensions/sumneko.lua-3.4.2-linux-x64]: Couldn't find message for key config.runtime.builtin.bit32.
[2022-07-22 08:21:37.946] [renderer1] [warning] [/home/max/.vscode/extensions/sumneko.lua-3.4.2-linux-x64]: Couldn't find message for key config.runtime.builtin.builtin.
[2022-07-22 08:21:37.946] [renderer1] [warning] [/home/max/.vscode/extensions/sumneko.lua-3.4.2-linux-x64]: Couldn't find message for key config.runtime.builtin.coroutine.
[2022-07-22 08:21:37.946] [renderer1] [warning] [/home/max/.vscode/extensions/sumneko.lua-3.4.2-linux-x64]: Couldn't find message for key config.runtime.builtin.debug.
[2022-07-22 08:21:37.947] [renderer1] [warning] [/home/max/.vscode/extensions/sumneko.lua-3.4.2-linux-x64]: Couldn't find message for key config.runtime.builtin.ffi.
[2022-07-22 08:21:37.947] [renderer1] [warning] [/home/max/.vscode/extensions/sumneko.lua-3.4.2-linux-x64]: Couldn't find message for key config.runtime.builtin.io.
[2022-07-22 08:21:37.947] [renderer1] [warning] [/home/max/.vscode/extensions/sumneko.lua-3.4.2-linux-x64]: Couldn't find message for key config.runtime.builtin.jit.
[2022-07-22 08:21:37.947] [renderer1] [warning] [/home/max/.vscode/extensions/sumneko.lua-3.4.2-linux-x64]: Couldn't find message for key config.runtime.builtin.math.
[2022-07-22 08:21:37.947] [renderer1] [warning] [/home/max/.vscode/extensions/sumneko.lua-3.4.2-linux-x64]: Couldn't find message for key config.runtime.builtin.os.
[2022-07-22 08:21:37.947] [renderer1] [warning] [/home/max/.vscode/extensions/sumneko.lua-3.4.2-linux-x64]: Couldn't find message for key config.runtime.builtin.package.
[2022-07-22 08:21:37.947] [renderer1] [warning] [/home/max/.vscode/extensions/sumneko.lua-3.4.2-linux-x64]: Couldn't find message for key config.runtime.builtin.string.
[2022-07-22 08:21:37.948] [renderer1] [warning] [/home/max/.vscode/extensions/sumneko.lua-3.4.2-linux-x64]: Couldn't find message for key config.runtime.builtin.table.
[2022-07-22 08:21:37.948] [renderer1] [warning] [/home/max/.vscode/extensions/sumneko.lua-3.4.2-linux-x64]: Couldn't find message for key config.runtime.builtin.utf8.
[2022-07-22 08:21:37.948] [renderer1] [warning] [/home/max/.vscode/extensions/sumneko.lua-3.4.2-linux-x64]: Couldn't find message for key config.runtime.fileEncoding.utf8.
[2022-07-22 08:21:37.948] [renderer1] [warning] [/home/max/.vscode/extensions/sumneko.lua-3.4.2-linux-x64]: Couldn't find message for key config.runtime.fileEncoding.ansi.
[2022-07-22 08:21:37.948] [renderer1] [warning] [/home/max/.vscode/extensions/sumneko.lua-3.4.2-linux-x64]: Couldn't find message for key config.runtime.fileEncoding.utf16le.
[2022-07-22 08:21:37.948] [renderer1] [warning] [/home/max/.vscode/extensions/sumneko.lua-3.4.2-linux-x64]: Couldn't find message for key config.runtime.fileEncoding.utf16be.
[2022-07-22 08:21:37.949] [renderer1] [warning] [/home/max/.vscode/extensions/sumneko.lua-3.4.2-linux-x64]: Couldn't find message for key config.runtime.version.Lua 5.1.
[2022-07-22 08:21:37.949] [renderer1] [warning] [/home/max/.vscode/extensions/sumneko.lua-3.4.2-linux-x64]: Couldn't find message for key config.runtime.version.Lua 5.2.
[2022-07-22 08:21:37.949] [renderer1] [warning] [/home/max/.vscode/extensions/sumneko.lua-3.4.2-linux-x64]: Couldn't find message for key config.runtime.version.Lua 5.3.
[2022-07-22 08:21:37.949] [renderer1] [warning] [/home/max/.vscode/extensions/sumneko.lua-3.4.2-linux-x64]: Couldn't find message for key config.runtime.version.Lua 5.4.
[2022-07-22 08:21:37.949] [renderer1] [warning] [/home/max/.vscode/extensions/sumneko.lua-3.4.2-linux-x64]: Couldn't find message for key config.runtime.version.LuaJIT.
[2022-07-22 08:21:39.892] [renderer1] [warning] [/home/max/.vscode/extensions/sumneko.lua-3.5.0-linux-x64]: Couldn't find message for key config.diagnostics.assign-type-mismatch.
[2022-07-22 08:21:39.892] [renderer1] [warning] [/home/max/.vscode/extensions/sumneko.lua-3.5.0-linux-x64]: Couldn't find message for key config.diagnostics.await-in-sync.
[2022-07-22 08:21:39.893] [renderer1] [warning] [/home/max/.vscode/extensions/sumneko.lua-3.5.0-linux-x64]: Couldn't find message for key config.diagnostics.cast-local-type.
[2022-07-22 08:21:39.893] [renderer1] [warning] [/home/max/.vscode/extensions/sumneko.lua-3.5.0-linux-x64]: Couldn't find message for key config.diagnostics.cast-type-mismatch.
[2022-07-22 08:21:39.893] [renderer1] [warning] [/home/max/.vscode/extensions/sumneko.lua-3.5.0-linux-x64]: Couldn't find message for key config.diagnostics.circle-doc-class.
[2022-07-22 08:21:39.893] [renderer1] [warning] [/home/max/.vscode/extensions/sumneko.lua-3.5.0-linux-x64]: Couldn't find message for key config.diagnostics.close-non-object.
[2022-07-22 08:21:39.893] [renderer1] [warning] [/home/max/.vscode/extensions/sumneko.lua-3.5.0-linux-x64]: Couldn't find message for key config.diagnostics.code-after-break.
[2022-07-22 08:21:39.893] [renderer1] [warning] [/home/max/.vscode/extensions/sumneko.lua-3.5.0-linux-x64]: Couldn't find message for key config.diagnostics.codestyle-check.
[2022-07-22 08:21:39.894] [renderer1] [warning] [/home/max/.vscode/extensions/sumneko.lua-3.5.0-linux-x64]: Couldn't find message for key config.diagnostics.count-down-loop.
[2022-07-22 08:21:39.894] [renderer1] [warning] [/home/max/.vscode/extensions/sumneko.lua-3.5.0-linux-x64]: Couldn't find message for key config.diagnostics.deprecated.
[2022-07-22 08:21:39.894] [renderer1] [warning] [/home/max/.vscode/extensions/sumneko.lua-3.5.0-linux-x64]: Couldn't find message for key config.diagnostics.different-requires.
[2022-07-22 08:21:39.894] [renderer1] [warning] [/home/max/.vscode/extensions/sumneko.lua-3.5.0-linux-x64]: Couldn't find message for key config.diagnostics.discard-returns.
[2022-07-22 08:21:39.894] [renderer1] [warning] [/home/max/.vscode/extensions/sumneko.lua-3.5.0-linux-x64]: Couldn't find message for key config.diagnostics.doc-field-no-class.
[2022-07-22 08:21:39.894] [renderer1] [warning] [/home/max/.vscode/extensions/sumneko.lua-3.5.0-linux-x64]: Couldn't find message for key config.diagnostics.duplicate-doc-alias.
[2022-07-22 08:21:39.895] [renderer1] [warning] [/home/max/.vscode/extensions/sumneko.lua-3.5.0-linux-x64]: Couldn't find message for key config.diagnostics.duplicate-doc-field.
[2022-07-22 08:21:39.895] [renderer1] [warning] [/home/max/.vscode/extensions/sumneko.lua-3.5.0-linux-x64]: Couldn't find message for key config.diagnostics.duplicate-doc-param.
[2022-07-22 08:21:39.895] [renderer1] [warning] [/home/max/.vscode/extensions/sumneko.lua-3.5.0-linux-x64]: Couldn't find message for key config.diagnostics.duplicate-set-field.
[2022-07-22 08:21:39.895] [renderer1] [warning] [/home/max/.vscode/extensions/sumneko.lua-3.5.0-linux-x64]: Couldn't find message for key config.diagnostics.missing-parameter.
[2022-07-22 08:21:39.895] [renderer1] [warning] [/home/max/.vscode/extensions/sumneko.lua-3.5.0-linux-x64]: Couldn't find message for key config.diagnostics.missing-return.
[2022-07-22 08:21:39.895] [renderer1] [warning] [/home/max/.vscode/extensions/sumneko.lua-3.5.0-linux-x64]: Couldn't find message for key config.diagnostics.missing-return-value.
[2022-07-22 08:21:39.895] [renderer1] [warning] [/home/max/.vscode/extensions/sumneko.lua-3.5.0-linux-x64]: Couldn't find message for key config.diagnostics.need-check-nil.
[2022-07-22 08:21:39.896] [renderer1] [warning] [/home/max/.vscode/extensions/sumneko.lua-3.5.0-linux-x64]: Couldn't find message for key config.diagnostics.no-unknown.
[2022-07-22 08:21:39.896] [renderer1] [warning] [/home/max/.vscode/extensions/sumneko.lua-3.5.0-linux-x64]: Couldn't find message for key config.diagnostics.not-yieldable.
[2022-07-22 08:21:39.896] [renderer1] [warning] [/home/max/.vscode/extensions/sumneko.lua-3.5.0-linux-x64]: Couldn't find message for key config.diagnostics.param-type-mismatch.
[2022-07-22 08:21:39.896] [renderer1] [warning] [/home/max/.vscode/extensions/sumneko.lua-3.5.0-linux-x64]: Couldn't find message for key config.diagnostics.redundant-return.
[2022-07-22 08:21:39.896] [renderer1] [warning] [/home/max/.vscode/extensions/sumneko.lua-3.5.0-linux-x64]: Couldn't find message for key config.diagnostics.redundant-return-value.
[2022-07-22 08:21:39.896] [renderer1] [warning] [/home/max/.vscode/extensions/sumneko.lua-3.5.0-linux-x64]: Couldn't find message for key config.diagnostics.return-type-mismatch.
[2022-07-22 08:21:39.896] [renderer1] [warning] [/home/max/.vscode/extensions/sumneko.lua-3.5.0-linux-x64]: Couldn't find message for key config.diagnostics.spell-check.
[2022-07-22 08:21:39.897] [renderer1] [warning] [/home/max/.vscode/extensions/sumneko.lua-3.5.0-linux-x64]: Couldn't find message for key config.diagnostics.unbalanced-assignments.
[2022-07-22 08:21:39.897] [renderer1] [warning] [/home/max/.vscode/extensions/sumneko.lua-3.5.0-linux-x64]: Couldn't find message for key config.diagnostics.undefined-doc-class.
[2022-07-22 08:21:39.897] [renderer1] [warning] [/home/max/.vscode/extensions/sumneko.lua-3.5.0-linux-x64]: Couldn't find message for key config.diagnostics.undefined-doc-name.
[2022-07-22 08:21:39.897] [renderer1] [warning] [/home/max/.vscode/extensions/sumneko.lua-3.5.0-linux-x64]: Couldn't find message for key config.diagnostics.undefined-doc-param.
[2022-07-22 08:21:39.897] [renderer1] [warning] [/home/max/.vscode/extensions/sumneko.lua-3.5.0-linux-x64]: Couldn't find message for key config.diagnostics.undefined-field.
[2022-07-22 08:21:39.897] [renderer1] [warning] [/home/max/.vscode/extensions/sumneko.lua-3.5.0-linux-x64]: Couldn't find message for key config.diagnostics.unknown-cast-variable.
[2022-07-22 08:21:39.897] [renderer1] [warning] [/home/max/.vscode/extensions/sumneko.lua-3.5.0-linux-x64]: Couldn't find message for key config.diagnostics.unknown-diag-code.
[2022-07-22 08:21:39.897] [renderer1] [warning] [/home/max/.vscode/extensions/sumneko.lua-3.5.0-linux-x64]: Couldn't find message for key config.diagnostics.unknown-operator.
[2022-07-22 08:21:39.898] [renderer1] [warning] [/home/max/.vscode/extensions/sumneko.lua-3.5.0-linux-x64]: Couldn't find message for key config.diagnostics.unreachable-code.
[2022-07-22 08:21:39.898] [renderer1] [warning] [/home/max/.vscode/extensions/sumneko.lua-3.5.0-linux-x64]: Couldn't find message for key config.diagnostics.assign-type-mismatch.
[2022-07-22 08:21:39.898] [renderer1] [warning] [/home/max/.vscode/extensions/sumneko.lua-3.5.0-linux-x64]: Couldn't find message for key config.diagnostics.await-in-sync.
[2022-07-22 08:21:39.898] [renderer1] [warning] [/home/max/.vscode/extensions/sumneko.lua-3.5.0-linux-x64]: Couldn't find message for key config.diagnostics.cast-local-type.
[2022-07-22 08:21:39.898] [renderer1] [warning] [/home/max/.vscode/extensions/sumneko.lua-3.5.0-linux-x64]: Couldn't find message for key config.diagnostics.cast-type-mismatch.
[2022-07-22 08:21:39.898] [renderer1] [warning] [/home/max/.vscode/extensions/sumneko.lua-3.5.0-linux-x64]: Couldn't find message for key config.diagnostics.circle-doc-class.
[2022-07-22 08:21:39.898] [renderer1] [warning] [/home/max/.vscode/extensions/sumneko.lua-3.5.0-linux-x64]: Couldn't find message for key config.diagnostics.close-non-object.
[2022-07-22 08:21:39.898] [renderer1] [warning] [/home/max/.vscode/extensions/sumneko.lua-3.5.0-linux-x64]: Couldn't find message for key config.diagnostics.code-after-break.
[2022-07-22 08:21:39.898] [renderer1] [warning] [/home/max/.vscode/extensions/sumneko.lua-3.5.0-linux-x64]: Couldn't find message for key config.diagnostics.codestyle-check.
[2022-07-22 08:21:39.899] [renderer1] [warning] [/home/max/.vscode/extensions/sumneko.lua-3.5.0-linux-x64]: Couldn't find message for key config.diagnostics.count-down-loop.
[2022-07-22 08:21:39.899] [renderer1] [warning] [/home/max/.vscode/extensions/sumneko.lua-3.5.0-linux-x64]: Couldn't find message for key config.diagnostics.deprecated.
[2022-07-22 08:21:39.899] [renderer1] [warning] [/home/max/.vscode/extensions/sumneko.lua-3.5.0-linux-x64]: Couldn't find message for key config.diagnostics.different-requires.
[2022-07-22 08:21:39.899] [renderer1] [warning] [/home/max/.vscode/extensions/sumneko.lua-3.5.0-linux-x64]: Couldn't find message for key config.diagnostics.discard-returns.
[2022-07-22 08:21:39.899] [renderer1] [warning] [/home/max/.vscode/extensions/sumneko.lua-3.5.0-linux-x64]: Couldn't find message for key config.diagnostics.doc-field-no-class.
[2022-07-22 08:21:39.899] [renderer1] [warning] [/home/max/.vscode/extensions/sumneko.lua-3.5.0-linux-x64]: Couldn't find message for key config.diagnostics.duplicate-doc-alias.
[2022-07-22 08:21:39.899] [renderer1] [warning] [/home/max/.vscode/extensions/sumneko.lua-3.5.0-linux-x64]: Couldn't find message for key config.diagnostics.duplicate-doc-field.
[2022-07-22 08:21:39.899] [renderer1] [warning] [/home/max/.vscode/extensions/sumneko.lua-3.5.0-linux-x64]: Couldn't find message for key config.diagnostics.duplicate-doc-param.
[2022-07-22 08:21:39.900] [renderer1] [warning] [/home/max/.vscode/extensions/sumneko.lua-3.5.0-linux-x64]: Couldn't find message for key config.diagnostics.duplicate-set-field.
[2022-07-22 08:21:39.900] [renderer1] [warning] [/home/max/.vscode/extensions/sumneko.lua-3.5.0-linux-x64]: Couldn't find message for key config.diagnostics.missing-parameter.
[2022-07-22 08:21:39.900] [renderer1] [warning] [/home/max/.vscode/extensions/sumneko.lua-3.5.0-linux-x64]: Couldn't find message for key config.diagnostics.missing-return.
[2022-07-22 08:21:39.900] [renderer1] [warning] [/home/max/.vscode/extensions/sumneko.lua-3.5.0-linux-x64]: Couldn't find message for key config.diagnostics.missing-return-value.
[2022-07-22 08:21:39.900] [renderer1] [warning] [/home/max/.vscode/extensions/sumneko.lua-3.5.0-linux-x64]: Couldn't find message for key config.diagnostics.need-check-nil.
[2022-07-22 08:21:39.900] [renderer1] [warning] [/home/max/.vscode/extensions/sumneko.lua-3.5.0-linux-x64]: Couldn't find message for key config.diagnostics.no-unknown.
[2022-07-22 08:21:39.900] [renderer1] [warning] [/home/max/.vscode/extensions/sumneko.lua-3.5.0-linux-x64]: Couldn't find message for key config.diagnostics.not-yieldable.
[2022-07-22 08:21:39.900] [renderer1] [warning] [/home/max/.vscode/extensions/sumneko.lua-3.5.0-linux-x64]: Couldn't find message for key config.diagnostics.param-type-mismatch.
[2022-07-22 08:21:39.900] [renderer1] [warning] [/home/max/.vscode/extensions/sumneko.lua-3.5.0-linux-x64]: Couldn't find message for key config.diagnostics.redundant-return.
[2022-07-22 08:21:39.901] [renderer1] [warning] [/home/max/.vscode/extensions/sumneko.lua-3.5.0-linux-x64]: Couldn't find message for key config.diagnostics.redundant-return-value.
[2022-07-22 08:21:39.901] [renderer1] [warning] [/home/max/.vscode/extensions/sumneko.lua-3.5.0-linux-x64]: Couldn't find message for key config.diagnostics.return-type-mismatch.
[2022-07-22 08:21:39.901] [renderer1] [warning] [/home/max/.vscode/extensions/sumneko.lua-3.5.0-linux-x64]: Couldn't find message for key config.diagnostics.spell-check.
[2022-07-22 08:21:39.901] [renderer1] [warning] [/home/max/.vscode/extensions/sumneko.lua-3.5.0-linux-x64]: Couldn't find message for key config.diagnostics.unbalanced-assignments.
[2022-07-22 08:21:39.901] [renderer1] [warning] [/home/max/.vscode/extensions/sumneko.lua-3.5.0-linux-x64]: Couldn't find message for key config.diagnostics.undefined-doc-class.
[2022-07-22 08:21:39.901] [renderer1] [warning] [/home/max/.vscode/extensions/sumneko.lua-3.5.0-linux-x64]: Couldn't find message for key config.diagnostics.undefined-doc-name.
[2022-07-22 08:21:39.901] [renderer1] [warning] [/home/max/.vscode/extensions/sumneko.lua-3.5.0-linux-x64]: Couldn't find message for key config.diagnostics.undefined-doc-param.
[2022-07-22 08:21:39.902] [renderer1] [warning] [/home/max/.vscode/extensions/sumneko.lua-3.5.0-linux-x64]: Couldn't find message for key config.diagnostics.undefined-field.
[2022-07-22 08:21:39.902] [renderer1] [warning] [/home/max/.vscode/extensions/sumneko.lua-3.5.0-linux-x64]: Couldn't find message for key config.diagnostics.unknown-cast-variable.
[2022-07-22 08:21:39.902] [renderer1] [warning] [/home/max/.vscode/extensions/sumneko.lua-3.5.0-linux-x64]: Couldn't find message for key config.diagnostics.unknown-diag-code.
[2022-07-22 08:21:39.902] [renderer1] [warning] [/home/max/.vscode/extensions/sumneko.lua-3.5.0-linux-x64]: Couldn't find message for key config.diagnostics.unknown-operator.
[2022-07-22 08:21:39.902] [renderer1] [warning] [/home/max/.vscode/extensions/sumneko.lua-3.5.0-linux-x64]: Couldn't find message for key config.diagnostics.unreachable-code.
[2022-07-22 08:21:39.902] [renderer1] [warning] [/home/max/.vscode/extensions/sumneko.lua-3.5.0-linux-x64]: Couldn't find message for key config.runtime.builtin.basic.
[2022-07-22 08:21:39.902] [renderer1] [warning] [/home/max/.vscode/extensions/sumneko.lua-3.5.0-linux-x64]: Couldn't find message for key config.runtime.builtin.bit.
[2022-07-22 08:21:39.903] [renderer1] [warning] [/home/max/.vscode/extensions/sumneko.lua-3.5.0-linux-x64]: Couldn't find message for key config.runtime.builtin.bit32.
[2022-07-22 08:21:39.903] [renderer1] [warning] [/home/max/.vscode/extensions/sumneko.lua-3.5.0-linux-x64]: Couldn't find message for key config.runtime.builtin.builtin.
[2022-07-22 08:21:39.903] [renderer1] [warning] [/home/max/.vscode/extensions/sumneko.lua-3.5.0-linux-x64]: Couldn't find message for key config.runtime.builtin.coroutine.
[2022-07-22 08:21:39.903] [renderer1] [warning] [/home/max/.vscode/extensions/sumneko.lua-3.5.0-linux-x64]: Couldn't find message for key config.runtime.builtin.debug.
[2022-07-22 08:21:39.903] [renderer1] [warning] [/home/max/.vscode/extensions/sumneko.lua-3.5.0-linux-x64]: Couldn't find message for key config.runtime.builtin.ffi.
[2022-07-22 08:21:39.903] [renderer1] [warning] [/home/max/.vscode/extensions/sumneko.lua-3.5.0-linux-x64]: Couldn't find message for key config.runtime.builtin.io.
[2022-07-22 08:21:39.903] [renderer1] [warning] [/home/max/.vscode/extensions/sumneko.lua-3.5.0-linux-x64]: Couldn't find message for key config.runtime.builtin.jit.
[2022-07-22 08:21:39.903] [renderer1] [warning] [/home/max/.vscode/extensions/sumneko.lua-3.5.0-linux-x64]: Couldn't find message for key config.runtime.builtin.math.
[2022-07-22 08:21:39.904] [renderer1] [warning] [/home/max/.vscode/extensions/sumneko.lua-3.5.0-linux-x64]: Couldn't find message for key config.runtime.builtin.os.
[2022-07-22 08:21:39.904] [renderer1] [warning] [/home/max/.vscode/extensions/sumneko.lua-3.5.0-linux-x64]: Couldn't find message for key config.runtime.builtin.package.
[2022-07-22 08:21:39.904] [renderer1] [warning] [/home/max/.vscode/extensions/sumneko.lua-3.5.0-linux-x64]: Couldn't find message for key config.runtime.builtin.string.
[2022-07-22 08:21:39.904] [renderer1] [warning] [/home/max/.vscode/extensions/sumneko.lua-3.5.0-linux-x64]: Couldn't find message for key config.runtime.builtin.table.
[2022-07-22 08:21:39.904] [renderer1] [warning] [/home/max/.vscode/extensions/sumneko.lua-3.5.0-linux-x64]: Couldn't find message for key config.runtime.builtin.table.clear.
[2022-07-22 08:21:39.904] [renderer1] [warning] [/home/max/.vscode/extensions/sumneko.lua-3.5.0-linux-x64]: Couldn't find message for key config.runtime.builtin.table.new.
[2022-07-22 08:21:39.904] [renderer1] [warning] [/home/max/.vscode/extensions/sumneko.lua-3.5.0-linux-x64]: Couldn't find message for key config.runtime.builtin.utf8.
[2022-07-22 08:21:39.905] [renderer1] [warning] [/home/max/.vscode/extensions/sumneko.lua-3.5.0-linux-x64]: Couldn't find message for key config.runtime.fileEncoding.utf8.
[2022-07-22 08:21:39.905] [renderer1] [warning] [/home/max/.vscode/extensions/sumneko.lua-3.5.0-linux-x64]: Couldn't find message for key config.runtime.fileEncoding.ansi.
[2022-07-22 08:21:39.905] [renderer1] [warning] [/home/max/.vscode/extensions/sumneko.lua-3.5.0-linux-x64]: Couldn't find message for key config.runtime.fileEncoding.utf16le.
[2022-07-22 08:21:39.905] [renderer1] [warning] [/home/max/.vscode/extensions/sumneko.lua-3.5.0-linux-x64]: Couldn't find message for key config.runtime.fileEncoding.utf16be.
[2022-07-22 08:21:39.905] [renderer1] [warning] [/home/max/.vscode/extensions/sumneko.lua-3.5.0-linux-x64]: Couldn't find message for key config.runtime.version.Lua 5.1.
[2022-07-22 08:21:39.905] [renderer1] [warning] [/home/max/.vscode/extensions/sumneko.lua-3.5.0-linux-x64]: Couldn't find message for key config.runtime.version.Lua 5.2.
[2022-07-22 08:21:39.905] [renderer1] [warning] [/home/max/.vscode/extensions/sumneko.lua-3.5.0-linux-x64]: Couldn't find message for key config.runtime.version.Lua 5.3.
[2022-07-22 08:21:39.906] [renderer1] [warning] [/home/max/.vscode/extensions/sumneko.lua-3.5.0-linux-x64]: Couldn't find message for key config.runtime.version.Lua 5.4.
[2022-07-22 08:21:39.906] [renderer1] [warning] [/home/max/.vscode/extensions/sumneko.lua-3.5.0-linux-x64]: Couldn't find message for key config.runtime.version.LuaJIT.
[2022-07-22 08:31:18.419] [renderer1] [warning] [/home/max/.vscode/extensions/sumneko.lua-3.4.2-linux-x64]: Couldn't find message for key config.diagnostics.assign-type-mismatch.
[2022-07-22 08:31:18.419] [renderer1] [warning] [/home/max/.vscode/extensions/sumneko.lua-3.4.2-linux-x64]: Couldn't find message for key config.diagnostics.await-in-sync.
[2022-07-22 08:31:18.419] [renderer1] [warning] [/home/max/.vscode/extensions/sumneko.lua-3.4.2-linux-x64]: Couldn't find message for key config.diagnostics.cast-local-type.
[2022-07-22 08:31:18.419] [renderer1] [warning] [/home/max/.vscode/extensions/sumneko.lua-3.4.2-linux-x64]: Couldn't find message for key config.diagnostics.cast-type-mismatch.
[2022-07-22 08:31:18.420] [renderer1] [warning] [/home/max/.vscode/extensions/sumneko.lua-3.4.2-linux-x64]: Couldn't find message for key config.diagnostics.circle-doc-class.
[2022-07-22 08:31:18.420] [renderer1] [warning] [/home/max/.vscode/extensions/sumneko.lua-3.4.2-linux-x64]: Couldn't find message for key config.diagnostics.close-non-object.
[2022-07-22 08:31:18.420] [renderer1] [warning] [/home/max/.vscode/extensions/sumneko.lua-3.4.2-linux-x64]: Couldn't find message for key config.diagnostics.code-after-break.
[2022-07-22 08:31:18.420] [renderer1] [warning] [/home/max/.vscode/extensions/sumneko.lua-3.4.2-linux-x64]: Couldn't find message for key config.diagnostics.codestyle-check.
[2022-07-22 08:31:18.420] [renderer1] [warning] [/home/max/.vscode/extensions/sumneko.lua-3.4.2-linux-x64]: Couldn't find message for key config.diagnostics.count-down-loop.
[2022-07-22 08:31:18.420] [renderer1] [warning] [/home/max/.vscode/extensions/sumneko.lua-3.4.2-linux-x64]: Couldn't find message for key config.diagnostics.deprecated.
[2022-07-22 08:31:18.420] [renderer1] [warning] [/home/max/.vscode/extensions/sumneko.lua-3.4.2-linux-x64]: Couldn't find message for key config.diagnostics.different-requires.
[2022-07-22 08:31:18.420] [renderer1] [warning] [/home/max/.vscode/extensions/sumneko.lua-3.4.2-linux-x64]: Couldn't find message for key config.diagnostics.discard-returns.
[2022-07-22 08:31:18.421] [renderer1] [warning] [/home/max/.vscode/extensions/sumneko.lua-3.4.2-linux-x64]: Couldn't find message for key config.diagnostics.doc-field-no-class.
[2022-07-22 08:31:18.421] [renderer1] [warning] [/home/max/.vscode/extensions/sumneko.lua-3.4.2-linux-x64]: Couldn't find message for key config.diagnostics.duplicate-doc-alias.
[2022-07-22 08:31:18.421] [renderer1] [warning] [/home/max/.vscode/extensions/sumneko.lua-3.4.2-linux-x64]: Couldn't find message for key config.diagnostics.duplicate-doc-field.
[2022-07-22 08:31:18.421] [renderer1] [warning] [/home/max/.vscode/extensions/sumneko.lua-3.4.2-linux-x64]: Couldn't find message for key config.diagnostics.duplicate-doc-param.
[2022-07-22 08:31:18.421] [renderer1] [warning] [/home/max/.vscode/extensions/sumneko.lua-3.4.2-linux-x64]: Couldn't find message for key config.diagnostics.duplicate-set-field.
[2022-07-22 08:31:18.421] [renderer1] [warning] [/home/max/.vscode/extensions/sumneko.lua-3.4.2-linux-x64]: Couldn't find message for key config.diagnostics.missing-parameter.
[2022-07-22 08:31:18.421] [renderer1] [warning] [/home/max/.vscode/extensions/sumneko.lua-3.4.2-linux-x64]: Couldn't find message for key config.diagnostics.missing-return.
[2022-07-22 08:31:18.421] [renderer1] [warning] [/home/max/.vscode/extensions/sumneko.lua-3.4.2-linux-x64]: Couldn't find message for key config.diagnostics.missing-return-value.
[2022-07-22 08:31:18.421] [renderer1] [warning] [/home/max/.vscode/extensions/sumneko.lua-3.4.2-linux-x64]: Couldn't find message for key config.diagnostics.need-check-nil.
[2022-07-22 08:31:18.422] [renderer1] [warning] [/home/max/.vscode/extensions/sumneko.lua-3.4.2-linux-x64]: Couldn't find message for key config.diagnostics.no-unknown.
[2022-07-22 08:31:18.422] [renderer1] [warning] [/home/max/.vscode/extensions/sumneko.lua-3.4.2-linux-x64]: Couldn't find message for key config.diagnostics.not-yieldable.
[2022-07-22 08:31:18.422] [renderer1] [warning] [/home/max/.vscode/extensions/sumneko.lua-3.4.2-linux-x64]: Couldn't find message for key config.diagnostics.param-type-mismatch.
[2022-07-22 08:31:18.422] [renderer1] [warning] [/home/max/.vscode/extensions/sumneko.lua-3.4.2-linux-x64]: Couldn't find message for key config.diagnostics.redundant-return.
[2022-07-22 08:31:18.422] [renderer1] [warning] [/home/max/.vscode/extensions/sumneko.lua-3.4.2-linux-x64]: Couldn't find message for key config.diagnostics.redundant-return-value.
[2022-07-22 08:31:18.422] [renderer1] [warning] [/home/max/.vscode/extensions/sumneko.lua-3.4.2-linux-x64]: Couldn't find message for key config.diagnostics.return-type-mismatch.
[2022-07-22 08:31:18.422] [renderer1] [warning] [/home/max/.vscode/extensions/sumneko.lua-3.4.2-linux-x64]: Couldn't find message for key config.diagnostics.spell-check.
[2022-07-22 08:31:18.422] [renderer1] [warning] [/home/max/.vscode/extensions/sumneko.lua-3.4.2-linux-x64]: Couldn't find message for key config.diagnostics.unbalanced-assignments.
[2022-07-22 08:31:18.423] [renderer1] [warning] [/home/max/.vscode/extensions/sumneko.lua-3.4.2-linux-x64]: Couldn't find message for key config.diagnostics.undefined-doc-class.
[2022-07-22 08:31:18.423] [renderer1] [warning] [/home/max/.vscode/extensions/sumneko.lua-3.4.2-linux-x64]: Couldn't find message for key config.diagnostics.undefined-doc-name.
[2022-07-22 08:31:18.423] [renderer1] [warning] [/home/max/.vscode/extensions/sumneko.lua-3.4.2-linux-x64]: Couldn't find message for key config.diagnostics.undefined-doc-param.
[2022-07-22 08:31:18.423] [renderer1] [warning] [/home/max/.vscode/extensions/sumneko.lua-3.4.2-linux-x64]: Couldn't find message for key config.diagnostics.undefined-field.
[2022-07-22 08:31:18.423] [renderer1] [warning] [/home/max/.vscode/extensions/sumneko.lua-3.4.2-linux-x64]: Couldn't find message for key config.diagnostics.unknown-cast-variable.
[2022-07-22 08:31:18.423] [renderer1] [warning] [/home/max/.vscode/extensions/sumneko.lua-3.4.2-linux-x64]: Couldn't find message for key config.diagnostics.unknown-diag-code.
[2022-07-22 08:31:18.423] [renderer1] [warning] [/home/max/.vscode/extensions/sumneko.lua-3.4.2-linux-x64]: Couldn't find message for key config.diagnostics.assign-type-mismatch.
[2022-07-22 08:31:18.423] [renderer1] [warning] [/home/max/.vscode/extensions/sumneko.lua-3.4.2-linux-x64]: Couldn't find message for key config.diagnostics.await-in-sync.
[2022-07-22 08:31:18.423] [renderer1] [warning] [/home/max/.vscode/extensions/sumneko.lua-3.4.2-linux-x64]: Couldn't find message for key config.diagnostics.cast-local-type.
[2022-07-22 08:31:18.424] [renderer1] [warning] [/home/max/.vscode/extensions/sumneko.lua-3.4.2-linux-x64]: Couldn't find message for key config.diagnostics.cast-type-mismatch.
[2022-07-22 08:31:18.424] [renderer1] [warning] [/home/max/.vscode/extensions/sumneko.lua-3.4.2-linux-x64]: Couldn't find message for key config.diagnostics.circle-doc-class.
[2022-07-22 08:31:18.424] [renderer1] [warning] [/home/max/.vscode/extensions/sumneko.lua-3.4.2-linux-x64]: Couldn't find message for key config.diagnostics.close-non-object.
[2022-07-22 08:31:18.424] [renderer1] [warning] [/home/max/.vscode/extensions/sumneko.lua-3.4.2-linux-x64]: Couldn't find message for key config.diagnostics.code-after-break.
[2022-07-22 08:31:18.424] [renderer1] [warning] [/home/max/.vscode/extensions/sumneko.lua-3.4.2-linux-x64]: Couldn't find message for key config.diagnostics.codestyle-check.
[2022-07-22 08:31:18.424] [renderer1] [warning] [/home/max/.vscode/extensions/sumneko.lua-3.4.2-linux-x64]: Couldn't find message for key config.diagnostics.count-down-loop.
[2022-07-22 08:31:18.424] [renderer1] [warning] [/home/max/.vscode/extensions/sumneko.lua-3.4.2-linux-x64]: Couldn't find message for key config.diagnostics.deprecated.
[2022-07-22 08:31:18.424] [renderer1] [warning] [/home/max/.vscode/extensions/sumneko.lua-3.4.2-linux-x64]: Couldn't find message for key config.diagnostics.different-requires.
[2022-07-22 08:31:18.424] [renderer1] [warning] [/home/max/.vscode/extensions/sumneko.lua-3.4.2-linux-x64]: Couldn't find message for key config.diagnostics.discard-returns.
[2022-07-22 08:31:18.425] [renderer1] [warning] [/home/max/.vscode/extensions/sumneko.lua-3.4.2-linux-x64]: Couldn't find message for key config.diagnostics.doc-field-no-class.
[2022-07-22 08:31:18.425] [renderer1] [warning] [/home/max/.vscode/extensions/sumneko.lua-3.4.2-linux-x64]: Couldn't find message for key config.diagnostics.duplicate-doc-alias.
[2022-07-22 08:31:18.425] [renderer1] [warning] [/home/max/.vscode/extensions/sumneko.lua-3.4.2-linux-x64]: Couldn't find message for key config.diagnostics.duplicate-doc-field.
[2022-07-22 08:31:18.425] [renderer1] [warning] [/home/max/.vscode/extensions/sumneko.lua-3.4.2-linux-x64]: Couldn't find message for key config.diagnostics.duplicate-doc-param.
[2022-07-22 08:31:18.425] [renderer1] [warning] [/home/max/.vscode/extensions/sumneko.lua-3.4.2-linux-x64]: Couldn't find message for key config.diagnostics.duplicate-set-field.
[2022-07-22 08:31:18.425] [renderer1] [warning] [/home/max/.vscode/extensions/sumneko.lua-3.4.2-linux-x64]: Couldn't find message for key config.diagnostics.missing-parameter.
[2022-07-22 08:31:18.425] [renderer1] [warning] [/home/max/.vscode/extensions/sumneko.lua-3.4.2-linux-x64]: Couldn't find message for key config.diagnostics.missing-return.
[2022-07-22 08:31:18.425] [renderer1] [warning] [/home/max/.vscode/extensions/sumneko.lua-3.4.2-linux-x64]: Couldn't find message for key config.diagnostics.missing-return-value.
[2022-07-22 08:31:18.426] [renderer1] [warning] [/home/max/.vscode/extensions/sumneko.lua-3.4.2-linux-x64]: Couldn't find message for key config.diagnostics.need-check-nil.
[2022-07-22 08:31:18.426] [renderer1] [warning] [/home/max/.vscode/extensions/sumneko.lua-3.4.2-linux-x64]: Couldn't find message for key config.diagnostics.no-unknown.
[2022-07-22 08:31:18.426] [renderer1] [warning] [/home/max/.vscode/extensions/sumneko.lua-3.4.2-linux-x64]: Couldn't find message for key config.diagnostics.not-yieldable.
[2022-07-22 08:31:18.426] [renderer1] [warning] [/home/max/.vscode/extensions/sumneko.lua-3.4.2-linux-x64]: Couldn't find message for key config.diagnostics.param-type-mismatch.
[2022-07-22 08:31:18.426] [renderer1] [warning] [/home/max/.vscode/extensions/sumneko.lua-3.4.2-linux-x64]: Couldn't find message for key config.diagnostics.redundant-return.
[2022-07-22 08:31:18.426] [renderer1] [warning] [/home/max/.vscode/extensions/sumneko.lua-3.4.2-linux-x64]: Couldn't find message for key config.diagnostics.redundant-return-value.
[2022-07-22 08:31:18.426] [renderer1] [warning] [/home/max/.vscode/extensions/sumneko.lua-3.4.2-linux-x64]: Couldn't find message for key config.diagnostics.return-type-mismatch.
[2022-07-22 08:31:18.426] [renderer1] [warning] [/home/max/.vscode/extensions/sumneko.lua-3.4.2-linux-x64]: Couldn't find message for key config.diagnostics.spell-check.
[2022-07-22 08:31:18.426] [renderer1] [warning] [/home/max/.vscode/extensions/sumneko.lua-3.4.2-linux-x64]: Couldn't find message for key config.diagnostics.unbalanced-assignments.
[2022-07-22 08:31:18.427] [renderer1] [warning] [/home/max/.vscode/extensions/sumneko.lua-3.4.2-linux-x64]: Couldn't find message for key config.diagnostics.undefined-doc-class.
[2022-07-22 08:31:18.427] [renderer1] [warning] [/home/max/.vscode/extensions/sumneko.lua-3.4.2-linux-x64]: Couldn't find message for key config.diagnostics.undefined-doc-name.
[2022-07-22 08:31:18.427] [renderer1] [warning] [/home/max/.vscode/extensions/sumneko.lua-3.4.2-linux-x64]: Couldn't find message for key config.diagnostics.undefined-doc-param.
[2022-07-22 08:31:18.427] [renderer1] [warning] [/home/max/.vscode/extensions/sumneko.lua-3.4.2-linux-x64]: Couldn't find message for key config.diagnostics.undefined-field.
[2022-07-22 08:31:18.427] [renderer1] [warning] [/home/max/.vscode/extensions/sumneko.lua-3.4.2-linux-x64]: Couldn't find message for key config.diagnostics.unknown-cast-variable.
[2022-07-22 08:31:18.427] [renderer1] [warning] [/home/max/.vscode/extensions/sumneko.lua-3.4.2-linux-x64]: Couldn't find message for key config.diagnostics.unknown-diag-code.
[2022-07-22 08:31:18.427] [renderer1] [warning] [/home/max/.vscode/extensions/sumneko.lua-3.4.2-linux-x64]: Couldn't find message for key config.runtime.builtin.basic.
[2022-07-22 08:31:18.427] [renderer1] [warning] [/home/max/.vscode/extensions/sumneko.lua-3.4.2-linux-x64]: Couldn't find message for key config.runtime.builtin.bit.
[2022-07-22 08:31:18.427] [renderer1] [warning] [/home/max/.vscode/extensions/sumneko.lua-3.4.2-linux-x64]: Couldn't find message for key config.runtime.builtin.bit32.
[2022-07-22 08:31:18.428] [renderer1] [warning] [/home/max/.vscode/extensions/sumneko.lua-3.4.2-linux-x64]: Couldn't find message for key config.runtime.builtin.builtin.
[2022-07-22 08:31:18.428] [renderer1] [warning] [/home/max/.vscode/extensions/sumneko.lua-3.4.2-linux-x64]: Couldn't find message for key config.runtime.builtin.coroutine.
[2022-07-22 08:31:18.428] [renderer1] [warning] [/home/max/.vscode/extensions/sumneko.lua-3.4.2-linux-x64]: Couldn't find message for key config.runtime.builtin.debug.
[2022-07-22 08:31:18.428] [renderer1] [warning] [/home/max/.vscode/extensions/sumneko.lua-3.4.2-linux-x64]: Couldn't find message for key config.runtime.builtin.ffi.
[2022-07-22 08:31:18.428] [renderer1] [warning] [/home/max/.vscode/extensions/sumneko.lua-3.4.2-linux-x64]: Couldn't find message for key config.runtime.builtin.io.
[2022-07-22 08:31:18.428] [renderer1] [warning] [/home/max/.vscode/extensions/sumneko.lua-3.4.2-linux-x64]: Couldn't find message for key config.runtime.builtin.jit.
[2022-07-22 08:31:18.428] [renderer1] [warning] [/home/max/.vscode/extensions/sumneko.lua-3.4.2-linux-x64]: Couldn't find message for key config.runtime.builtin.math.
[2022-07-22 08:31:18.428] [renderer1] [warning] [/home/max/.vscode/extensions/sumneko.lua-3.4.2-linux-x64]: Couldn't find message for key config.runtime.builtin.os.
[2022-07-22 08:31:18.428] [renderer1] [warning] [/home/max/.vscode/extensions/sumneko.lua-3.4.2-linux-x64]: Couldn't find message for key config.runtime.builtin.package.
[2022-07-22 08:31:18.429] [renderer1] [warning] [/home/max/.vscode/extensions/sumneko.lua-3.4.2-linux-x64]: Couldn't find message for key config.runtime.builtin.string.
[2022-07-22 08:31:18.429] [renderer1] [warning] [/home/max/.vscode/extensions/sumneko.lua-3.4.2-linux-x64]: Couldn't find message for key config.runtime.builtin.table.
[2022-07-22 08:31:18.429] [renderer1] [warning] [/home/max/.vscode/extensions/sumneko.lua-3.4.2-linux-x64]: Couldn't find message for key config.runtime.builtin.utf8.
[2022-07-22 08:31:18.429] [renderer1] [warning] [/home/max/.vscode/extensions/sumneko.lua-3.4.2-linux-x64]: Couldn't find message for key config.runtime.fileEncoding.utf8.
[2022-07-22 08:31:18.429] [renderer1] [warning] [/home/max/.vscode/extensions/sumneko.lua-3.4.2-linux-x64]: Couldn't find message for key config.runtime.fileEncoding.ansi.
[2022-07-22 08:31:18.429] [renderer1] [warning] [/home/max/.vscode/extensions/sumneko.lua-3.4.2-linux-x64]: Couldn't find message for key config.runtime.fileEncoding.utf16le.
[2022-07-22 08:31:18.429] [renderer1] [warning] [/home/max/.vscode/extensions/sumneko.lua-3.4.2-linux-x64]: Couldn't find message for key config.runtime.fileEncoding.utf16be.
[2022-07-22 08:31:18.429] [renderer1] [warning] [/home/max/.vscode/extensions/sumneko.lua-3.4.2-linux-x64]: Couldn't find message for key config.runtime.version.Lua 5.1.
[2022-07-22 08:31:18.430] [renderer1] [warning] [/home/max/.vscode/extensions/sumneko.lua-3.4.2-linux-x64]: Couldn't find message for key config.runtime.version.Lua 5.2.
[2022-07-22 08:31:18.430] [renderer1] [warning] [/home/max/.vscode/extensions/sumneko.lua-3.4.2-linux-x64]: Couldn't find message for key config.runtime.version.Lua 5.3.
[2022-07-22 08:31:18.430] [renderer1] [warning] [/home/max/.vscode/extensions/sumneko.lua-3.4.2-linux-x64]: Couldn't find message for key config.runtime.version.Lua 5.4.
[2022-07-22 08:31:18.430] [renderer1] [warning] [/home/max/.vscode/extensions/sumneko.lua-3.4.2-linux-x64]: Couldn't find message for key config.runtime.version.LuaJIT.
[2022-07-22 08:31:18.430] [renderer1] [warning] [/home/max/.vscode/extensions/sumneko.lua-3.5.0-linux-x64]: Couldn't find message for key config.diagnostics.assign-type-mismatch.
[2022-07-22 08:31:18.430] [renderer1] [warning] [/home/max/.vscode/extensions/sumneko.lua-3.5.0-linux-x64]: Couldn't find message for key config.diagnostics.await-in-sync.
[2022-07-22 08:31:18.430] [renderer1] [warning] [/home/max/.vscode/extensions/sumneko.lua-3.5.0-linux-x64]: Couldn't find message for key config.diagnostics.cast-local-type.
[2022-07-22 08:31:18.430] [renderer1] [warning] [/home/max/.vscode/extensions/sumneko.lua-3.5.0-linux-x64]: Couldn't find message for key config.diagnostics.cast-type-mismatch.
[2022-07-22 08:31:18.430] [renderer1] [warning] [/home/max/.vscode/extensions/sumneko.lua-3.5.0-linux-x64]: Couldn't find message for key config.diagnostics.circle-doc-class.
[2022-07-22 08:31:18.431] [renderer1] [warning] [/home/max/.vscode/extensions/sumneko.lua-3.5.0-linux-x64]: Couldn't find message for key config.diagnostics.close-non-object.
[2022-07-22 08:31:18.431] [renderer1] [warning] [/home/max/.vscode/extensions/sumneko.lua-3.5.0-linux-x64]: Couldn't find message for key config.diagnostics.code-after-break.
[2022-07-22 08:31:18.431] [renderer1] [warning] [/home/max/.vscode/extensions/sumneko.lua-3.5.0-linux-x64]: Couldn't find message for key config.diagnostics.codestyle-check.
[2022-07-22 08:31:18.431] [renderer1] [warning] [/home/max/.vscode/extensions/sumneko.lua-3.5.0-linux-x64]: Couldn't find message for key config.diagnostics.count-down-loop.
[2022-07-22 08:31:18.431] [renderer1] [warning] [/home/max/.vscode/extensions/sumneko.lua-3.5.0-linux-x64]: Couldn't find message for key config.diagnostics.deprecated.
[2022-07-22 08:31:18.431] [renderer1] [warning] [/home/max/.vscode/extensions/sumneko.lua-3.5.0-linux-x64]: Couldn't find message for key config.diagnostics.different-requires.
[2022-07-22 08:31:18.431] [renderer1] [warning] [/home/max/.vscode/extensions/sumneko.lua-3.5.0-linux-x64]: Couldn't find message for key config.diagnostics.discard-returns.
[2022-07-22 08:31:18.431] [renderer1] [warning] [/home/max/.vscode/extensions/sumneko.lua-3.5.0-linux-x64]: Couldn't find message for key config.diagnostics.doc-field-no-class.
[2022-07-22 08:31:18.432] [renderer1] [warning] [/home/max/.vscode/extensions/sumneko.lua-3.5.0-linux-x64]: Couldn't find message for key config.diagnostics.duplicate-doc-alias.
[2022-07-22 08:31:18.432] [renderer1] [warning] [/home/max/.vscode/extensions/sumneko.lua-3.5.0-linux-x64]: Couldn't find message for key config.diagnostics.duplicate-doc-field.
[2022-07-22 08:31:18.432] [renderer1] [warning] [/home/max/.vscode/extensions/sumneko.lua-3.5.0-linux-x64]: Couldn't find message for key config.diagnostics.duplicate-doc-param.
[2022-07-22 08:31:18.432] [renderer1] [warning] [/home/max/.vscode/extensions/sumneko.lua-3.5.0-linux-x64]: Couldn't find message for key config.diagnostics.duplicate-set-field.
[2022-07-22 08:31:18.432] [renderer1] [warning] [/home/max/.vscode/extensions/sumneko.lua-3.5.0-linux-x64]: Couldn't find message for key config.diagnostics.missing-parameter.
[2022-07-22 08:31:18.432] [renderer1] [warning] [/home/max/.vscode/extensions/sumneko.lua-3.5.0-linux-x64]: Couldn't find message for key config.diagnostics.missing-return.
[2022-07-22 08:31:18.432] [renderer1] [warning] [/home/max/.vscode/extensions/sumneko.lua-3.5.0-linux-x64]: Couldn't find message for key config.diagnostics.missing-return-value.
[2022-07-22 08:31:18.432] [renderer1] [warning] [/home/max/.vscode/extensions/sumneko.lua-3.5.0-linux-x64]: Couldn't find message for key config.diagnostics.need-check-nil.
[2022-07-22 08:31:18.432] [renderer1] [warning] [/home/max/.vscode/extensions/sumneko.lua-3.5.0-linux-x64]: Couldn't find message for key config.diagnostics.no-unknown.
[2022-07-22 08:31:18.433] [renderer1] [warning] [/home/max/.vscode/extensions/sumneko.lua-3.5.0-linux-x64]: Couldn't find message for key config.diagnostics.not-yieldable.
[2022-07-22 08:31:18.433] [renderer1] [warning] [/home/max/.vscode/extensions/sumneko.lua-3.5.0-linux-x64]: Couldn't find message for key config.diagnostics.param-type-mismatch.
[2022-07-22 08:31:18.433] [renderer1] [warning] [/home/max/.vscode/extensions/sumneko.lua-3.5.0-linux-x64]: Couldn't find message for key config.diagnostics.redundant-return.
[2022-07-22 08:31:18.433] [renderer1] [warning] [/home/max/.vscode/extensions/sumneko.lua-3.5.0-linux-x64]: Couldn't find message for key config.diagnostics.redundant-return-value.
[2022-07-22 08:31:18.433] [renderer1] [warning] [/home/max/.vscode/extensions/sumneko.lua-3.5.0-linux-x64]: Couldn't find message for key config.diagnostics.return-type-mismatch.
[2022-07-22 08:31:18.433] [renderer1] [warning] [/home/max/.vscode/extensions/sumneko.lua-3.5.0-linux-x64]: Couldn't find message for key config.diagnostics.spell-check.
[2022-07-22 08:31:18.433] [renderer1] [warning] [/home/max/.vscode/extensions/sumneko.lua-3.5.0-linux-x64]: Couldn't find message for key config.diagnostics.unbalanced-assignments.
[2022-07-22 08:31:18.433] [renderer1] [warning] [/home/max/.vscode/extensions/sumneko.lua-3.5.0-linux-x64]: Couldn't find message for key config.diagnostics.undefined-doc-class.
[2022-07-22 08:31:18.434] [renderer1] [warning] [/home/max/.vscode/extensions/sumneko.lua-3.5.0-linux-x64]: Couldn't find message for key config.diagnostics.undefined-doc-name.
[2022-07-22 08:31:18.434] [renderer1] [warning] [/home/max/.vscode/extensions/sumneko.lua-3.5.0-linux-x64]: Couldn't find message for key config.diagnostics.undefined-doc-param.
[2022-07-22 08:31:18.434] [renderer1] [warning] [/home/max/.vscode/extensions/sumneko.lua-3.5.0-linux-x64]: Couldn't find message for key config.diagnostics.undefined-field.
[2022-07-22 08:31:18.434] [renderer1] [warning] [/home/max/.vscode/extensions/sumneko.lua-3.5.0-linux-x64]: Couldn't find message for key config.diagnostics.unknown-cast-variable.
[2022-07-22 08:31:18.434] [renderer1] [warning] [/home/max/.vscode/extensions/sumneko.lua-3.5.0-linux-x64]: Couldn't find message for key config.diagnostics.unknown-diag-code.
[2022-07-22 08:31:18.434] [renderer1] [warning] [/home/max/.vscode/extensions/sumneko.lua-3.5.0-linux-x64]: Couldn't find message for key config.diagnostics.unknown-operator.
[2022-07-22 08:31:18.434] [renderer1] [warning] [/home/max/.vscode/extensions/sumneko.lua-3.5.0-linux-x64]: Couldn't find message for key config.diagnostics.unreachable-code.
[2022-07-22 08:31:18.434] [renderer1] [warning] [/home/max/.vscode/extensions/sumneko.lua-3.5.0-linux-x64]: Couldn't find message for key config.diagnostics.assign-type-mismatch.
[2022-07-22 08:31:18.434] [renderer1] [warning] [/home/max/.vscode/extensions/sumneko.lua-3.5.0-linux-x64]: Couldn't find message for key config.diagnostics.await-in-sync.
[2022-07-22 08:31:18.435] [renderer1] [warning] [/home/max/.vscode/extensions/sumneko.lua-3.5.0-linux-x64]: Couldn't find message for key config.diagnostics.cast-local-type.
[2022-07-22 08:31:18.435] [renderer1] [warning] [/home/max/.vscode/extensions/sumneko.lua-3.5.0-linux-x64]: Couldn't find message for key config.diagnostics.cast-type-mismatch.
[2022-07-22 08:31:18.435] [renderer1] [warning] [/home/max/.vscode/extensions/sumneko.lua-3.5.0-linux-x64]: Couldn't find message for key config.diagnostics.circle-doc-class.
[2022-07-22 08:31:18.435] [renderer1] [warning] [/home/max/.vscode/extensions/sumneko.lua-3.5.0-linux-x64]: Couldn't find message for key config.diagnostics.close-non-object.
[2022-07-22 08:31:18.435] [renderer1] [warning] [/home/max/.vscode/extensions/sumneko.lua-3.5.0-linux-x64]: Couldn't find message for key config.diagnostics.code-after-break.
[2022-07-22 08:31:18.435] [renderer1] [warning] [/home/max/.vscode/extensions/sumneko.lua-3.5.0-linux-x64]: Couldn't find message for key config.diagnostics.codestyle-check.
[2022-07-22 08:31:18.435] [renderer1] [warning] [/home/max/.vscode/extensions/sumneko.lua-3.5.0-linux-x64]: Couldn't find message for key config.diagnostics.count-down-loop.
[2022-07-22 08:31:18.435] [renderer1] [warning] [/home/max/.vscode/extensions/sumneko.lua-3.5.0-linux-x64]: Couldn't find message for key config.diagnostics.deprecated.
[2022-07-22 08:31:18.436] [renderer1] [warning] [/home/max/.vscode/extensions/sumneko.lua-3.5.0-linux-x64]: Couldn't find message for key config.diagnostics.different-requires.
[2022-07-22 08:31:18.436] [renderer1] [warning] [/home/max/.vscode/extensions/sumneko.lua-3.5.0-linux-x64]: Couldn't find message for key config.diagnostics.discard-returns.
[2022-07-22 08:31:18.436] [renderer1] [warning] [/home/max/.vscode/extensions/sumneko.lua-3.5.0-linux-x64]: Couldn't find message for key config.diagnostics.doc-field-no-class.
[2022-07-22 08:31:18.436] [renderer1] [warning] [/home/max/.vscode/extensions/sumneko.lua-3.5.0-linux-x64]: Couldn't find message for key config.diagnostics.duplicate-doc-alias.
[2022-07-22 08:31:18.436] [renderer1] [warning] [/home/max/.vscode/extensions/sumneko.lua-3.5.0-linux-x64]: Couldn't find message for key config.diagnostics.duplicate-doc-field.
[2022-07-22 08:31:18.436] [renderer1] [warning] [/home/max/.vscode/extensions/sumneko.lua-3.5.0-linux-x64]: Couldn't find message for key config.diagnostics.duplicate-doc-param.
[2022-07-22 08:31:18.436] [renderer1] [warning] [/home/max/.vscode/extensions/sumneko.lua-3.5.0-linux-x64]: Couldn't find message for key config.diagnostics.duplicate-set-field.
[2022-07-22 08:31:18.436] [renderer1] [warning] [/home/max/.vscode/extensions/sumneko.lua-3.5.0-linux-x64]: Couldn't find message for key config.diagnostics.missing-parameter.
[2022-07-22 08:31:18.437] [renderer1] [warning] [/home/max/.vscode/extensions/sumneko.lua-3.5.0-linux-x64]: Couldn't find message for key config.diagnostics.missing-return.
[2022-07-22 08:31:18.437] [renderer1] [warning] [/home/max/.vscode/extensions/sumneko.lua-3.5.0-linux-x64]: Couldn't find message for key config.diagnostics.missing-return-value.
[2022-07-22 08:31:18.437] [renderer1] [warning] [/home/max/.vscode/extensions/sumneko.lua-3.5.0-linux-x64]: Couldn't find message for key config.diagnostics.need-check-nil.
[2022-07-22 08:31:18.437] [renderer1] [warning] [/home/max/.vscode/extensions/sumneko.lua-3.5.0-linux-x64]: Couldn't find message for key config.diagnostics.no-unknown.
[2022-07-22 08:31:18.437] [renderer1] [warning] [/home/max/.vscode/extensions/sumneko.lua-3.5.0-linux-x64]: Couldn't find message for key config.diagnostics.not-yieldable.
[2022-07-22 08:31:18.437] [renderer1] [warning] [/home/max/.vscode/extensions/sumneko.lua-3.5.0-linux-x64]: Couldn't find message for key config.diagnostics.param-type-mismatch.
[2022-07-22 08:31:18.438] [renderer1] [warning] [/home/max/.vscode/extensions/sumneko.lua-3.5.0-linux-x64]: Couldn't find message for key config.diagnostics.redundant-return.
[2022-07-22 08:31:18.438] [renderer1] [warning] [/home/max/.vscode/extensions/sumneko.lua-3.5.0-linux-x64]: Couldn't find message for key config.diagnostics.redundant-return-value.
[2022-07-22 08:31:18.438] [renderer1] [warning] [/home/max/.vscode/extensions/sumneko.lua-3.5.0-linux-x64]: Couldn't find message for key config.diagnostics.return-type-mismatch.
[2022-07-22 08:31:18.438] [renderer1] [warning] [/home/max/.vscode/extensions/sumneko.lua-3.5.0-linux-x64]: Couldn't find message for key config.diagnostics.spell-check.
[2022-07-22 08:31:18.438] [renderer1] [warning] [/home/max/.vscode/extensions/sumneko.lua-3.5.0-linux-x64]: Couldn't find message for key config.diagnostics.unbalanced-assignments.
[2022-07-22 08:31:18.438] [renderer1] [warning] [/home/max/.vscode/extensions/sumneko.lua-3.5.0-linux-x64]: Couldn't find message for key config.diagnostics.undefined-doc-class.
[2022-07-22 08:31:18.438] [renderer1] [warning] [/home/max/.vscode/extensions/sumneko.lua-3.5.0-linux-x64]: Couldn't find message for key config.diagnostics.undefined-doc-name.
[2022-07-22 08:31:18.438] [renderer1] [warning] [/home/max/.vscode/extensions/sumneko.lua-3.5.0-linux-x64]: Couldn't find message for key config.diagnostics.undefined-doc-param.
[2022-07-22 08:31:18.439] [renderer1] [warning] [/home/max/.vscode/extensions/sumneko.lua-3.5.0-linux-x64]: Couldn't find message for key config.diagnostics.undefined-field.
[2022-07-22 08:31:18.439] [renderer1] [warning] [/home/max/.vscode/extensions/sumneko.lua-3.5.0-linux-x64]: Couldn't find message for key config.diagnostics.unknown-cast-variable.
[2022-07-22 08:31:18.439] [renderer1] [warning] [/home/max/.vscode/extensions/sumneko.lua-3.5.0-linux-x64]: Couldn't find message for key config.diagnostics.unknown-diag-code.
[2022-07-22 08:31:18.439] [renderer1] [warning] [/home/max/.vscode/extensions/sumneko.lua-3.5.0-linux-x64]: Couldn't find message for key config.diagnostics.unknown-operator.
[2022-07-22 08:31:18.439] [renderer1] [warning] [/home/max/.vscode/extensions/sumneko.lua-3.5.0-linux-x64]: Couldn't find message for key config.diagnostics.unreachable-code.
[2022-07-22 08:31:18.439] [renderer1] [warning] [/home/max/.vscode/extensions/sumneko.lua-3.5.0-linux-x64]: Couldn't find message for key config.runtime.builtin.basic.
[2022-07-22 08:31:18.439] [renderer1] [warning] [/home/max/.vscode/extensions/sumneko.lua-3.5.0-linux-x64]: Couldn't find message for key config.runtime.builtin.bit.
[2022-07-22 08:31:18.439] [renderer1] [warning] [/home/max/.vscode/extensions/sumneko.lua-3.5.0-linux-x64]: Couldn't find message for key config.runtime.builtin.bit32.
[2022-07-22 08:31:18.439] [renderer1] [warning] [/home/max/.vscode/extensions/sumneko.lua-3.5.0-linux-x64]: Couldn't find message for key config.runtime.builtin.builtin.
[2022-07-22 08:31:18.440] [renderer1] [warning] [/home/max/.vscode/extensions/sumneko.lua-3.5.0-linux-x64]: Couldn't find message for key config.runtime.builtin.coroutine.
[2022-07-22 08:31:18.440] [renderer1] [warning] [/home/max/.vscode/extensions/sumneko.lua-3.5.0-linux-x64]: Couldn't find message for key config.runtime.builtin.debug.
[2022-07-22 08:31:18.440] [renderer1] [warning] [/home/max/.vscode/extensions/sumneko.lua-3.5.0-linux-x64]: Couldn't find message for key config.runtime.builtin.ffi.
[2022-07-22 08:31:18.440] [renderer1] [warning] [/home/max/.vscode/extensions/sumneko.lua-3.5.0-linux-x64]: Couldn't find message for key config.runtime.builtin.io.
[2022-07-22 08:31:18.440] [renderer1] [warning] [/home/max/.vscode/extensions/sumneko.lua-3.5.0-linux-x64]: Couldn't find message for key config.runtime.builtin.jit.
[2022-07-22 08:31:18.440] [renderer1] [warning] [/home/max/.vscode/extensions/sumneko.lua-3.5.0-linux-x64]: Couldn't find message for key config.runtime.builtin.math.
[2022-07-22 08:31:18.440] [renderer1] [warning] [/home/max/.vscode/extensions/sumneko.lua-3.5.0-linux-x64]: Couldn't find message for key config.runtime.builtin.os.
[2022-07-22 08:31:18.440] [renderer1] [warning] [/home/max/.vscode/extensions/sumneko.lua-3.5.0-linux-x64]: Couldn't find message for key config.runtime.builtin.package.
[2022-07-22 08:31:18.441] [renderer1] [warning] [/home/max/.vscode/extensions/sumneko.lua-3.5.0-linux-x64]: Couldn't find message for key config.runtime.builtin.string.
[2022-07-22 08:31:18.441] [renderer1] [warning] [/home/max/.vscode/extensions/sumneko.lua-3.5.0-linux-x64]: Couldn't find message for key config.runtime.builtin.table.
[2022-07-22 08:31:18.441] [renderer1] [warning] [/home/max/.vscode/extensions/sumneko.lua-3.5.0-linux-x64]: Couldn't find message for key config.runtime.builtin.table.clear.
[2022-07-22 08:31:18.441] [renderer1] [warning] [/home/max/.vscode/extensions/sumneko.lua-3.5.0-linux-x64]: Couldn't find message for key config.runtime.builtin.table.new.
[2022-07-22 08:31:18.441] [renderer1] [warning] [/home/max/.vscode/extensions/sumneko.lua-3.5.0-linux-x64]: Couldn't find message for key config.runtime.builtin.utf8.
[2022-07-22 08:31:18.441] [renderer1] [warning] [/home/max/.vscode/extensions/sumneko.lua-3.5.0-linux-x64]: Couldn't find message for key config.runtime.fileEncoding.utf8.
[2022-07-22 08:31:18.441] [renderer1] [warning] [/home/max/.vscode/extensions/sumneko.lua-3.5.0-linux-x64]: Couldn't find message for key config.runtime.fileEncoding.ansi.
[2022-07-22 08:31:18.441] [renderer1] [warning] [/home/max/.vscode/extensions/sumneko.lua-3.5.0-linux-x64]: Couldn't find message for key config.runtime.fileEncoding.utf16le.
[2022-07-22 08:31:18.442] [renderer1] [warning] [/home/max/.vscode/extensions/sumneko.lua-3.5.0-linux-x64]: Couldn't find message for key config.runtime.fileEncoding.utf16be.
[2022-07-22 08:31:18.442] [renderer1] [warning] [/home/max/.vscode/extensions/sumneko.lua-3.5.0-linux-x64]: Couldn't find message for key config.runtime.version.Lua 5.1.
[2022-07-22 08:31:18.442] [renderer1] [warning] [/home/max/.vscode/extensions/sumneko.lua-3.5.0-linux-x64]: Couldn't find message for key config.runtime.version.Lua 5.2.
[2022-07-22 08:31:18.442] [renderer1] [warning] [/home/max/.vscode/extensions/sumneko.lua-3.5.0-linux-x64]: Couldn't find message for key config.runtime.version.Lua 5.3.
[2022-07-22 08:31:18.442] [renderer1] [warning] [/home/max/.vscode/extensions/sumneko.lua-3.5.0-linux-x64]: Couldn't find message for key config.runtime.version.Lua 5.4.
[2022-07-22 08:31:18.442] [renderer1] [warning] [/home/max/.vscode/extensions/sumneko.lua-3.5.0-linux-x64]: Couldn't find message for key config.runtime.version.LuaJIT.
