[2022-07-22 08:22:01.402] [renderer5] [warning] [/home/max/.vscode/extensions/sumneko.lua-3.4.2-linux-x64]: Couldn't find message for key config.diagnostics.assign-type-mismatch.
[2022-07-22 08:22:01.402] [renderer5] [warning] [/home/max/.vscode/extensions/sumneko.lua-3.4.2-linux-x64]: Couldn't find message for key config.diagnostics.await-in-sync.
[2022-07-22 08:22:01.402] [renderer5] [warning] [/home/max/.vscode/extensions/sumneko.lua-3.4.2-linux-x64]: Couldn't find message for key config.diagnostics.cast-local-type.
[2022-07-22 08:22:01.403] [renderer5] [warning] [/home/max/.vscode/extensions/sumneko.lua-3.4.2-linux-x64]: Couldn't find message for key config.diagnostics.cast-type-mismatch.
[2022-07-22 08:22:01.403] [renderer5] [warning] [/home/max/.vscode/extensions/sumneko.lua-3.4.2-linux-x64]: Couldn't find message for key config.diagnostics.circle-doc-class.
[2022-07-22 08:22:01.403] [renderer5] [warning] [/home/max/.vscode/extensions/sumneko.lua-3.4.2-linux-x64]: Couldn't find message for key config.diagnostics.close-non-object.
[2022-07-22 08:22:01.403] [renderer5] [warning] [/home/max/.vscode/extensions/sumneko.lua-3.4.2-linux-x64]: Couldn't find message for key config.diagnostics.code-after-break.
[2022-07-22 08:22:01.403] [renderer5] [warning] [/home/max/.vscode/extensions/sumneko.lua-3.4.2-linux-x64]: Couldn't find message for key config.diagnostics.codestyle-check.
[2022-07-22 08:22:01.404] [renderer5] [warning] [/home/max/.vscode/extensions/sumneko.lua-3.4.2-linux-x64]: Couldn't find message for key config.diagnostics.count-down-loop.
[2022-07-22 08:22:01.404] [renderer5] [warning] [/home/max/.vscode/extensions/sumneko.lua-3.4.2-linux-x64]: Couldn't find message for key config.diagnostics.deprecated.
[2022-07-22 08:22:01.404] [renderer5] [warning] [/home/max/.vscode/extensions/sumneko.lua-3.4.2-linux-x64]: Couldn't find message for key config.diagnostics.different-requires.
[2022-07-22 08:22:01.404] [renderer5] [warning] [/home/max/.vscode/extensions/sumneko.lua-3.4.2-linux-x64]: Couldn't find message for key config.diagnostics.discard-returns.
[2022-07-22 08:22:01.404] [renderer5] [warning] [/home/max/.vscode/extensions/sumneko.lua-3.4.2-linux-x64]: Couldn't find message for key config.diagnostics.doc-field-no-class.
[2022-07-22 08:22:01.405] [renderer5] [warning] [/home/max/.vscode/extensions/sumneko.lua-3.4.2-linux-x64]: Couldn't find message for key config.diagnostics.duplicate-doc-alias.
[2022-07-22 08:22:01.405] [renderer5] [warning] [/home/max/.vscode/extensions/sumneko.lua-3.4.2-linux-x64]: Couldn't find message for key config.diagnostics.duplicate-doc-field.
[2022-07-22 08:22:01.405] [renderer5] [warning] [/home/max/.vscode/extensions/sumneko.lua-3.4.2-linux-x64]: Couldn't find message for key config.diagnostics.duplicate-doc-param.
[2022-07-22 08:22:01.405] [renderer5] [warning] [/home/max/.vscode/extensions/sumneko.lua-3.4.2-linux-x64]: Couldn't find message for key config.diagnostics.duplicate-set-field.
[2022-07-22 08:22:01.405] [renderer5] [warning] [/home/max/.vscode/extensions/sumneko.lua-3.4.2-linux-x64]: Couldn't find message for key config.diagnostics.missing-parameter.
[2022-07-22 08:22:01.405] [renderer5] [warning] [/home/max/.vscode/extensions/sumneko.lua-3.4.2-linux-x64]: Couldn't find message for key config.diagnostics.missing-return.
[2022-07-22 08:22:01.406] [renderer5] [warning] [/home/max/.vscode/extensions/sumneko.lua-3.4.2-linux-x64]: Couldn't find message for key config.diagnostics.missing-return-value.
[2022-07-22 08:22:01.406] [renderer5] [warning] [/home/max/.vscode/extensions/sumneko.lua-3.4.2-linux-x64]: Couldn't find message for key config.diagnostics.need-check-nil.
[2022-07-22 08:22:01.406] [renderer5] [warning] [/home/max/.vscode/extensions/sumneko.lua-3.4.2-linux-x64]: Couldn't find message for key config.diagnostics.no-unknown.
[2022-07-22 08:22:01.406] [renderer5] [warning] [/home/max/.vscode/extensions/sumneko.lua-3.4.2-linux-x64]: Couldn't find message for key config.diagnostics.not-yieldable.
[2022-07-22 08:22:01.406] [renderer5] [warning] [/home/max/.vscode/extensions/sumneko.lua-3.4.2-linux-x64]: Couldn't find message for key config.diagnostics.param-type-mismatch.
[2022-07-22 08:22:01.407] [renderer5] [warning] [/home/max/.vscode/extensions/sumneko.lua-3.4.2-linux-x64]: Couldn't find message for key config.diagnostics.redundant-return.
[2022-07-22 08:22:01.407] [renderer5] [warning] [/home/max/.vscode/extensions/sumneko.lua-3.4.2-linux-x64]: Couldn't find message for key config.diagnostics.redundant-return-value.
[2022-07-22 08:22:01.407] [renderer5] [warning] [/home/max/.vscode/extensions/sumneko.lua-3.4.2-linux-x64]: Couldn't find message for key config.diagnostics.return-type-mismatch.
[2022-07-22 08:22:01.407] [renderer5] [warning] [/home/max/.vscode/extensions/sumneko.lua-3.4.2-linux-x64]: Couldn't find message for key config.diagnostics.spell-check.
[2022-07-22 08:22:01.407] [renderer5] [warning] [/home/max/.vscode/extensions/sumneko.lua-3.4.2-linux-x64]: Couldn't find message for key config.diagnostics.unbalanced-assignments.
[2022-07-22 08:22:01.408] [renderer5] [warning] [/home/max/.vscode/extensions/sumneko.lua-3.4.2-linux-x64]: Couldn't find message for key config.diagnostics.undefined-doc-class.
[2022-07-22 08:22:01.408] [renderer5] [warning] [/home/max/.vscode/extensions/sumneko.lua-3.4.2-linux-x64]: Couldn't find message for key config.diagnostics.undefined-doc-name.
[2022-07-22 08:22:01.408] [renderer5] [warning] [/home/max/.vscode/extensions/sumneko.lua-3.4.2-linux-x64]: Couldn't find message for key config.diagnostics.undefined-doc-param.
[2022-07-22 08:22:01.408] [renderer5] [warning] [/home/max/.vscode/extensions/sumneko.lua-3.4.2-linux-x64]: Couldn't find message for key config.diagnostics.undefined-field.
[2022-07-22 08:22:01.408] [renderer5] [warning] [/home/max/.vscode/extensions/sumneko.lua-3.4.2-linux-x64]: Couldn't find message for key config.diagnostics.unknown-cast-variable.
[2022-07-22 08:22:01.408] [renderer5] [warning] [/home/max/.vscode/extensions/sumneko.lua-3.4.2-linux-x64]: Couldn't find message for key config.diagnostics.unknown-diag-code.
[2022-07-22 08:22:01.408] [renderer5] [warning] [/home/max/.vscode/extensions/sumneko.lua-3.4.2-linux-x64]: Couldn't find message for key config.diagnostics.assign-type-mismatch.
[2022-07-22 08:22:01.409] [renderer5] [warning] [/home/max/.vscode/extensions/sumneko.lua-3.4.2-linux-x64]: Couldn't find message for key config.diagnostics.await-in-sync.
[2022-07-22 08:22:01.409] [renderer5] [warning] [/home/max/.vscode/extensions/sumneko.lua-3.4.2-linux-x64]: Couldn't find message for key config.diagnostics.cast-local-type.
[2022-07-22 08:22:01.409] [renderer5] [warning] [/home/max/.vscode/extensions/sumneko.lua-3.4.2-linux-x64]: Couldn't find message for key config.diagnostics.cast-type-mismatch.
[2022-07-22 08:22:01.409] [renderer5] [warning] [/home/max/.vscode/extensions/sumneko.lua-3.4.2-linux-x64]: Couldn't find message for key config.diagnostics.circle-doc-class.
[2022-07-22 08:22:01.409] [renderer5] [warning] [/home/max/.vscode/extensions/sumneko.lua-3.4.2-linux-x64]: Couldn't find message for key config.diagnostics.close-non-object.
[2022-07-22 08:22:01.409] [renderer5] [warning] [/home/max/.vscode/extensions/sumneko.lua-3.4.2-linux-x64]: Couldn't find message for key config.diagnostics.code-after-break.
[2022-07-22 08:22:01.409] [renderer5] [warning] [/home/max/.vscode/extensions/sumneko.lua-3.4.2-linux-x64]: Couldn't find message for key config.diagnostics.codestyle-check.
[2022-07-22 08:22:01.410] [renderer5] [warning] [/home/max/.vscode/extensions/sumneko.lua-3.4.2-linux-x64]: Couldn't find message for key config.diagnostics.count-down-loop.
[2022-07-22 08:22:01.410] [renderer5] [warning] [/home/max/.vscode/extensions/sumneko.lua-3.4.2-linux-x64]: Couldn't find message for key config.diagnostics.deprecated.
[2022-07-22 08:22:01.410] [renderer5] [warning] [/home/max/.vscode/extensions/sumneko.lua-3.4.2-linux-x64]: Couldn't find message for key config.diagnostics.different-requires.
[2022-07-22 08:22:01.410] [renderer5] [warning] [/home/max/.vscode/extensions/sumneko.lua-3.4.2-linux-x64]: Couldn't find message for key config.diagnostics.discard-returns.
[2022-07-22 08:22:01.410] [renderer5] [warning] [/home/max/.vscode/extensions/sumneko.lua-3.4.2-linux-x64]: Couldn't find message for key config.diagnostics.doc-field-no-class.
[2022-07-22 08:22:01.410] [renderer5] [warning] [/home/max/.vscode/extensions/sumneko.lua-3.4.2-linux-x64]: Couldn't find message for key config.diagnostics.duplicate-doc-alias.
[2022-07-22 08:22:01.411] [renderer5] [warning] [/home/max/.vscode/extensions/sumneko.lua-3.4.2-linux-x64]: Couldn't find message for key config.diagnostics.duplicate-doc-field.
[2022-07-22 08:22:01.411] [renderer5] [warning] [/home/max/.vscode/extensions/sumneko.lua-3.4.2-linux-x64]: Couldn't find message for key config.diagnostics.duplicate-doc-param.
[2022-07-22 08:22:01.411] [renderer5] [warning] [/home/max/.vscode/extensions/sumneko.lua-3.4.2-linux-x64]: Couldn't find message for key config.diagnostics.duplicate-set-field.
[2022-07-22 08:22:01.411] [renderer5] [warning] [/home/max/.vscode/extensions/sumneko.lua-3.4.2-linux-x64]: Couldn't find message for key config.diagnostics.missing-parameter.
[2022-07-22 08:22:01.411] [renderer5] [warning] [/home/max/.vscode/extensions/sumneko.lua-3.4.2-linux-x64]: Couldn't find message for key config.diagnostics.missing-return.
[2022-07-22 08:22:01.411] [renderer5] [warning] [/home/max/.vscode/extensions/sumneko.lua-3.4.2-linux-x64]: Couldn't find message for key config.diagnostics.missing-return-value.
[2022-07-22 08:22:01.412] [renderer5] [warning] [/home/max/.vscode/extensions/sumneko.lua-3.4.2-linux-x64]: Couldn't find message for key config.diagnostics.need-check-nil.
[2022-07-22 08:22:01.412] [renderer5] [warning] [/home/max/.vscode/extensions/sumneko.lua-3.4.2-linux-x64]: Couldn't find message for key config.diagnostics.no-unknown.
[2022-07-22 08:22:01.412] [renderer5] [warning] [/home/max/.vscode/extensions/sumneko.lua-3.4.2-linux-x64]: Couldn't find message for key config.diagnostics.not-yieldable.
[2022-07-22 08:22:01.412] [renderer5] [warning] [/home/max/.vscode/extensions/sumneko.lua-3.4.2-linux-x64]: Couldn't find message for key config.diagnostics.param-type-mismatch.
[2022-07-22 08:22:01.413] [renderer5] [warning] [/home/max/.vscode/extensions/sumneko.lua-3.4.2-linux-x64]: Couldn't find message for key config.diagnostics.redundant-return.
[2022-07-22 08:22:01.413] [renderer5] [warning] [/home/max/.vscode/extensions/sumneko.lua-3.4.2-linux-x64]: Couldn't find message for key config.diagnostics.redundant-return-value.
[2022-07-22 08:22:01.413] [renderer5] [warning] [/home/max/.vscode/extensions/sumneko.lua-3.4.2-linux-x64]: Couldn't find message for key config.diagnostics.return-type-mismatch.
[2022-07-22 08:22:01.413] [renderer5] [warning] [/home/max/.vscode/extensions/sumneko.lua-3.4.2-linux-x64]: Couldn't find message for key config.diagnostics.spell-check.
[2022-07-22 08:22:01.414] [renderer5] [warning] [/home/max/.vscode/extensions/sumneko.lua-3.4.2-linux-x64]: Couldn't find message for key config.diagnostics.unbalanced-assignments.
[2022-07-22 08:22:01.414] [renderer5] [warning] [/home/max/.vscode/extensions/sumneko.lua-3.4.2-linux-x64]: Couldn't find message for key config.diagnostics.undefined-doc-class.
[2022-07-22 08:22:01.414] [renderer5] [warning] [/home/max/.vscode/extensions/sumneko.lua-3.4.2-linux-x64]: Couldn't find message for key config.diagnostics.undefined-doc-name.
[2022-07-22 08:22:01.414] [renderer5] [warning] [/home/max/.vscode/extensions/sumneko.lua-3.4.2-linux-x64]: Couldn't find message for key config.diagnostics.undefined-doc-param.
[2022-07-22 08:22:01.414] [renderer5] [warning] [/home/max/.vscode/extensions/sumneko.lua-3.4.2-linux-x64]: Couldn't find message for key config.diagnostics.undefined-field.
[2022-07-22 08:22:01.415] [renderer5] [warning] [/home/max/.vscode/extensions/sumneko.lua-3.4.2-linux-x64]: Couldn't find message for key config.diagnostics.unknown-cast-variable.
[2022-07-22 08:22:01.415] [renderer5] [warning] [/home/max/.vscode/extensions/sumneko.lua-3.4.2-linux-x64]: Couldn't find message for key config.diagnostics.unknown-diag-code.
[2022-07-22 08:22:01.415] [renderer5] [warning] [/home/max/.vscode/extensions/sumneko.lua-3.4.2-linux-x64]: Couldn't find message for key config.runtime.builtin.basic.
[2022-07-22 08:22:01.415] [renderer5] [warning] [/home/max/.vscode/extensions/sumneko.lua-3.4.2-linux-x64]: Couldn't find message for key config.runtime.builtin.bit.
[2022-07-22 08:22:01.415] [renderer5] [warning] [/home/max/.vscode/extensions/sumneko.lua-3.4.2-linux-x64]: Couldn't find message for key config.runtime.builtin.bit32.
[2022-07-22 08:22:01.416] [renderer5] [warning] [/home/max/.vscode/extensions/sumneko.lua-3.4.2-linux-x64]: Couldn't find message for key config.runtime.builtin.builtin.
[2022-07-22 08:22:01.416] [renderer5] [warning] [/home/max/.vscode/extensions/sumneko.lua-3.4.2-linux-x64]: Couldn't find message for key config.runtime.builtin.coroutine.
[2022-07-22 08:22:01.416] [renderer5] [warning] [/home/max/.vscode/extensions/sumneko.lua-3.4.2-linux-x64]: Couldn't find message for key config.runtime.builtin.debug.
[2022-07-22 08:22:01.416] [renderer5] [warning] [/home/max/.vscode/extensions/sumneko.lua-3.4.2-linux-x64]: Couldn't find message for key config.runtime.builtin.ffi.
[2022-07-22 08:22:01.416] [renderer5] [warning] [/home/max/.vscode/extensions/sumneko.lua-3.4.2-linux-x64]: Couldn't find message for key config.runtime.builtin.io.
[2022-07-22 08:22:01.417] [renderer5] [warning] [/home/max/.vscode/extensions/sumneko.lua-3.4.2-linux-x64]: Couldn't find message for key config.runtime.builtin.jit.
[2022-07-22 08:22:01.417] [renderer5] [warning] [/home/max/.vscode/extensions/sumneko.lua-3.4.2-linux-x64]: Couldn't find message for key config.runtime.builtin.math.
[2022-07-22 08:22:01.417] [renderer5] [warning] [/home/max/.vscode/extensions/sumneko.lua-3.4.2-linux-x64]: Couldn't find message for key config.runtime.builtin.os.
[2022-07-22 08:22:01.417] [renderer5] [warning] [/home/max/.vscode/extensions/sumneko.lua-3.4.2-linux-x64]: Couldn't find message for key config.runtime.builtin.package.
[2022-07-22 08:22:01.417] [renderer5] [warning] [/home/max/.vscode/extensions/sumneko.lua-3.4.2-linux-x64]: Couldn't find message for key config.runtime.builtin.string.
[2022-07-22 08:22:01.417] [renderer5] [warning] [/home/max/.vscode/extensions/sumneko.lua-3.4.2-linux-x64]: Couldn't find message for key config.runtime.builtin.table.
[2022-07-22 08:22:01.417] [renderer5] [warning] [/home/max/.vscode/extensions/sumneko.lua-3.4.2-linux-x64]: Couldn't find message for key config.runtime.builtin.utf8.
[2022-07-22 08:22:01.418] [renderer5] [warning] [/home/max/.vscode/extensions/sumneko.lua-3.4.2-linux-x64]: Couldn't find message for key config.runtime.fileEncoding.utf8.
[2022-07-22 08:22:01.418] [renderer5] [warning] [/home/max/.vscode/extensions/sumneko.lua-3.4.2-linux-x64]: Couldn't find message for key config.runtime.fileEncoding.ansi.
[2022-07-22 08:22:01.418] [renderer5] [warning] [/home/max/.vscode/extensions/sumneko.lua-3.4.2-linux-x64]: Couldn't find message for key config.runtime.fileEncoding.utf16le.
[2022-07-22 08:22:01.418] [renderer5] [warning] [/home/max/.vscode/extensions/sumneko.lua-3.4.2-linux-x64]: Couldn't find message for key config.runtime.fileEncoding.utf16be.
[2022-07-22 08:22:01.418] [renderer5] [warning] [/home/max/.vscode/extensions/sumneko.lua-3.4.2-linux-x64]: Couldn't find message for key config.runtime.version.Lua 5.1.
[2022-07-22 08:22:01.418] [renderer5] [warning] [/home/max/.vscode/extensions/sumneko.lua-3.4.2-linux-x64]: Couldn't find message for key config.runtime.version.Lua 5.2.
[2022-07-22 08:22:01.419] [renderer5] [warning] [/home/max/.vscode/extensions/sumneko.lua-3.4.2-linux-x64]: Couldn't find message for key config.runtime.version.Lua 5.3.
[2022-07-22 08:22:01.419] [renderer5] [warning] [/home/max/.vscode/extensions/sumneko.lua-3.4.2-linux-x64]: Couldn't find message for key config.runtime.version.Lua 5.4.
[2022-07-22 08:22:01.419] [renderer5] [warning] [/home/max/.vscode/extensions/sumneko.lua-3.4.2-linux-x64]: Couldn't find message for key config.runtime.version.LuaJIT.
[2022-07-22 08:22:01.419] [renderer5] [warning] [/home/max/.vscode/extensions/sumneko.lua-3.5.0-linux-x64]: Couldn't find message for key config.diagnostics.assign-type-mismatch.
[2022-07-22 08:22:01.419] [renderer5] [warning] [/home/max/.vscode/extensions/sumneko.lua-3.5.0-linux-x64]: Couldn't find message for key config.diagnostics.await-in-sync.
[2022-07-22 08:22:01.419] [renderer5] [warning] [/home/max/.vscode/extensions/sumneko.lua-3.5.0-linux-x64]: Couldn't find message for key config.diagnostics.cast-local-type.
[2022-07-22 08:22:01.419] [renderer5] [warning] [/home/max/.vscode/extensions/sumneko.lua-3.5.0-linux-x64]: Couldn't find message for key config.diagnostics.cast-type-mismatch.
[2022-07-22 08:22:01.420] [renderer5] [warning] [/home/max/.vscode/extensions/sumneko.lua-3.5.0-linux-x64]: Couldn't find message for key config.diagnostics.circle-doc-class.
[2022-07-22 08:22:01.420] [renderer5] [warning] [/home/max/.vscode/extensions/sumneko.lua-3.5.0-linux-x64]: Couldn't find message for key config.diagnostics.close-non-object.
[2022-07-22 08:22:01.420] [renderer5] [warning] [/home/max/.vscode/extensions/sumneko.lua-3.5.0-linux-x64]: Couldn't find message for key config.diagnostics.code-after-break.
[2022-07-22 08:22:01.420] [renderer5] [warning] [/home/max/.vscode/extensions/sumneko.lua-3.5.0-linux-x64]: Couldn't find message for key config.diagnostics.codestyle-check.
[2022-07-22 08:22:01.420] [renderer5] [warning] [/home/max/.vscode/extensions/sumneko.lua-3.5.0-linux-x64]: Couldn't find message for key config.diagnostics.count-down-loop.
[2022-07-22 08:22:01.420] [renderer5] [warning] [/home/max/.vscode/extensions/sumneko.lua-3.5.0-linux-x64]: Couldn't find message for key config.diagnostics.deprecated.
[2022-07-22 08:22:01.421] [renderer5] [warning] [/home/max/.vscode/extensions/sumneko.lua-3.5.0-linux-x64]: Couldn't find message for key config.diagnostics.different-requires.
[2022-07-22 08:22:01.421] [renderer5] [warning] [/home/max/.vscode/extensions/sumneko.lua-3.5.0-linux-x64]: Couldn't find message for key config.diagnostics.discard-returns.
[2022-07-22 08:22:01.421] [renderer5] [warning] [/home/max/.vscode/extensions/sumneko.lua-3.5.0-linux-x64]: Couldn't find message for key config.diagnostics.doc-field-no-class.
[2022-07-22 08:22:01.421] [renderer5] [warning] [/home/max/.vscode/extensions/sumneko.lua-3.5.0-linux-x64]: Couldn't find message for key config.diagnostics.duplicate-doc-alias.
[2022-07-22 08:22:01.421] [renderer5] [warning] [/home/max/.vscode/extensions/sumneko.lua-3.5.0-linux-x64]: Couldn't find message for key config.diagnostics.duplicate-doc-field.
[2022-07-22 08:22:01.421] [renderer5] [warning] [/home/max/.vscode/extensions/sumneko.lua-3.5.0-linux-x64]: Couldn't find message for key config.diagnostics.duplicate-doc-param.
[2022-07-22 08:22:01.421] [renderer5] [warning] [/home/max/.vscode/extensions/sumneko.lua-3.5.0-linux-x64]: Couldn't find message for key config.diagnostics.duplicate-set-field.
[2022-07-22 08:22:01.422] [renderer5] [warning] [/home/max/.vscode/extensions/sumneko.lua-3.5.0-linux-x64]: Couldn't find message for key config.diagnostics.missing-parameter.
[2022-07-22 08:22:01.422] [renderer5] [warning] [/home/max/.vscode/extensions/sumneko.lua-3.5.0-linux-x64]: Couldn't find message for key config.diagnostics.missing-return.
[2022-07-22 08:22:01.422] [renderer5] [warning] [/home/max/.vscode/extensions/sumneko.lua-3.5.0-linux-x64]: Couldn't find message for key config.diagnostics.missing-return-value.
[2022-07-22 08:22:01.422] [renderer5] [warning] [/home/max/.vscode/extensions/sumneko.lua-3.5.0-linux-x64]: Couldn't find message for key config.diagnostics.need-check-nil.
[2022-07-22 08:22:01.422] [renderer5] [warning] [/home/max/.vscode/extensions/sumneko.lua-3.5.0-linux-x64]: Couldn't find message for key config.diagnostics.no-unknown.
[2022-07-22 08:22:01.422] [renderer5] [warning] [/home/max/.vscode/extensions/sumneko.lua-3.5.0-linux-x64]: Couldn't find message for key config.diagnostics.not-yieldable.
[2022-07-22 08:22:01.423] [renderer5] [warning] [/home/max/.vscode/extensions/sumneko.lua-3.5.0-linux-x64]: Couldn't find message for key config.diagnostics.param-type-mismatch.
[2022-07-22 08:22:01.423] [renderer5] [warning] [/home/max/.vscode/extensions/sumneko.lua-3.5.0-linux-x64]: Couldn't find message for key config.diagnostics.redundant-return.
[2022-07-22 08:22:01.423] [renderer5] [warning] [/home/max/.vscode/extensions/sumneko.lua-3.5.0-linux-x64]: Couldn't find message for key config.diagnostics.redundant-return-value.
[2022-07-22 08:22:01.423] [renderer5] [warning] [/home/max/.vscode/extensions/sumneko.lua-3.5.0-linux-x64]: Couldn't find message for key config.diagnostics.return-type-mismatch.
[2022-07-22 08:22:01.423] [renderer5] [warning] [/home/max/.vscode/extensions/sumneko.lua-3.5.0-linux-x64]: Couldn't find message for key config.diagnostics.spell-check.
[2022-07-22 08:22:01.423] [renderer5] [warning] [/home/max/.vscode/extensions/sumneko.lua-3.5.0-linux-x64]: Couldn't find message for key config.diagnostics.unbalanced-assignments.
[2022-07-22 08:22:01.423] [renderer5] [warning] [/home/max/.vscode/extensions/sumneko.lua-3.5.0-linux-x64]: Couldn't find message for key config.diagnostics.undefined-doc-class.
[2022-07-22 08:22:01.424] [renderer5] [warning] [/home/max/.vscode/extensions/sumneko.lua-3.5.0-linux-x64]: Couldn't find message for key config.diagnostics.undefined-doc-name.
[2022-07-22 08:22:01.424] [renderer5] [warning] [/home/max/.vscode/extensions/sumneko.lua-3.5.0-linux-x64]: Couldn't find message for key config.diagnostics.undefined-doc-param.
[2022-07-22 08:22:01.424] [renderer5] [warning] [/home/max/.vscode/extensions/sumneko.lua-3.5.0-linux-x64]: Couldn't find message for key config.diagnostics.undefined-field.
[2022-07-22 08:22:01.424] [renderer5] [warning] [/home/max/.vscode/extensions/sumneko.lua-3.5.0-linux-x64]: Couldn't find message for key config.diagnostics.unknown-cast-variable.
[2022-07-22 08:22:01.424] [renderer5] [warning] [/home/max/.vscode/extensions/sumneko.lua-3.5.0-linux-x64]: Couldn't find message for key config.diagnostics.unknown-diag-code.
[2022-07-22 08:22:01.424] [renderer5] [warning] [/home/max/.vscode/extensions/sumneko.lua-3.5.0-linux-x64]: Couldn't find message for key config.diagnostics.unknown-operator.
[2022-07-22 08:22:01.424] [renderer5] [warning] [/home/max/.vscode/extensions/sumneko.lua-3.5.0-linux-x64]: Couldn't find message for key config.diagnostics.unreachable-code.
[2022-07-22 08:22:01.425] [renderer5] [warning] [/home/max/.vscode/extensions/sumneko.lua-3.5.0-linux-x64]: Couldn't find message for key config.diagnostics.assign-type-mismatch.
[2022-07-22 08:22:01.425] [renderer5] [warning] [/home/max/.vscode/extensions/sumneko.lua-3.5.0-linux-x64]: Couldn't find message for key config.diagnostics.await-in-sync.
[2022-07-22 08:22:01.425] [renderer5] [warning] [/home/max/.vscode/extensions/sumneko.lua-3.5.0-linux-x64]: Couldn't find message for key config.diagnostics.cast-local-type.
[2022-07-22 08:22:01.425] [renderer5] [warning] [/home/max/.vscode/extensions/sumneko.lua-3.5.0-linux-x64]: Couldn't find message for key config.diagnostics.cast-type-mismatch.
[2022-07-22 08:22:01.425] [renderer5] [warning] [/home/max/.vscode/extensions/sumneko.lua-3.5.0-linux-x64]: Couldn't find message for key config.diagnostics.circle-doc-class.
[2022-07-22 08:22:01.425] [renderer5] [warning] [/home/max/.vscode/extensions/sumneko.lua-3.5.0-linux-x64]: Couldn't find message for key config.diagnostics.close-non-object.
[2022-07-22 08:22:01.426] [renderer5] [warning] [/home/max/.vscode/extensions/sumneko.lua-3.5.0-linux-x64]: Couldn't find message for key config.diagnostics.code-after-break.
[2022-07-22 08:22:01.426] [renderer5] [warning] [/home/max/.vscode/extensions/sumneko.lua-3.5.0-linux-x64]: Couldn't find message for key config.diagnostics.codestyle-check.
[2022-07-22 08:22:01.426] [renderer5] [warning] [/home/max/.vscode/extensions/sumneko.lua-3.5.0-linux-x64]: Couldn't find message for key config.diagnostics.count-down-loop.
[2022-07-22 08:22:01.426] [renderer5] [warning] [/home/max/.vscode/extensions/sumneko.lua-3.5.0-linux-x64]: Couldn't find message for key config.diagnostics.deprecated.
[2022-07-22 08:22:01.426] [renderer5] [warning] [/home/max/.vscode/extensions/sumneko.lua-3.5.0-linux-x64]: Couldn't find message for key config.diagnostics.different-requires.
[2022-07-22 08:22:01.426] [renderer5] [warning] [/home/max/.vscode/extensions/sumneko.lua-3.5.0-linux-x64]: Couldn't find message for key config.diagnostics.discard-returns.
[2022-07-22 08:22:01.427] [renderer5] [warning] [/home/max/.vscode/extensions/sumneko.lua-3.5.0-linux-x64]: Couldn't find message for key config.diagnostics.doc-field-no-class.
[2022-07-22 08:22:01.427] [renderer5] [warning] [/home/max/.vscode/extensions/sumneko.lua-3.5.0-linux-x64]: Couldn't find message for key config.diagnostics.duplicate-doc-alias.
[2022-07-22 08:22:01.427] [renderer5] [warning] [/home/max/.vscode/extensions/sumneko.lua-3.5.0-linux-x64]: Couldn't find message for key config.diagnostics.duplicate-doc-field.
[2022-07-22 08:22:01.427] [renderer5] [warning] [/home/max/.vscode/extensions/sumneko.lua-3.5.0-linux-x64]: Couldn't find message for key config.diagnostics.duplicate-doc-param.
[2022-07-22 08:22:01.427] [renderer5] [warning] [/home/max/.vscode/extensions/sumneko.lua-3.5.0-linux-x64]: Couldn't find message for key config.diagnostics.duplicate-set-field.
[2022-07-22 08:22:01.427] [renderer5] [warning] [/home/max/.vscode/extensions/sumneko.lua-3.5.0-linux-x64]: Couldn't find message for key config.diagnostics.missing-parameter.
[2022-07-22 08:22:01.427] [renderer5] [warning] [/home/max/.vscode/extensions/sumneko.lua-3.5.0-linux-x64]: Couldn't find message for key config.diagnostics.missing-return.
[2022-07-22 08:22:01.428] [renderer5] [warning] [/home/max/.vscode/extensions/sumneko.lua-3.5.0-linux-x64]: Couldn't find message for key config.diagnostics.missing-return-value.
[2022-07-22 08:22:01.428] [renderer5] [warning] [/home/max/.vscode/extensions/sumneko.lua-3.5.0-linux-x64]: Couldn't find message for key config.diagnostics.need-check-nil.
[2022-07-22 08:22:01.428] [renderer5] [warning] [/home/max/.vscode/extensions/sumneko.lua-3.5.0-linux-x64]: Couldn't find message for key config.diagnostics.no-unknown.
[2022-07-22 08:22:01.428] [renderer5] [warning] [/home/max/.vscode/extensions/sumneko.lua-3.5.0-linux-x64]: Couldn't find message for key config.diagnostics.not-yieldable.
[2022-07-22 08:22:01.428] [renderer5] [warning] [/home/max/.vscode/extensions/sumneko.lua-3.5.0-linux-x64]: Couldn't find message for key config.diagnostics.param-type-mismatch.
[2022-07-22 08:22:01.429] [renderer5] [warning] [/home/max/.vscode/extensions/sumneko.lua-3.5.0-linux-x64]: Couldn't find message for key config.diagnostics.redundant-return.
[2022-07-22 08:22:01.429] [renderer5] [warning] [/home/max/.vscode/extensions/sumneko.lua-3.5.0-linux-x64]: Couldn't find message for key config.diagnostics.redundant-return-value.
[2022-07-22 08:22:01.429] [renderer5] [warning] [/home/max/.vscode/extensions/sumneko.lua-3.5.0-linux-x64]: Couldn't find message for key config.diagnostics.return-type-mismatch.
[2022-07-22 08:22:01.429] [renderer5] [warning] [/home/max/.vscode/extensions/sumneko.lua-3.5.0-linux-x64]: Couldn't find message for key config.diagnostics.spell-check.
[2022-07-22 08:22:01.429] [renderer5] [warning] [/home/max/.vscode/extensions/sumneko.lua-3.5.0-linux-x64]: Couldn't find message for key config.diagnostics.unbalanced-assignments.
[2022-07-22 08:22:01.429] [renderer5] [warning] [/home/max/.vscode/extensions/sumneko.lua-3.5.0-linux-x64]: Couldn't find message for key config.diagnostics.undefined-doc-class.
[2022-07-22 08:22:01.430] [renderer5] [warning] [/home/max/.vscode/extensions/sumneko.lua-3.5.0-linux-x64]: Couldn't find message for key config.diagnostics.undefined-doc-name.
[2022-07-22 08:22:01.430] [renderer5] [warning] [/home/max/.vscode/extensions/sumneko.lua-3.5.0-linux-x64]: Couldn't find message for key config.diagnostics.undefined-doc-param.
[2022-07-22 08:22:01.430] [renderer5] [warning] [/home/max/.vscode/extensions/sumneko.lua-3.5.0-linux-x64]: Couldn't find message for key config.diagnostics.undefined-field.
[2022-07-22 08:22:01.430] [renderer5] [warning] [/home/max/.vscode/extensions/sumneko.lua-3.5.0-linux-x64]: Couldn't find message for key config.diagnostics.unknown-cast-variable.
[2022-07-22 08:22:01.430] [renderer5] [warning] [/home/max/.vscode/extensions/sumneko.lua-3.5.0-linux-x64]: Couldn't find message for key config.diagnostics.unknown-diag-code.
[2022-07-22 08:22:01.430] [renderer5] [warning] [/home/max/.vscode/extensions/sumneko.lua-3.5.0-linux-x64]: Couldn't find message for key config.diagnostics.unknown-operator.
[2022-07-22 08:22:01.430] [renderer5] [warning] [/home/max/.vscode/extensions/sumneko.lua-3.5.0-linux-x64]: Couldn't find message for key config.diagnostics.unreachable-code.
[2022-07-22 08:22:01.431] [renderer5] [warning] [/home/max/.vscode/extensions/sumneko.lua-3.5.0-linux-x64]: Couldn't find message for key config.runtime.builtin.basic.
[2022-07-22 08:22:01.431] [renderer5] [warning] [/home/max/.vscode/extensions/sumneko.lua-3.5.0-linux-x64]: Couldn't find message for key config.runtime.builtin.bit.
[2022-07-22 08:22:01.431] [renderer5] [warning] [/home/max/.vscode/extensions/sumneko.lua-3.5.0-linux-x64]: Couldn't find message for key config.runtime.builtin.bit32.
[2022-07-22 08:22:01.431] [renderer5] [warning] [/home/max/.vscode/extensions/sumneko.lua-3.5.0-linux-x64]: Couldn't find message for key config.runtime.builtin.builtin.
[2022-07-22 08:22:01.431] [renderer5] [warning] [/home/max/.vscode/extensions/sumneko.lua-3.5.0-linux-x64]: Couldn't find message for key config.runtime.builtin.coroutine.
[2022-07-22 08:22:01.431] [renderer5] [warning] [/home/max/.vscode/extensions/sumneko.lua-3.5.0-linux-x64]: Couldn't find message for key config.runtime.builtin.debug.
[2022-07-22 08:22:01.431] [renderer5] [warning] [/home/max/.vscode/extensions/sumneko.lua-3.5.0-linux-x64]: Couldn't find message for key config.runtime.builtin.ffi.
[2022-07-22 08:22:01.431] [renderer5] [warning] [/home/max/.vscode/extensions/sumneko.lua-3.5.0-linux-x64]: Couldn't find message for key config.runtime.builtin.io.
[2022-07-22 08:22:01.432] [renderer5] [warning] [/home/max/.vscode/extensions/sumneko.lua-3.5.0-linux-x64]: Couldn't find message for key config.runtime.builtin.jit.
[2022-07-22 08:22:01.432] [renderer5] [warning] [/home/max/.vscode/extensions/sumneko.lua-3.5.0-linux-x64]: Couldn't find message for key config.runtime.builtin.math.
[2022-07-22 08:22:01.432] [renderer5] [warning] [/home/max/.vscode/extensions/sumneko.lua-3.5.0-linux-x64]: Couldn't find message for key config.runtime.builtin.os.
[2022-07-22 08:22:01.432] [renderer5] [warning] [/home/max/.vscode/extensions/sumneko.lua-3.5.0-linux-x64]: Couldn't find message for key config.runtime.builtin.package.
[2022-07-22 08:22:01.432] [renderer5] [warning] [/home/max/.vscode/extensions/sumneko.lua-3.5.0-linux-x64]: Couldn't find message for key config.runtime.builtin.string.
[2022-07-22 08:22:01.432] [renderer5] [warning] [/home/max/.vscode/extensions/sumneko.lua-3.5.0-linux-x64]: Couldn't find message for key config.runtime.builtin.table.
[2022-07-22 08:22:01.432] [renderer5] [warning] [/home/max/.vscode/extensions/sumneko.lua-3.5.0-linux-x64]: Couldn't find message for key config.runtime.builtin.table.clear.
[2022-07-22 08:22:01.433] [renderer5] [warning] [/home/max/.vscode/extensions/sumneko.lua-3.5.0-linux-x64]: Couldn't find message for key config.runtime.builtin.table.new.
[2022-07-22 08:22:01.433] [renderer5] [warning] [/home/max/.vscode/extensions/sumneko.lua-3.5.0-linux-x64]: Couldn't find message for key config.runtime.builtin.utf8.
[2022-07-22 08:22:01.433] [renderer5] [warning] [/home/max/.vscode/extensions/sumneko.lua-3.5.0-linux-x64]: Couldn't find message for key config.runtime.fileEncoding.utf8.
[2022-07-22 08:22:01.433] [renderer5] [warning] [/home/max/.vscode/extensions/sumneko.lua-3.5.0-linux-x64]: Couldn't find message for key config.runtime.fileEncoding.ansi.
[2022-07-22 08:22:01.433] [renderer5] [warning] [/home/max/.vscode/extensions/sumneko.lua-3.5.0-linux-x64]: Couldn't find message for key config.runtime.fileEncoding.utf16le.
[2022-07-22 08:22:01.433] [renderer5] [warning] [/home/max/.vscode/extensions/sumneko.lua-3.5.0-linux-x64]: Couldn't find message for key config.runtime.fileEncoding.utf16be.
[2022-07-22 08:22:01.434] [renderer5] [warning] [/home/max/.vscode/extensions/sumneko.lua-3.5.0-linux-x64]: Couldn't find message for key config.runtime.version.Lua 5.1.
[2022-07-22 08:22:01.434] [renderer5] [warning] [/home/max/.vscode/extensions/sumneko.lua-3.5.0-linux-x64]: Couldn't find message for key config.runtime.version.Lua 5.2.
[2022-07-22 08:22:01.434] [renderer5] [warning] [/home/max/.vscode/extensions/sumneko.lua-3.5.0-linux-x64]: Couldn't find message for key config.runtime.version.Lua 5.3.
[2022-07-22 08:22:01.434] [renderer5] [warning] [/home/max/.vscode/extensions/sumneko.lua-3.5.0-linux-x64]: Couldn't find message for key config.runtime.version.Lua 5.4.
[2022-07-22 08:22:01.434] [renderer5] [warning] [/home/max/.vscode/extensions/sumneko.lua-3.5.0-linux-x64]: Couldn't find message for key config.runtime.version.LuaJIT.
[2022-07-22 08:22:28.790] [renderer5] [warning] [/home/max/.vscode/extensions/sumneko.lua-3.4.2-linux-x64]: Couldn't find message for key config.diagnostics.assign-type-mismatch.
[2022-07-22 08:22:28.790] [renderer5] [warning] [/home/max/.vscode/extensions/sumneko.lua-3.4.2-linux-x64]: Couldn't find message for key config.diagnostics.await-in-sync.
[2022-07-22 08:22:28.790] [renderer5] [warning] [/home/max/.vscode/extensions/sumneko.lua-3.4.2-linux-x64]: Couldn't find message for key config.diagnostics.cast-local-type.
[2022-07-22 08:22:28.790] [renderer5] [warning] [/home/max/.vscode/extensions/sumneko.lua-3.4.2-linux-x64]: Couldn't find message for key config.diagnostics.cast-type-mismatch.
[2022-07-22 08:22:28.790] [renderer5] [warning] [/home/max/.vscode/extensions/sumneko.lua-3.4.2-linux-x64]: Couldn't find message for key config.diagnostics.circle-doc-class.
[2022-07-22 08:22:28.791] [renderer5] [warning] [/home/max/.vscode/extensions/sumneko.lua-3.4.2-linux-x64]: Couldn't find message for key config.diagnostics.close-non-object.
[2022-07-22 08:22:28.791] [renderer5] [warning] [/home/max/.vscode/extensions/sumneko.lua-3.4.2-linux-x64]: Couldn't find message for key config.diagnostics.code-after-break.
[2022-07-22 08:22:28.791] [renderer5] [warning] [/home/max/.vscode/extensions/sumneko.lua-3.4.2-linux-x64]: Couldn't find message for key config.diagnostics.codestyle-check.
[2022-07-22 08:22:28.791] [renderer5] [warning] [/home/max/.vscode/extensions/sumneko.lua-3.4.2-linux-x64]: Couldn't find message for key config.diagnostics.count-down-loop.
[2022-07-22 08:22:28.791] [renderer5] [warning] [/home/max/.vscode/extensions/sumneko.lua-3.4.2-linux-x64]: Couldn't find message for key config.diagnostics.deprecated.
[2022-07-22 08:22:28.792] [renderer5] [warning] [/home/max/.vscode/extensions/sumneko.lua-3.4.2-linux-x64]: Couldn't find message for key config.diagnostics.different-requires.
[2022-07-22 08:22:28.792] [renderer5] [warning] [/home/max/.vscode/extensions/sumneko.lua-3.4.2-linux-x64]: Couldn't find message for key config.diagnostics.discard-returns.
[2022-07-22 08:22:28.792] [renderer5] [warning] [/home/max/.vscode/extensions/sumneko.lua-3.4.2-linux-x64]: Couldn't find message for key config.diagnostics.doc-field-no-class.
[2022-07-22 08:22:28.792] [renderer5] [warning] [/home/max/.vscode/extensions/sumneko.lua-3.4.2-linux-x64]: Couldn't find message for key config.diagnostics.duplicate-doc-alias.
[2022-07-22 08:22:28.792] [renderer5] [warning] [/home/max/.vscode/extensions/sumneko.lua-3.4.2-linux-x64]: Couldn't find message for key config.diagnostics.duplicate-doc-field.
[2022-07-22 08:22:28.793] [renderer5] [warning] [/home/max/.vscode/extensions/sumneko.lua-3.4.2-linux-x64]: Couldn't find message for key config.diagnostics.duplicate-doc-param.
[2022-07-22 08:22:28.793] [renderer5] [warning] [/home/max/.vscode/extensions/sumneko.lua-3.4.2-linux-x64]: Couldn't find message for key config.diagnostics.duplicate-set-field.
[2022-07-22 08:22:28.793] [renderer5] [warning] [/home/max/.vscode/extensions/sumneko.lua-3.4.2-linux-x64]: Couldn't find message for key config.diagnostics.missing-parameter.
[2022-07-22 08:22:28.793] [renderer5] [warning] [/home/max/.vscode/extensions/sumneko.lua-3.4.2-linux-x64]: Couldn't find message for key config.diagnostics.missing-return.
[2022-07-22 08:22:28.793] [renderer5] [warning] [/home/max/.vscode/extensions/sumneko.lua-3.4.2-linux-x64]: Couldn't find message for key config.diagnostics.missing-return-value.
[2022-07-22 08:22:28.794] [renderer5] [warning] [/home/max/.vscode/extensions/sumneko.lua-3.4.2-linux-x64]: Couldn't find message for key config.diagnostics.need-check-nil.
[2022-07-22 08:22:28.794] [renderer5] [warning] [/home/max/.vscode/extensions/sumneko.lua-3.4.2-linux-x64]: Couldn't find message for key config.diagnostics.no-unknown.
[2022-07-22 08:22:28.794] [renderer5] [warning] [/home/max/.vscode/extensions/sumneko.lua-3.4.2-linux-x64]: Couldn't find message for key config.diagnostics.not-yieldable.
[2022-07-22 08:22:28.794] [renderer5] [warning] [/home/max/.vscode/extensions/sumneko.lua-3.4.2-linux-x64]: Couldn't find message for key config.diagnostics.param-type-mismatch.
[2022-07-22 08:22:28.794] [renderer5] [warning] [/home/max/.vscode/extensions/sumneko.lua-3.4.2-linux-x64]: Couldn't find message for key config.diagnostics.redundant-return.
[2022-07-22 08:22:28.794] [renderer5] [warning] [/home/max/.vscode/extensions/sumneko.lua-3.4.2-linux-x64]: Couldn't find message for key config.diagnostics.redundant-return-value.
[2022-07-22 08:22:28.794] [renderer5] [warning] [/home/max/.vscode/extensions/sumneko.lua-3.4.2-linux-x64]: Couldn't find message for key config.diagnostics.return-type-mismatch.
[2022-07-22 08:22:28.795] [renderer5] [warning] [/home/max/.vscode/extensions/sumneko.lua-3.4.2-linux-x64]: Couldn't find message for key config.diagnostics.spell-check.
[2022-07-22 08:22:28.795] [renderer5] [warning] [/home/max/.vscode/extensions/sumneko.lua-3.4.2-linux-x64]: Couldn't find message for key config.diagnostics.unbalanced-assignments.
[2022-07-22 08:22:28.795] [renderer5] [warning] [/home/max/.vscode/extensions/sumneko.lua-3.4.2-linux-x64]: Couldn't find message for key config.diagnostics.undefined-doc-class.
[2022-07-22 08:22:28.795] [renderer5] [warning] [/home/max/.vscode/extensions/sumneko.lua-3.4.2-linux-x64]: Couldn't find message for key config.diagnostics.undefined-doc-name.
[2022-07-22 08:22:28.795] [renderer5] [warning] [/home/max/.vscode/extensions/sumneko.lua-3.4.2-linux-x64]: Couldn't find message for key config.diagnostics.undefined-doc-param.
[2022-07-22 08:22:28.795] [renderer5] [warning] [/home/max/.vscode/extensions/sumneko.lua-3.4.2-linux-x64]: Couldn't find message for key config.diagnostics.undefined-field.
[2022-07-22 08:22:28.796] [renderer5] [warning] [/home/max/.vscode/extensions/sumneko.lua-3.4.2-linux-x64]: Couldn't find message for key config.diagnostics.unknown-cast-variable.
[2022-07-22 08:22:28.796] [renderer5] [warning] [/home/max/.vscode/extensions/sumneko.lua-3.4.2-linux-x64]: Couldn't find message for key config.diagnostics.unknown-diag-code.
[2022-07-22 08:22:28.796] [renderer5] [warning] [/home/max/.vscode/extensions/sumneko.lua-3.4.2-linux-x64]: Couldn't find message for key config.diagnostics.assign-type-mismatch.
[2022-07-22 08:22:28.796] [renderer5] [warning] [/home/max/.vscode/extensions/sumneko.lua-3.4.2-linux-x64]: Couldn't find message for key config.diagnostics.await-in-sync.
[2022-07-22 08:22:28.796] [renderer5] [warning] [/home/max/.vscode/extensions/sumneko.lua-3.4.2-linux-x64]: Couldn't find message for key config.diagnostics.cast-local-type.
[2022-07-22 08:22:28.796] [renderer5] [warning] [/home/max/.vscode/extensions/sumneko.lua-3.4.2-linux-x64]: Couldn't find message for key config.diagnostics.cast-type-mismatch.
[2022-07-22 08:22:28.796] [renderer5] [warning] [/home/max/.vscode/extensions/sumneko.lua-3.4.2-linux-x64]: Couldn't find message for key config.diagnostics.circle-doc-class.
[2022-07-22 08:22:28.797] [renderer5] [warning] [/home/max/.vscode/extensions/sumneko.lua-3.4.2-linux-x64]: Couldn't find message for key config.diagnostics.close-non-object.
[2022-07-22 08:22:28.797] [renderer5] [warning] [/home/max/.vscode/extensions/sumneko.lua-3.4.2-linux-x64]: Couldn't find message for key config.diagnostics.code-after-break.
[2022-07-22 08:22:28.797] [renderer5] [warning] [/home/max/.vscode/extensions/sumneko.lua-3.4.2-linux-x64]: Couldn't find message for key config.diagnostics.codestyle-check.
[2022-07-22 08:22:28.797] [renderer5] [warning] [/home/max/.vscode/extensions/sumneko.lua-3.4.2-linux-x64]: Couldn't find message for key config.diagnostics.count-down-loop.
[2022-07-22 08:22:28.797] [renderer5] [warning] [/home/max/.vscode/extensions/sumneko.lua-3.4.2-linux-x64]: Couldn't find message for key config.diagnostics.deprecated.
[2022-07-22 08:22:28.797] [renderer5] [warning] [/home/max/.vscode/extensions/sumneko.lua-3.4.2-linux-x64]: Couldn't find message for key config.diagnostics.different-requires.
[2022-07-22 08:22:28.797] [renderer5] [warning] [/home/max/.vscode/extensions/sumneko.lua-3.4.2-linux-x64]: Couldn't find message for key config.diagnostics.discard-returns.
[2022-07-22 08:22:28.798] [renderer5] [warning] [/home/max/.vscode/extensions/sumneko.lua-3.4.2-linux-x64]: Couldn't find message for key config.diagnostics.doc-field-no-class.
[2022-07-22 08:22:28.798] [renderer5] [warning] [/home/max/.vscode/extensions/sumneko.lua-3.4.2-linux-x64]: Couldn't find message for key config.diagnostics.duplicate-doc-alias.
[2022-07-22 08:22:28.798] [renderer5] [warning] [/home/max/.vscode/extensions/sumneko.lua-3.4.2-linux-x64]: Couldn't find message for key config.diagnostics.duplicate-doc-field.
[2022-07-22 08:22:28.798] [renderer5] [warning] [/home/max/.vscode/extensions/sumneko.lua-3.4.2-linux-x64]: Couldn't find message for key config.diagnostics.duplicate-doc-param.
[2022-07-22 08:22:28.798] [renderer5] [warning] [/home/max/.vscode/extensions/sumneko.lua-3.4.2-linux-x64]: Couldn't find message for key config.diagnostics.duplicate-set-field.
[2022-07-22 08:22:28.799] [renderer5] [warning] [/home/max/.vscode/extensions/sumneko.lua-3.4.2-linux-x64]: Couldn't find message for key config.diagnostics.missing-parameter.
[2022-07-22 08:22:28.799] [renderer5] [warning] [/home/max/.vscode/extensions/sumneko.lua-3.4.2-linux-x64]: Couldn't find message for key config.diagnostics.missing-return.
[2022-07-22 08:22:28.799] [renderer5] [warning] [/home/max/.vscode/extensions/sumneko.lua-3.4.2-linux-x64]: Couldn't find message for key config.diagnostics.missing-return-value.
[2022-07-22 08:22:28.799] [renderer5] [warning] [/home/max/.vscode/extensions/sumneko.lua-3.4.2-linux-x64]: Couldn't find message for key config.diagnostics.need-check-nil.
[2022-07-22 08:22:28.799] [renderer5] [warning] [/home/max/.vscode/extensions/sumneko.lua-3.4.2-linux-x64]: Couldn't find message for key config.diagnostics.no-unknown.
[2022-07-22 08:22:28.799] [renderer5] [warning] [/home/max/.vscode/extensions/sumneko.lua-3.4.2-linux-x64]: Couldn't find message for key config.diagnostics.not-yieldable.
[2022-07-22 08:22:28.799] [renderer5] [warning] [/home/max/.vscode/extensions/sumneko.lua-3.4.2-linux-x64]: Couldn't find message for key config.diagnostics.param-type-mismatch.
[2022-07-22 08:22:28.800] [renderer5] [warning] [/home/max/.vscode/extensions/sumneko.lua-3.4.2-linux-x64]: Couldn't find message for key config.diagnostics.redundant-return.
[2022-07-22 08:22:28.800] [renderer5] [warning] [/home/max/.vscode/extensions/sumneko.lua-3.4.2-linux-x64]: Couldn't find message for key config.diagnostics.redundant-return-value.
[2022-07-22 08:22:28.800] [renderer5] [warning] [/home/max/.vscode/extensions/sumneko.lua-3.4.2-linux-x64]: Couldn't find message for key config.diagnostics.return-type-mismatch.
[2022-07-22 08:22:28.800] [renderer5] [warning] [/home/max/.vscode/extensions/sumneko.lua-3.4.2-linux-x64]: Couldn't find message for key config.diagnostics.spell-check.
[2022-07-22 08:22:28.800] [renderer5] [warning] [/home/max/.vscode/extensions/sumneko.lua-3.4.2-linux-x64]: Couldn't find message for key config.diagnostics.unbalanced-assignments.
[2022-07-22 08:22:28.800] [renderer5] [warning] [/home/max/.vscode/extensions/sumneko.lua-3.4.2-linux-x64]: Couldn't find message for key config.diagnostics.undefined-doc-class.
[2022-07-22 08:22:28.800] [renderer5] [warning] [/home/max/.vscode/extensions/sumneko.lua-3.4.2-linux-x64]: Couldn't find message for key config.diagnostics.undefined-doc-name.
[2022-07-22 08:22:28.801] [renderer5] [warning] [/home/max/.vscode/extensions/sumneko.lua-3.4.2-linux-x64]: Couldn't find message for key config.diagnostics.undefined-doc-param.
[2022-07-22 08:22:28.801] [renderer5] [warning] [/home/max/.vscode/extensions/sumneko.lua-3.4.2-linux-x64]: Couldn't find message for key config.diagnostics.undefined-field.
[2022-07-22 08:22:28.801] [renderer5] [warning] [/home/max/.vscode/extensions/sumneko.lua-3.4.2-linux-x64]: Couldn't find message for key config.diagnostics.unknown-cast-variable.
[2022-07-22 08:22:28.801] [renderer5] [warning] [/home/max/.vscode/extensions/sumneko.lua-3.4.2-linux-x64]: Couldn't find message for key config.diagnostics.unknown-diag-code.
[2022-07-22 08:22:28.801] [renderer5] [warning] [/home/max/.vscode/extensions/sumneko.lua-3.4.2-linux-x64]: Couldn't find message for key config.runtime.builtin.basic.
[2022-07-22 08:22:28.801] [renderer5] [warning] [/home/max/.vscode/extensions/sumneko.lua-3.4.2-linux-x64]: Couldn't find message for key config.runtime.builtin.bit.
[2022-07-22 08:22:28.801] [renderer5] [warning] [/home/max/.vscode/extensions/sumneko.lua-3.4.2-linux-x64]: Couldn't find message for key config.runtime.builtin.bit32.
[2022-07-22 08:22:28.801] [renderer5] [warning] [/home/max/.vscode/extensions/sumneko.lua-3.4.2-linux-x64]: Couldn't find message for key config.runtime.builtin.builtin.
[2022-07-22 08:22:28.802] [renderer5] [warning] [/home/max/.vscode/extensions/sumneko.lua-3.4.2-linux-x64]: Couldn't find message for key config.runtime.builtin.coroutine.
[2022-07-22 08:22:28.802] [renderer5] [warning] [/home/max/.vscode/extensions/sumneko.lua-3.4.2-linux-x64]: Couldn't find message for key config.runtime.builtin.debug.
[2022-07-22 08:22:28.802] [renderer5] [warning] [/home/max/.vscode/extensions/sumneko.lua-3.4.2-linux-x64]: Couldn't find message for key config.runtime.builtin.ffi.
[2022-07-22 08:22:28.802] [renderer5] [warning] [/home/max/.vscode/extensions/sumneko.lua-3.4.2-linux-x64]: Couldn't find message for key config.runtime.builtin.io.
[2022-07-22 08:22:28.802] [renderer5] [warning] [/home/max/.vscode/extensions/sumneko.lua-3.4.2-linux-x64]: Couldn't find message for key config.runtime.builtin.jit.
[2022-07-22 08:22:28.802] [renderer5] [warning] [/home/max/.vscode/extensions/sumneko.lua-3.4.2-linux-x64]: Couldn't find message for key config.runtime.builtin.math.
[2022-07-22 08:22:28.802] [renderer5] [warning] [/home/max/.vscode/extensions/sumneko.lua-3.4.2-linux-x64]: Couldn't find message for key config.runtime.builtin.os.
[2022-07-22 08:22:28.803] [renderer5] [warning] [/home/max/.vscode/extensions/sumneko.lua-3.4.2-linux-x64]: Couldn't find message for key config.runtime.builtin.package.
[2022-07-22 08:22:28.803] [renderer5] [warning] [/home/max/.vscode/extensions/sumneko.lua-3.4.2-linux-x64]: Couldn't find message for key config.runtime.builtin.string.
[2022-07-22 08:22:28.803] [renderer5] [warning] [/home/max/.vscode/extensions/sumneko.lua-3.4.2-linux-x64]: Couldn't find message for key config.runtime.builtin.table.
[2022-07-22 08:22:28.803] [renderer5] [warning] [/home/max/.vscode/extensions/sumneko.lua-3.4.2-linux-x64]: Couldn't find message for key config.runtime.builtin.utf8.
[2022-07-22 08:22:28.803] [renderer5] [warning] [/home/max/.vscode/extensions/sumneko.lua-3.4.2-linux-x64]: Couldn't find message for key config.runtime.fileEncoding.utf8.
[2022-07-22 08:22:28.803] [renderer5] [warning] [/home/max/.vscode/extensions/sumneko.lua-3.4.2-linux-x64]: Couldn't find message for key config.runtime.fileEncoding.ansi.
[2022-07-22 08:22:28.803] [renderer5] [warning] [/home/max/.vscode/extensions/sumneko.lua-3.4.2-linux-x64]: Couldn't find message for key config.runtime.fileEncoding.utf16le.
[2022-07-22 08:22:28.804] [renderer5] [warning] [/home/max/.vscode/extensions/sumneko.lua-3.4.2-linux-x64]: Couldn't find message for key config.runtime.fileEncoding.utf16be.
[2022-07-22 08:22:28.804] [renderer5] [warning] [/home/max/.vscode/extensions/sumneko.lua-3.4.2-linux-x64]: Couldn't find message for key config.runtime.version.Lua 5.1.
[2022-07-22 08:22:28.804] [renderer5] [warning] [/home/max/.vscode/extensions/sumneko.lua-3.4.2-linux-x64]: Couldn't find message for key config.runtime.version.Lua 5.2.
[2022-07-22 08:22:28.804] [renderer5] [warning] [/home/max/.vscode/extensions/sumneko.lua-3.4.2-linux-x64]: Couldn't find message for key config.runtime.version.Lua 5.3.
[2022-07-22 08:22:28.804] [renderer5] [warning] [/home/max/.vscode/extensions/sumneko.lua-3.4.2-linux-x64]: Couldn't find message for key config.runtime.version.Lua 5.4.
[2022-07-22 08:22:28.804] [renderer5] [warning] [/home/max/.vscode/extensions/sumneko.lua-3.4.2-linux-x64]: Couldn't find message for key config.runtime.version.LuaJIT.
[2022-07-22 08:22:28.805] [renderer5] [warning] [/home/max/.vscode/extensions/sumneko.lua-3.5.0-linux-x64]: Couldn't find message for key config.diagnostics.assign-type-mismatch.
[2022-07-22 08:22:28.805] [renderer5] [warning] [/home/max/.vscode/extensions/sumneko.lua-3.5.0-linux-x64]: Couldn't find message for key config.diagnostics.await-in-sync.
[2022-07-22 08:22:28.805] [renderer5] [warning] [/home/max/.vscode/extensions/sumneko.lua-3.5.0-linux-x64]: Couldn't find message for key config.diagnostics.cast-local-type.
[2022-07-22 08:22:28.805] [renderer5] [warning] [/home/max/.vscode/extensions/sumneko.lua-3.5.0-linux-x64]: Couldn't find message for key config.diagnostics.cast-type-mismatch.
[2022-07-22 08:22:28.805] [renderer5] [warning] [/home/max/.vscode/extensions/sumneko.lua-3.5.0-linux-x64]: Couldn't find message for key config.diagnostics.circle-doc-class.
[2022-07-22 08:22:28.805] [renderer5] [warning] [/home/max/.vscode/extensions/sumneko.lua-3.5.0-linux-x64]: Couldn't find message for key config.diagnostics.close-non-object.
[2022-07-22 08:22:28.805] [renderer5] [warning] [/home/max/.vscode/extensions/sumneko.lua-3.5.0-linux-x64]: Couldn't find message for key config.diagnostics.code-after-break.
[2022-07-22 08:22:28.806] [renderer5] [warning] [/home/max/.vscode/extensions/sumneko.lua-3.5.0-linux-x64]: Couldn't find message for key config.diagnostics.codestyle-check.
[2022-07-22 08:22:28.806] [renderer5] [warning] [/home/max/.vscode/extensions/sumneko.lua-3.5.0-linux-x64]: Couldn't find message for key config.diagnostics.count-down-loop.
[2022-07-22 08:22:28.806] [renderer5] [warning] [/home/max/.vscode/extensions/sumneko.lua-3.5.0-linux-x64]: Couldn't find message for key config.diagnostics.deprecated.
[2022-07-22 08:22:28.806] [renderer5] [warning] [/home/max/.vscode/extensions/sumneko.lua-3.5.0-linux-x64]: Couldn't find message for key config.diagnostics.different-requires.
[2022-07-22 08:22:28.806] [renderer5] [warning] [/home/max/.vscode/extensions/sumneko.lua-3.5.0-linux-x64]: Couldn't find message for key config.diagnostics.discard-returns.
[2022-07-22 08:22:28.806] [renderer5] [warning] [/home/max/.vscode/extensions/sumneko.lua-3.5.0-linux-x64]: Couldn't find message for key config.diagnostics.doc-field-no-class.
[2022-07-22 08:22:28.807] [renderer5] [warning] [/home/max/.vscode/extensions/sumneko.lua-3.5.0-linux-x64]: Couldn't find message for key config.diagnostics.duplicate-doc-alias.
[2022-07-22 08:22:28.807] [renderer5] [warning] [/home/max/.vscode/extensions/sumneko.lua-3.5.0-linux-x64]: Couldn't find message for key config.diagnostics.duplicate-doc-field.
[2022-07-22 08:22:28.807] [renderer5] [warning] [/home/max/.vscode/extensions/sumneko.lua-3.5.0-linux-x64]: Couldn't find message for key config.diagnostics.duplicate-doc-param.
[2022-07-22 08:22:28.807] [renderer5] [warning] [/home/max/.vscode/extensions/sumneko.lua-3.5.0-linux-x64]: Couldn't find message for key config.diagnostics.duplicate-set-field.
[2022-07-22 08:22:28.807] [renderer5] [warning] [/home/max/.vscode/extensions/sumneko.lua-3.5.0-linux-x64]: Couldn't find message for key config.diagnostics.missing-parameter.
[2022-07-22 08:22:28.807] [renderer5] [warning] [/home/max/.vscode/extensions/sumneko.lua-3.5.0-linux-x64]: Couldn't find message for key config.diagnostics.missing-return.
[2022-07-22 08:22:28.808] [renderer5] [warning] [/home/max/.vscode/extensions/sumneko.lua-3.5.0-linux-x64]: Couldn't find message for key config.diagnostics.missing-return-value.
[2022-07-22 08:22:28.808] [renderer5] [warning] [/home/max/.vscode/extensions/sumneko.lua-3.5.0-linux-x64]: Couldn't find message for key config.diagnostics.need-check-nil.
[2022-07-22 08:22:28.808] [renderer5] [warning] [/home/max/.vscode/extensions/sumneko.lua-3.5.0-linux-x64]: Couldn't find message for key config.diagnostics.no-unknown.
[2022-07-22 08:22:28.808] [renderer5] [warning] [/home/max/.vscode/extensions/sumneko.lua-3.5.0-linux-x64]: Couldn't find message for key config.diagnostics.not-yieldable.
[2022-07-22 08:22:28.808] [renderer5] [warning] [/home/max/.vscode/extensions/sumneko.lua-3.5.0-linux-x64]: Couldn't find message for key config.diagnostics.param-type-mismatch.
[2022-07-22 08:22:28.808] [renderer5] [warning] [/home/max/.vscode/extensions/sumneko.lua-3.5.0-linux-x64]: Couldn't find message for key config.diagnostics.redundant-return.
[2022-07-22 08:22:28.808] [renderer5] [warning] [/home/max/.vscode/extensions/sumneko.lua-3.5.0-linux-x64]: Couldn't find message for key config.diagnostics.redundant-return-value.
[2022-07-22 08:22:28.809] [renderer5] [warning] [/home/max/.vscode/extensions/sumneko.lua-3.5.0-linux-x64]: Couldn't find message for key config.diagnostics.return-type-mismatch.
[2022-07-22 08:22:28.809] [renderer5] [warning] [/home/max/.vscode/extensions/sumneko.lua-3.5.0-linux-x64]: Couldn't find message for key config.diagnostics.spell-check.
[2022-07-22 08:22:28.809] [renderer5] [warning] [/home/max/.vscode/extensions/sumneko.lua-3.5.0-linux-x64]: Couldn't find message for key config.diagnostics.unbalanced-assignments.
[2022-07-22 08:22:28.809] [renderer5] [warning] [/home/max/.vscode/extensions/sumneko.lua-3.5.0-linux-x64]: Couldn't find message for key config.diagnostics.undefined-doc-class.
[2022-07-22 08:22:28.809] [renderer5] [warning] [/home/max/.vscode/extensions/sumneko.lua-3.5.0-linux-x64]: Couldn't find message for key config.diagnostics.undefined-doc-name.
[2022-07-22 08:22:28.809] [renderer5] [warning] [/home/max/.vscode/extensions/sumneko.lua-3.5.0-linux-x64]: Couldn't find message for key config.diagnostics.undefined-doc-param.
[2022-07-22 08:22:28.810] [renderer5] [warning] [/home/max/.vscode/extensions/sumneko.lua-3.5.0-linux-x64]: Couldn't find message for key config.diagnostics.undefined-field.
[2022-07-22 08:22:28.810] [renderer5] [warning] [/home/max/.vscode/extensions/sumneko.lua-3.5.0-linux-x64]: Couldn't find message for key config.diagnostics.unknown-cast-variable.
[2022-07-22 08:22:28.810] [renderer5] [warning] [/home/max/.vscode/extensions/sumneko.lua-3.5.0-linux-x64]: Couldn't find message for key config.diagnostics.unknown-diag-code.
[2022-07-22 08:22:28.810] [renderer5] [warning] [/home/max/.vscode/extensions/sumneko.lua-3.5.0-linux-x64]: Couldn't find message for key config.diagnostics.unknown-operator.
[2022-07-22 08:22:28.810] [renderer5] [warning] [/home/max/.vscode/extensions/sumneko.lua-3.5.0-linux-x64]: Couldn't find message for key config.diagnostics.unreachable-code.
[2022-07-22 08:22:28.810] [renderer5] [warning] [/home/max/.vscode/extensions/sumneko.lua-3.5.0-linux-x64]: Couldn't find message for key config.diagnostics.assign-type-mismatch.
[2022-07-22 08:22:28.811] [renderer5] [warning] [/home/max/.vscode/extensions/sumneko.lua-3.5.0-linux-x64]: Couldn't find message for key config.diagnostics.await-in-sync.
[2022-07-22 08:22:28.811] [renderer5] [warning] [/home/max/.vscode/extensions/sumneko.lua-3.5.0-linux-x64]: Couldn't find message for key config.diagnostics.cast-local-type.
[2022-07-22 08:22:28.811] [renderer5] [warning] [/home/max/.vscode/extensions/sumneko.lua-3.5.0-linux-x64]: Couldn't find message for key config.diagnostics.cast-type-mismatch.
[2022-07-22 08:22:28.811] [renderer5] [warning] [/home/max/.vscode/extensions/sumneko.lua-3.5.0-linux-x64]: Couldn't find message for key config.diagnostics.circle-doc-class.
[2022-07-22 08:22:28.812] [renderer5] [warning] [/home/max/.vscode/extensions/sumneko.lua-3.5.0-linux-x64]: Couldn't find message for key config.diagnostics.close-non-object.
[2022-07-22 08:22:28.812] [renderer5] [warning] [/home/max/.vscode/extensions/sumneko.lua-3.5.0-linux-x64]: Couldn't find message for key config.diagnostics.code-after-break.
[2022-07-22 08:22:28.812] [renderer5] [warning] [/home/max/.vscode/extensions/sumneko.lua-3.5.0-linux-x64]: Couldn't find message for key config.diagnostics.codestyle-check.
[2022-07-22 08:22:28.812] [renderer5] [warning] [/home/max/.vscode/extensions/sumneko.lua-3.5.0-linux-x64]: Couldn't find message for key config.diagnostics.count-down-loop.
[2022-07-22 08:22:28.812] [renderer5] [warning] [/home/max/.vscode/extensions/sumneko.lua-3.5.0-linux-x64]: Couldn't find message for key config.diagnostics.deprecated.
[2022-07-22 08:22:28.812] [renderer5] [warning] [/home/max/.vscode/extensions/sumneko.lua-3.5.0-linux-x64]: Couldn't find message for key config.diagnostics.different-requires.
[2022-07-22 08:22:28.812] [renderer5] [warning] [/home/max/.vscode/extensions/sumneko.lua-3.5.0-linux-x64]: Couldn't find message for key config.diagnostics.discard-returns.
[2022-07-22 08:22:28.813] [renderer5] [warning] [/home/max/.vscode/extensions/sumneko.lua-3.5.0-linux-x64]: Couldn't find message for key config.diagnostics.doc-field-no-class.
[2022-07-22 08:22:28.813] [renderer5] [warning] [/home/max/.vscode/extensions/sumneko.lua-3.5.0-linux-x64]: Couldn't find message for key config.diagnostics.duplicate-doc-alias.
[2022-07-22 08:22:28.813] [renderer5] [warning] [/home/max/.vscode/extensions/sumneko.lua-3.5.0-linux-x64]: Couldn't find message for key config.diagnostics.duplicate-doc-field.
[2022-07-22 08:22:28.813] [renderer5] [warning] [/home/max/.vscode/extensions/sumneko.lua-3.5.0-linux-x64]: Couldn't find message for key config.diagnostics.duplicate-doc-param.
[2022-07-22 08:22:28.813] [renderer5] [warning] [/home/max/.vscode/extensions/sumneko.lua-3.5.0-linux-x64]: Couldn't find message for key config.diagnostics.duplicate-set-field.
[2022-07-22 08:22:28.813] [renderer5] [warning] [/home/max/.vscode/extensions/sumneko.lua-3.5.0-linux-x64]: Couldn't find message for key config.diagnostics.missing-parameter.
[2022-07-22 08:22:28.814] [renderer5] [warning] [/home/max/.vscode/extensions/sumneko.lua-3.5.0-linux-x64]: Couldn't find message for key config.diagnostics.missing-return.
[2022-07-22 08:22:28.814] [renderer5] [warning] [/home/max/.vscode/extensions/sumneko.lua-3.5.0-linux-x64]: Couldn't find message for key config.diagnostics.missing-return-value.
[2022-07-22 08:22:28.814] [renderer5] [warning] [/home/max/.vscode/extensions/sumneko.lua-3.5.0-linux-x64]: Couldn't find message for key config.diagnostics.need-check-nil.
[2022-07-22 08:22:28.814] [renderer5] [warning] [/home/max/.vscode/extensions/sumneko.lua-3.5.0-linux-x64]: Couldn't find message for key config.diagnostics.no-unknown.
[2022-07-22 08:22:28.814] [renderer5] [warning] [/home/max/.vscode/extensions/sumneko.lua-3.5.0-linux-x64]: Couldn't find message for key config.diagnostics.not-yieldable.
[2022-07-22 08:22:28.814] [renderer5] [warning] [/home/max/.vscode/extensions/sumneko.lua-3.5.0-linux-x64]: Couldn't find message for key config.diagnostics.param-type-mismatch.
[2022-07-22 08:22:28.814] [renderer5] [warning] [/home/max/.vscode/extensions/sumneko.lua-3.5.0-linux-x64]: Couldn't find message for key config.diagnostics.redundant-return.
[2022-07-22 08:22:28.815] [renderer5] [warning] [/home/max/.vscode/extensions/sumneko.lua-3.5.0-linux-x64]: Couldn't find message for key config.diagnostics.redundant-return-value.
[2022-07-22 08:22:28.815] [renderer5] [warning] [/home/max/.vscode/extensions/sumneko.lua-3.5.0-linux-x64]: Couldn't find message for key config.diagnostics.return-type-mismatch.
[2022-07-22 08:22:28.815] [renderer5] [warning] [/home/max/.vscode/extensions/sumneko.lua-3.5.0-linux-x64]: Couldn't find message for key config.diagnostics.spell-check.
[2022-07-22 08:22:28.815] [renderer5] [warning] [/home/max/.vscode/extensions/sumneko.lua-3.5.0-linux-x64]: Couldn't find message for key config.diagnostics.unbalanced-assignments.
[2022-07-22 08:22:28.815] [renderer5] [warning] [/home/max/.vscode/extensions/sumneko.lua-3.5.0-linux-x64]: Couldn't find message for key config.diagnostics.undefined-doc-class.
[2022-07-22 08:22:28.815] [renderer5] [warning] [/home/max/.vscode/extensions/sumneko.lua-3.5.0-linux-x64]: Couldn't find message for key config.diagnostics.undefined-doc-name.
[2022-07-22 08:22:28.816] [renderer5] [warning] [/home/max/.vscode/extensions/sumneko.lua-3.5.0-linux-x64]: Couldn't find message for key config.diagnostics.undefined-doc-param.
[2022-07-22 08:22:28.816] [renderer5] [warning] [/home/max/.vscode/extensions/sumneko.lua-3.5.0-linux-x64]: Couldn't find message for key config.diagnostics.undefined-field.
[2022-07-22 08:22:28.816] [renderer5] [warning] [/home/max/.vscode/extensions/sumneko.lua-3.5.0-linux-x64]: Couldn't find message for key config.diagnostics.unknown-cast-variable.
[2022-07-22 08:22:28.816] [renderer5] [warning] [/home/max/.vscode/extensions/sumneko.lua-3.5.0-linux-x64]: Couldn't find message for key config.diagnostics.unknown-diag-code.
[2022-07-22 08:22:28.816] [renderer5] [warning] [/home/max/.vscode/extensions/sumneko.lua-3.5.0-linux-x64]: Couldn't find message for key config.diagnostics.unknown-operator.
[2022-07-22 08:22:28.816] [renderer5] [warning] [/home/max/.vscode/extensions/sumneko.lua-3.5.0-linux-x64]: Couldn't find message for key config.diagnostics.unreachable-code.
[2022-07-22 08:22:28.817] [renderer5] [warning] [/home/max/.vscode/extensions/sumneko.lua-3.5.0-linux-x64]: Couldn't find message for key config.runtime.builtin.basic.
[2022-07-22 08:22:28.817] [renderer5] [warning] [/home/max/.vscode/extensions/sumneko.lua-3.5.0-linux-x64]: Couldn't find message for key config.runtime.builtin.bit.
[2022-07-22 08:22:28.817] [renderer5] [warning] [/home/max/.vscode/extensions/sumneko.lua-3.5.0-linux-x64]: Couldn't find message for key config.runtime.builtin.bit32.
[2022-07-22 08:22:28.817] [renderer5] [warning] [/home/max/.vscode/extensions/sumneko.lua-3.5.0-linux-x64]: Couldn't find message for key config.runtime.builtin.builtin.
[2022-07-22 08:22:28.817] [renderer5] [warning] [/home/max/.vscode/extensions/sumneko.lua-3.5.0-linux-x64]: Couldn't find message for key config.runtime.builtin.coroutine.
[2022-07-22 08:22:28.817] [renderer5] [warning] [/home/max/.vscode/extensions/sumneko.lua-3.5.0-linux-x64]: Couldn't find message for key config.runtime.builtin.debug.
[2022-07-22 08:22:28.817] [renderer5] [warning] [/home/max/.vscode/extensions/sumneko.lua-3.5.0-linux-x64]: Couldn't find message for key config.runtime.builtin.ffi.
[2022-07-22 08:22:28.818] [renderer5] [warning] [/home/max/.vscode/extensions/sumneko.lua-3.5.0-linux-x64]: Couldn't find message for key config.runtime.builtin.io.
[2022-07-22 08:22:28.818] [renderer5] [warning] [/home/max/.vscode/extensions/sumneko.lua-3.5.0-linux-x64]: Couldn't find message for key config.runtime.builtin.jit.
[2022-07-22 08:22:28.818] [renderer5] [warning] [/home/max/.vscode/extensions/sumneko.lua-3.5.0-linux-x64]: Couldn't find message for key config.runtime.builtin.math.
[2022-07-22 08:22:28.818] [renderer5] [warning] [/home/max/.vscode/extensions/sumneko.lua-3.5.0-linux-x64]: Couldn't find message for key config.runtime.builtin.os.
[2022-07-22 08:22:28.818] [renderer5] [warning] [/home/max/.vscode/extensions/sumneko.lua-3.5.0-linux-x64]: Couldn't find message for key config.runtime.builtin.package.
[2022-07-22 08:22:28.818] [renderer5] [warning] [/home/max/.vscode/extensions/sumneko.lua-3.5.0-linux-x64]: Couldn't find message for key config.runtime.builtin.string.
[2022-07-22 08:22:28.819] [renderer5] [warning] [/home/max/.vscode/extensions/sumneko.lua-3.5.0-linux-x64]: Couldn't find message for key config.runtime.builtin.table.
[2022-07-22 08:22:28.819] [renderer5] [warning] [/home/max/.vscode/extensions/sumneko.lua-3.5.0-linux-x64]: Couldn't find message for key config.runtime.builtin.table.clear.
[2022-07-22 08:22:28.819] [renderer5] [warning] [/home/max/.vscode/extensions/sumneko.lua-3.5.0-linux-x64]: Couldn't find message for key config.runtime.builtin.table.new.
[2022-07-22 08:22:28.819] [renderer5] [warning] [/home/max/.vscode/extensions/sumneko.lua-3.5.0-linux-x64]: Couldn't find message for key config.runtime.builtin.utf8.
[2022-07-22 08:22:28.819] [renderer5] [warning] [/home/max/.vscode/extensions/sumneko.lua-3.5.0-linux-x64]: Couldn't find message for key config.runtime.fileEncoding.utf8.
[2022-07-22 08:22:28.819] [renderer5] [warning] [/home/max/.vscode/extensions/sumneko.lua-3.5.0-linux-x64]: Couldn't find message for key config.runtime.fileEncoding.ansi.
[2022-07-22 08:22:28.819] [renderer5] [warning] [/home/max/.vscode/extensions/sumneko.lua-3.5.0-linux-x64]: Couldn't find message for key config.runtime.fileEncoding.utf16le.
[2022-07-22 08:22:28.820] [renderer5] [warning] [/home/max/.vscode/extensions/sumneko.lua-3.5.0-linux-x64]: Couldn't find message for key config.runtime.fileEncoding.utf16be.
[2022-07-22 08:22:28.820] [renderer5] [warning] [/home/max/.vscode/extensions/sumneko.lua-3.5.0-linux-x64]: Couldn't find message for key config.runtime.version.Lua 5.1.
[2022-07-22 08:22:28.820] [renderer5] [warning] [/home/max/.vscode/extensions/sumneko.lua-3.5.0-linux-x64]: Couldn't find message for key config.runtime.version.Lua 5.2.
[2022-07-22 08:22:28.820] [renderer5] [warning] [/home/max/.vscode/extensions/sumneko.lua-3.5.0-linux-x64]: Couldn't find message for key config.runtime.version.Lua 5.3.
[2022-07-22 08:22:28.820] [renderer5] [warning] [/home/max/.vscode/extensions/sumneko.lua-3.5.0-linux-x64]: Couldn't find message for key config.runtime.version.Lua 5.4.
[2022-07-22 08:22:28.820] [renderer5] [warning] [/home/max/.vscode/extensions/sumneko.lua-3.5.0-linux-x64]: Couldn't find message for key config.runtime.version.LuaJIT.
