[2022-07-22 08:21:37.635] [renderer3] [warning] [/home/max/.vscode/extensions/sumneko.lua-3.4.2-linux-x64]: Couldn't find message for key config.diagnostics.assign-type-mismatch.
[2022-07-22 08:21:37.635] [renderer3] [warning] [/home/max/.vscode/extensions/sumneko.lua-3.4.2-linux-x64]: Couldn't find message for key config.diagnostics.await-in-sync.
[2022-07-22 08:21:37.636] [renderer3] [warning] [/home/max/.vscode/extensions/sumneko.lua-3.4.2-linux-x64]: Couldn't find message for key config.diagnostics.cast-local-type.
[2022-07-22 08:21:37.636] [renderer3] [warning] [/home/max/.vscode/extensions/sumneko.lua-3.4.2-linux-x64]: Couldn't find message for key config.diagnostics.cast-type-mismatch.
[2022-07-22 08:21:37.636] [renderer3] [warning] [/home/max/.vscode/extensions/sumneko.lua-3.4.2-linux-x64]: Couldn't find message for key config.diagnostics.circle-doc-class.
[2022-07-22 08:21:37.637] [renderer3] [warning] [/home/max/.vscode/extensions/sumneko.lua-3.4.2-linux-x64]: Couldn't find message for key config.diagnostics.close-non-object.
[2022-07-22 08:21:37.637] [renderer3] [warning] [/home/max/.vscode/extensions/sumneko.lua-3.4.2-linux-x64]: Couldn't find message for key config.diagnostics.code-after-break.
[2022-07-22 08:21:37.637] [renderer3] [warning] [/home/max/.vscode/extensions/sumneko.lua-3.4.2-linux-x64]: Couldn't find message for key config.diagnostics.codestyle-check.
[2022-07-22 08:21:37.637] [renderer3] [warning] [/home/max/.vscode/extensions/sumneko.lua-3.4.2-linux-x64]: Couldn't find message for key config.diagnostics.count-down-loop.
[2022-07-22 08:21:37.638] [renderer3] [warning] [/home/max/.vscode/extensions/sumneko.lua-3.4.2-linux-x64]: Couldn't find message for key config.diagnostics.deprecated.
[2022-07-22 08:21:37.638] [renderer3] [warning] [/home/max/.vscode/extensions/sumneko.lua-3.4.2-linux-x64]: Couldn't find message for key config.diagnostics.different-requires.
[2022-07-22 08:21:37.638] [renderer3] [warning] [/home/max/.vscode/extensions/sumneko.lua-3.4.2-linux-x64]: Couldn't find message for key config.diagnostics.discard-returns.
[2022-07-22 08:21:37.639] [renderer3] [warning] [/home/max/.vscode/extensions/sumneko.lua-3.4.2-linux-x64]: Couldn't find message for key config.diagnostics.doc-field-no-class.
[2022-07-22 08:21:37.639] [renderer3] [warning] [/home/max/.vscode/extensions/sumneko.lua-3.4.2-linux-x64]: Couldn't find message for key config.diagnostics.duplicate-doc-alias.
[2022-07-22 08:21:37.640] [renderer3] [warning] [/home/max/.vscode/extensions/sumneko.lua-3.4.2-linux-x64]: Couldn't find message for key config.diagnostics.duplicate-doc-field.
[2022-07-22 08:21:37.640] [renderer3] [warning] [/home/max/.vscode/extensions/sumneko.lua-3.4.2-linux-x64]: Couldn't find message for key config.diagnostics.duplicate-doc-param.
[2022-07-22 08:21:37.640] [renderer3] [warning] [/home/max/.vscode/extensions/sumneko.lua-3.4.2-linux-x64]: Couldn't find message for key config.diagnostics.duplicate-set-field.
[2022-07-22 08:21:37.640] [renderer3] [warning] [/home/max/.vscode/extensions/sumneko.lua-3.4.2-linux-x64]: Couldn't find message for key config.diagnostics.missing-parameter.
[2022-07-22 08:21:37.641] [renderer3] [warning] [/home/max/.vscode/extensions/sumneko.lua-3.4.2-linux-x64]: Couldn't find message for key config.diagnostics.missing-return.
[2022-07-22 08:21:37.641] [renderer3] [warning] [/home/max/.vscode/extensions/sumneko.lua-3.4.2-linux-x64]: Couldn't find message for key config.diagnostics.missing-return-value.
[2022-07-22 08:21:37.641] [renderer3] [warning] [/home/max/.vscode/extensions/sumneko.lua-3.4.2-linux-x64]: Couldn't find message for key config.diagnostics.need-check-nil.
[2022-07-22 08:21:37.641] [renderer3] [warning] [/home/max/.vscode/extensions/sumneko.lua-3.4.2-linux-x64]: Couldn't find message for key config.diagnostics.no-unknown.
[2022-07-22 08:21:37.641] [renderer3] [warning] [/home/max/.vscode/extensions/sumneko.lua-3.4.2-linux-x64]: Couldn't find message for key config.diagnostics.not-yieldable.
[2022-07-22 08:21:37.642] [renderer3] [warning] [/home/max/.vscode/extensions/sumneko.lua-3.4.2-linux-x64]: Couldn't find message for key config.diagnostics.param-type-mismatch.
[2022-07-22 08:21:37.642] [renderer3] [warning] [/home/max/.vscode/extensions/sumneko.lua-3.4.2-linux-x64]: Couldn't find message for key config.diagnostics.redundant-return.
[2022-07-22 08:21:37.642] [renderer3] [warning] [/home/max/.vscode/extensions/sumneko.lua-3.4.2-linux-x64]: Couldn't find message for key config.diagnostics.redundant-return-value.
[2022-07-22 08:21:37.643] [renderer3] [warning] [/home/max/.vscode/extensions/sumneko.lua-3.4.2-linux-x64]: Couldn't find message for key config.diagnostics.return-type-mismatch.
[2022-07-22 08:21:37.643] [renderer3] [warning] [/home/max/.vscode/extensions/sumneko.lua-3.4.2-linux-x64]: Couldn't find message for key config.diagnostics.spell-check.
[2022-07-22 08:21:37.643] [renderer3] [warning] [/home/max/.vscode/extensions/sumneko.lua-3.4.2-linux-x64]: Couldn't find message for key config.diagnostics.unbalanced-assignments.
[2022-07-22 08:21:37.643] [renderer3] [warning] [/home/max/.vscode/extensions/sumneko.lua-3.4.2-linux-x64]: Couldn't find message for key config.diagnostics.undefined-doc-class.
[2022-07-22 08:21:37.643] [renderer3] [warning] [/home/max/.vscode/extensions/sumneko.lua-3.4.2-linux-x64]: Couldn't find message for key config.diagnostics.undefined-doc-name.
[2022-07-22 08:21:37.644] [renderer3] [warning] [/home/max/.vscode/extensions/sumneko.lua-3.4.2-linux-x64]: Couldn't find message for key config.diagnostics.undefined-doc-param.
[2022-07-22 08:21:37.644] [renderer3] [warning] [/home/max/.vscode/extensions/sumneko.lua-3.4.2-linux-x64]: Couldn't find message for key config.diagnostics.undefined-field.
[2022-07-22 08:21:37.644] [renderer3] [warning] [/home/max/.vscode/extensions/sumneko.lua-3.4.2-linux-x64]: Couldn't find message for key config.diagnostics.unknown-cast-variable.
[2022-07-22 08:21:37.644] [renderer3] [warning] [/home/max/.vscode/extensions/sumneko.lua-3.4.2-linux-x64]: Couldn't find message for key config.diagnostics.unknown-diag-code.
[2022-07-22 08:21:37.644] [renderer3] [warning] [/home/max/.vscode/extensions/sumneko.lua-3.4.2-linux-x64]: Couldn't find message for key config.diagnostics.assign-type-mismatch.
[2022-07-22 08:21:37.644] [renderer3] [warning] [/home/max/.vscode/extensions/sumneko.lua-3.4.2-linux-x64]: Couldn't find message for key config.diagnostics.await-in-sync.
[2022-07-22 08:21:37.645] [renderer3] [warning] [/home/max/.vscode/extensions/sumneko.lua-3.4.2-linux-x64]: Couldn't find message for key config.diagnostics.cast-local-type.
[2022-07-22 08:21:37.645] [renderer3] [warning] [/home/max/.vscode/extensions/sumneko.lua-3.4.2-linux-x64]: Couldn't find message for key config.diagnostics.cast-type-mismatch.
[2022-07-22 08:21:37.645] [renderer3] [warning] [/home/max/.vscode/extensions/sumneko.lua-3.4.2-linux-x64]: Couldn't find message for key config.diagnostics.circle-doc-class.
[2022-07-22 08:21:37.645] [renderer3] [warning] [/home/max/.vscode/extensions/sumneko.lua-3.4.2-linux-x64]: Couldn't find message for key config.diagnostics.close-non-object.
[2022-07-22 08:21:37.646] [renderer3] [warning] [/home/max/.vscode/extensions/sumneko.lua-3.4.2-linux-x64]: Couldn't find message for key config.diagnostics.code-after-break.
[2022-07-22 08:21:37.646] [renderer3] [warning] [/home/max/.vscode/extensions/sumneko.lua-3.4.2-linux-x64]: Couldn't find message for key config.diagnostics.codestyle-check.
[2022-07-22 08:21:37.646] [renderer3] [warning] [/home/max/.vscode/extensions/sumneko.lua-3.4.2-linux-x64]: Couldn't find message for key config.diagnostics.count-down-loop.
[2022-07-22 08:21:37.646] [renderer3] [warning] [/home/max/.vscode/extensions/sumneko.lua-3.4.2-linux-x64]: Couldn't find message for key config.diagnostics.deprecated.
[2022-07-22 08:21:37.647] [renderer3] [warning] [/home/max/.vscode/extensions/sumneko.lua-3.4.2-linux-x64]: Couldn't find message for key config.diagnostics.different-requires.
[2022-07-22 08:21:37.647] [renderer3] [warning] [/home/max/.vscode/extensions/sumneko.lua-3.4.2-linux-x64]: Couldn't find message for key config.diagnostics.discard-returns.
[2022-07-22 08:21:37.647] [renderer3] [warning] [/home/max/.vscode/extensions/sumneko.lua-3.4.2-linux-x64]: Couldn't find message for key config.diagnostics.doc-field-no-class.
[2022-07-22 08:21:37.647] [renderer3] [warning] [/home/max/.vscode/extensions/sumneko.lua-3.4.2-linux-x64]: Couldn't find message for key config.diagnostics.duplicate-doc-alias.
[2022-07-22 08:21:37.648] [renderer3] [warning] [/home/max/.vscode/extensions/sumneko.lua-3.4.2-linux-x64]: Couldn't find message for key config.diagnostics.duplicate-doc-field.
[2022-07-22 08:21:37.648] [renderer3] [warning] [/home/max/.vscode/extensions/sumneko.lua-3.4.2-linux-x64]: Couldn't find message for key config.diagnostics.duplicate-doc-param.
[2022-07-22 08:21:37.649] [renderer3] [warning] [/home/max/.vscode/extensions/sumneko.lua-3.4.2-linux-x64]: Couldn't find message for key config.diagnostics.duplicate-set-field.
[2022-07-22 08:21:37.649] [renderer3] [warning] [/home/max/.vscode/extensions/sumneko.lua-3.4.2-linux-x64]: Couldn't find message for key config.diagnostics.missing-parameter.
[2022-07-22 08:21:37.649] [renderer3] [warning] [/home/max/.vscode/extensions/sumneko.lua-3.4.2-linux-x64]: Couldn't find message for key config.diagnostics.missing-return.
[2022-07-22 08:21:37.650] [renderer3] [warning] [/home/max/.vscode/extensions/sumneko.lua-3.4.2-linux-x64]: Couldn't find message for key config.diagnostics.missing-return-value.
[2022-07-22 08:21:37.650] [renderer3] [warning] [/home/max/.vscode/extensions/sumneko.lua-3.4.2-linux-x64]: Couldn't find message for key config.diagnostics.need-check-nil.
[2022-07-22 08:21:37.650] [renderer3] [warning] [/home/max/.vscode/extensions/sumneko.lua-3.4.2-linux-x64]: Couldn't find message for key config.diagnostics.no-unknown.
[2022-07-22 08:21:37.651] [renderer3] [warning] [/home/max/.vscode/extensions/sumneko.lua-3.4.2-linux-x64]: Couldn't find message for key config.diagnostics.not-yieldable.
[2022-07-22 08:21:37.651] [renderer3] [warning] [/home/max/.vscode/extensions/sumneko.lua-3.4.2-linux-x64]: Couldn't find message for key config.diagnostics.param-type-mismatch.
[2022-07-22 08:21:37.652] [renderer3] [warning] [/home/max/.vscode/extensions/sumneko.lua-3.4.2-linux-x64]: Couldn't find message for key config.diagnostics.redundant-return.
[2022-07-22 08:21:37.652] [renderer3] [warning] [/home/max/.vscode/extensions/sumneko.lua-3.4.2-linux-x64]: Couldn't find message for key config.diagnostics.redundant-return-value.
[2022-07-22 08:21:37.652] [renderer3] [warning] [/home/max/.vscode/extensions/sumneko.lua-3.4.2-linux-x64]: Couldn't find message for key config.diagnostics.return-type-mismatch.
[2022-07-22 08:21:37.653] [renderer3] [warning] [/home/max/.vscode/extensions/sumneko.lua-3.4.2-linux-x64]: Couldn't find message for key config.diagnostics.spell-check.
[2022-07-22 08:21:37.653] [renderer3] [warning] [/home/max/.vscode/extensions/sumneko.lua-3.4.2-linux-x64]: Couldn't find message for key config.diagnostics.unbalanced-assignments.
[2022-07-22 08:21:37.654] [renderer3] [warning] [/home/max/.vscode/extensions/sumneko.lua-3.4.2-linux-x64]: Couldn't find message for key config.diagnostics.undefined-doc-class.
[2022-07-22 08:21:37.654] [renderer3] [warning] [/home/max/.vscode/extensions/sumneko.lua-3.4.2-linux-x64]: Couldn't find message for key config.diagnostics.undefined-doc-name.
[2022-07-22 08:21:37.654] [renderer3] [warning] [/home/max/.vscode/extensions/sumneko.lua-3.4.2-linux-x64]: Couldn't find message for key config.diagnostics.undefined-doc-param.
[2022-07-22 08:21:37.655] [renderer3] [warning] [/home/max/.vscode/extensions/sumneko.lua-3.4.2-linux-x64]: Couldn't find message for key config.diagnostics.undefined-field.
[2022-07-22 08:21:37.655] [renderer3] [warning] [/home/max/.vscode/extensions/sumneko.lua-3.4.2-linux-x64]: Couldn't find message for key config.diagnostics.unknown-cast-variable.
[2022-07-22 08:21:37.656] [renderer3] [warning] [/home/max/.vscode/extensions/sumneko.lua-3.4.2-linux-x64]: Couldn't find message for key config.diagnostics.unknown-diag-code.
[2022-07-22 08:21:37.656] [renderer3] [warning] [/home/max/.vscode/extensions/sumneko.lua-3.4.2-linux-x64]: Couldn't find message for key config.runtime.builtin.basic.
[2022-07-22 08:21:37.656] [renderer3] [warning] [/home/max/.vscode/extensions/sumneko.lua-3.4.2-linux-x64]: Couldn't find message for key config.runtime.builtin.bit.
[2022-07-22 08:21:37.657] [renderer3] [warning] [/home/max/.vscode/extensions/sumneko.lua-3.4.2-linux-x64]: Couldn't find message for key config.runtime.builtin.bit32.
[2022-07-22 08:21:37.657] [renderer3] [warning] [/home/max/.vscode/extensions/sumneko.lua-3.4.2-linux-x64]: Couldn't find message for key config.runtime.builtin.builtin.
[2022-07-22 08:21:37.658] [renderer3] [warning] [/home/max/.vscode/extensions/sumneko.lua-3.4.2-linux-x64]: Couldn't find message for key config.runtime.builtin.coroutine.
[2022-07-22 08:21:37.658] [renderer3] [warning] [/home/max/.vscode/extensions/sumneko.lua-3.4.2-linux-x64]: Couldn't find message for key config.runtime.builtin.debug.
[2022-07-22 08:21:37.658] [renderer3] [warning] [/home/max/.vscode/extensions/sumneko.lua-3.4.2-linux-x64]: Couldn't find message for key config.runtime.builtin.ffi.
[2022-07-22 08:21:37.659] [renderer3] [warning] [/home/max/.vscode/extensions/sumneko.lua-3.4.2-linux-x64]: Couldn't find message for key config.runtime.builtin.io.
[2022-07-22 08:21:37.659] [renderer3] [warning] [/home/max/.vscode/extensions/sumneko.lua-3.4.2-linux-x64]: Couldn't find message for key config.runtime.builtin.jit.
[2022-07-22 08:21:37.660] [renderer3] [warning] [/home/max/.vscode/extensions/sumneko.lua-3.4.2-linux-x64]: Couldn't find message for key config.runtime.builtin.math.
[2022-07-22 08:21:37.660] [renderer3] [warning] [/home/max/.vscode/extensions/sumneko.lua-3.4.2-linux-x64]: Couldn't find message for key config.runtime.builtin.os.
[2022-07-22 08:21:37.660] [renderer3] [warning] [/home/max/.vscode/extensions/sumneko.lua-3.4.2-linux-x64]: Couldn't find message for key config.runtime.builtin.package.
[2022-07-22 08:21:37.661] [renderer3] [warning] [/home/max/.vscode/extensions/sumneko.lua-3.4.2-linux-x64]: Couldn't find message for key config.runtime.builtin.string.
[2022-07-22 08:21:37.661] [renderer3] [warning] [/home/max/.vscode/extensions/sumneko.lua-3.4.2-linux-x64]: Couldn't find message for key config.runtime.builtin.table.
[2022-07-22 08:21:37.661] [renderer3] [warning] [/home/max/.vscode/extensions/sumneko.lua-3.4.2-linux-x64]: Couldn't find message for key config.runtime.builtin.utf8.
[2022-07-22 08:21:37.662] [renderer3] [warning] [/home/max/.vscode/extensions/sumneko.lua-3.4.2-linux-x64]: Couldn't find message for key config.runtime.fileEncoding.utf8.
[2022-07-22 08:21:37.662] [renderer3] [warning] [/home/max/.vscode/extensions/sumneko.lua-3.4.2-linux-x64]: Couldn't find message for key config.runtime.fileEncoding.ansi.
[2022-07-22 08:21:37.663] [renderer3] [warning] [/home/max/.vscode/extensions/sumneko.lua-3.4.2-linux-x64]: Couldn't find message for key config.runtime.fileEncoding.utf16le.
[2022-07-22 08:21:37.663] [renderer3] [warning] [/home/max/.vscode/extensions/sumneko.lua-3.4.2-linux-x64]: Couldn't find message for key config.runtime.fileEncoding.utf16be.
[2022-07-22 08:21:37.663] [renderer3] [warning] [/home/max/.vscode/extensions/sumneko.lua-3.4.2-linux-x64]: Couldn't find message for key config.runtime.version.Lua 5.1.
[2022-07-22 08:21:37.664] [renderer3] [warning] [/home/max/.vscode/extensions/sumneko.lua-3.4.2-linux-x64]: Couldn't find message for key config.runtime.version.Lua 5.2.
[2022-07-22 08:21:37.664] [renderer3] [warning] [/home/max/.vscode/extensions/sumneko.lua-3.4.2-linux-x64]: Couldn't find message for key config.runtime.version.Lua 5.3.
[2022-07-22 08:21:37.664] [renderer3] [warning] [/home/max/.vscode/extensions/sumneko.lua-3.4.2-linux-x64]: Couldn't find message for key config.runtime.version.Lua 5.4.
[2022-07-22 08:21:37.664] [renderer3] [warning] [/home/max/.vscode/extensions/sumneko.lua-3.4.2-linux-x64]: Couldn't find message for key config.runtime.version.LuaJIT.
[2022-07-22 08:21:39.865] [renderer3] [warning] [/home/max/.vscode/extensions/sumneko.lua-3.5.0-linux-x64]: Couldn't find message for key config.diagnostics.assign-type-mismatch.
[2022-07-22 08:21:39.866] [renderer3] [warning] [/home/max/.vscode/extensions/sumneko.lua-3.5.0-linux-x64]: Couldn't find message for key config.diagnostics.await-in-sync.
[2022-07-22 08:21:39.866] [renderer3] [warning] [/home/max/.vscode/extensions/sumneko.lua-3.5.0-linux-x64]: Couldn't find message for key config.diagnostics.cast-local-type.
[2022-07-22 08:21:39.866] [renderer3] [warning] [/home/max/.vscode/extensions/sumneko.lua-3.5.0-linux-x64]: Couldn't find message for key config.diagnostics.cast-type-mismatch.
[2022-07-22 08:21:39.867] [renderer3] [warning] [/home/max/.vscode/extensions/sumneko.lua-3.5.0-linux-x64]: Couldn't find message for key config.diagnostics.circle-doc-class.
[2022-07-22 08:21:39.867] [renderer3] [warning] [/home/max/.vscode/extensions/sumneko.lua-3.5.0-linux-x64]: Couldn't find message for key config.diagnostics.close-non-object.
[2022-07-22 08:21:39.867] [renderer3] [warning] [/home/max/.vscode/extensions/sumneko.lua-3.5.0-linux-x64]: Couldn't find message for key config.diagnostics.code-after-break.
[2022-07-22 08:21:39.867] [renderer3] [warning] [/home/max/.vscode/extensions/sumneko.lua-3.5.0-linux-x64]: Couldn't find message for key config.diagnostics.codestyle-check.
[2022-07-22 08:21:39.868] [renderer3] [warning] [/home/max/.vscode/extensions/sumneko.lua-3.5.0-linux-x64]: Couldn't find message for key config.diagnostics.count-down-loop.
[2022-07-22 08:21:39.868] [renderer3] [warning] [/home/max/.vscode/extensions/sumneko.lua-3.5.0-linux-x64]: Couldn't find message for key config.diagnostics.deprecated.
[2022-07-22 08:21:39.868] [renderer3] [warning] [/home/max/.vscode/extensions/sumneko.lua-3.5.0-linux-x64]: Couldn't find message for key config.diagnostics.different-requires.
[2022-07-22 08:21:39.869] [renderer3] [warning] [/home/max/.vscode/extensions/sumneko.lua-3.5.0-linux-x64]: Couldn't find message for key config.diagnostics.discard-returns.
[2022-07-22 08:21:39.869] [renderer3] [warning] [/home/max/.vscode/extensions/sumneko.lua-3.5.0-linux-x64]: Couldn't find message for key config.diagnostics.doc-field-no-class.
[2022-07-22 08:21:39.869] [renderer3] [warning] [/home/max/.vscode/extensions/sumneko.lua-3.5.0-linux-x64]: Couldn't find message for key config.diagnostics.duplicate-doc-alias.
[2022-07-22 08:21:39.870] [renderer3] [warning] [/home/max/.vscode/extensions/sumneko.lua-3.5.0-linux-x64]: Couldn't find message for key config.diagnostics.duplicate-doc-field.
[2022-07-22 08:21:39.870] [renderer3] [warning] [/home/max/.vscode/extensions/sumneko.lua-3.5.0-linux-x64]: Couldn't find message for key config.diagnostics.duplicate-doc-param.
[2022-07-22 08:21:39.870] [renderer3] [warning] [/home/max/.vscode/extensions/sumneko.lua-3.5.0-linux-x64]: Couldn't find message for key config.diagnostics.duplicate-set-field.
[2022-07-22 08:21:39.870] [renderer3] [warning] [/home/max/.vscode/extensions/sumneko.lua-3.5.0-linux-x64]: Couldn't find message for key config.diagnostics.missing-parameter.
[2022-07-22 08:21:39.870] [renderer3] [warning] [/home/max/.vscode/extensions/sumneko.lua-3.5.0-linux-x64]: Couldn't find message for key config.diagnostics.missing-return.
[2022-07-22 08:21:39.871] [renderer3] [warning] [/home/max/.vscode/extensions/sumneko.lua-3.5.0-linux-x64]: Couldn't find message for key config.diagnostics.missing-return-value.
[2022-07-22 08:21:39.871] [renderer3] [warning] [/home/max/.vscode/extensions/sumneko.lua-3.5.0-linux-x64]: Couldn't find message for key config.diagnostics.need-check-nil.
[2022-07-22 08:21:39.871] [renderer3] [warning] [/home/max/.vscode/extensions/sumneko.lua-3.5.0-linux-x64]: Couldn't find message for key config.diagnostics.no-unknown.
[2022-07-22 08:21:39.871] [renderer3] [warning] [/home/max/.vscode/extensions/sumneko.lua-3.5.0-linux-x64]: Couldn't find message for key config.diagnostics.not-yieldable.
[2022-07-22 08:21:39.871] [renderer3] [warning] [/home/max/.vscode/extensions/sumneko.lua-3.5.0-linux-x64]: Couldn't find message for key config.diagnostics.param-type-mismatch.
[2022-07-22 08:21:39.872] [renderer3] [warning] [/home/max/.vscode/extensions/sumneko.lua-3.5.0-linux-x64]: Couldn't find message for key config.diagnostics.redundant-return.
[2022-07-22 08:21:39.872] [renderer3] [warning] [/home/max/.vscode/extensions/sumneko.lua-3.5.0-linux-x64]: Couldn't find message for key config.diagnostics.redundant-return-value.
[2022-07-22 08:21:39.872] [renderer3] [warning] [/home/max/.vscode/extensions/sumneko.lua-3.5.0-linux-x64]: Couldn't find message for key config.diagnostics.return-type-mismatch.
[2022-07-22 08:21:39.872] [renderer3] [warning] [/home/max/.vscode/extensions/sumneko.lua-3.5.0-linux-x64]: Couldn't find message for key config.diagnostics.spell-check.
[2022-07-22 08:21:39.873] [renderer3] [warning] [/home/max/.vscode/extensions/sumneko.lua-3.5.0-linux-x64]: Couldn't find message for key config.diagnostics.unbalanced-assignments.
[2022-07-22 08:21:39.873] [renderer3] [warning] [/home/max/.vscode/extensions/sumneko.lua-3.5.0-linux-x64]: Couldn't find message for key config.diagnostics.undefined-doc-class.
[2022-07-22 08:21:39.873] [renderer3] [warning] [/home/max/.vscode/extensions/sumneko.lua-3.5.0-linux-x64]: Couldn't find message for key config.diagnostics.undefined-doc-name.
[2022-07-22 08:21:39.873] [renderer3] [warning] [/home/max/.vscode/extensions/sumneko.lua-3.5.0-linux-x64]: Couldn't find message for key config.diagnostics.undefined-doc-param.
[2022-07-22 08:21:39.873] [renderer3] [warning] [/home/max/.vscode/extensions/sumneko.lua-3.5.0-linux-x64]: Couldn't find message for key config.diagnostics.undefined-field.
[2022-07-22 08:21:39.874] [renderer3] [warning] [/home/max/.vscode/extensions/sumneko.lua-3.5.0-linux-x64]: Couldn't find message for key config.diagnostics.unknown-cast-variable.
[2022-07-22 08:21:39.874] [renderer3] [warning] [/home/max/.vscode/extensions/sumneko.lua-3.5.0-linux-x64]: Couldn't find message for key config.diagnostics.unknown-diag-code.
[2022-07-22 08:21:39.874] [renderer3] [warning] [/home/max/.vscode/extensions/sumneko.lua-3.5.0-linux-x64]: Couldn't find message for key config.diagnostics.unknown-operator.
[2022-07-22 08:21:39.874] [renderer3] [warning] [/home/max/.vscode/extensions/sumneko.lua-3.5.0-linux-x64]: Couldn't find message for key config.diagnostics.unreachable-code.
[2022-07-22 08:21:39.875] [renderer3] [warning] [/home/max/.vscode/extensions/sumneko.lua-3.5.0-linux-x64]: Couldn't find message for key config.diagnostics.assign-type-mismatch.
[2022-07-22 08:21:39.875] [renderer3] [warning] [/home/max/.vscode/extensions/sumneko.lua-3.5.0-linux-x64]: Couldn't find message for key config.diagnostics.await-in-sync.
[2022-07-22 08:21:39.875] [renderer3] [warning] [/home/max/.vscode/extensions/sumneko.lua-3.5.0-linux-x64]: Couldn't find message for key config.diagnostics.cast-local-type.
[2022-07-22 08:21:39.875] [renderer3] [warning] [/home/max/.vscode/extensions/sumneko.lua-3.5.0-linux-x64]: Couldn't find message for key config.diagnostics.cast-type-mismatch.
[2022-07-22 08:21:39.875] [renderer3] [warning] [/home/max/.vscode/extensions/sumneko.lua-3.5.0-linux-x64]: Couldn't find message for key config.diagnostics.circle-doc-class.
[2022-07-22 08:21:39.876] [renderer3] [warning] [/home/max/.vscode/extensions/sumneko.lua-3.5.0-linux-x64]: Couldn't find message for key config.diagnostics.close-non-object.
[2022-07-22 08:21:39.876] [renderer3] [warning] [/home/max/.vscode/extensions/sumneko.lua-3.5.0-linux-x64]: Couldn't find message for key config.diagnostics.code-after-break.
[2022-07-22 08:21:39.876] [renderer3] [warning] [/home/max/.vscode/extensions/sumneko.lua-3.5.0-linux-x64]: Couldn't find message for key config.diagnostics.codestyle-check.
[2022-07-22 08:21:39.876] [renderer3] [warning] [/home/max/.vscode/extensions/sumneko.lua-3.5.0-linux-x64]: Couldn't find message for key config.diagnostics.count-down-loop.
[2022-07-22 08:21:39.877] [renderer3] [warning] [/home/max/.vscode/extensions/sumneko.lua-3.5.0-linux-x64]: Couldn't find message for key config.diagnostics.deprecated.
[2022-07-22 08:21:39.877] [renderer3] [warning] [/home/max/.vscode/extensions/sumneko.lua-3.5.0-linux-x64]: Couldn't find message for key config.diagnostics.different-requires.
[2022-07-22 08:21:39.877] [renderer3] [warning] [/home/max/.vscode/extensions/sumneko.lua-3.5.0-linux-x64]: Couldn't find message for key config.diagnostics.discard-returns.
[2022-07-22 08:21:39.877] [renderer3] [warning] [/home/max/.vscode/extensions/sumneko.lua-3.5.0-linux-x64]: Couldn't find message for key config.diagnostics.doc-field-no-class.
[2022-07-22 08:21:39.877] [renderer3] [warning] [/home/max/.vscode/extensions/sumneko.lua-3.5.0-linux-x64]: Couldn't find message for key config.diagnostics.duplicate-doc-alias.
[2022-07-22 08:21:39.877] [renderer3] [warning] [/home/max/.vscode/extensions/sumneko.lua-3.5.0-linux-x64]: Couldn't find message for key config.diagnostics.duplicate-doc-field.
[2022-07-22 08:21:39.877] [renderer3] [warning] [/home/max/.vscode/extensions/sumneko.lua-3.5.0-linux-x64]: Couldn't find message for key config.diagnostics.duplicate-doc-param.
[2022-07-22 08:21:39.878] [renderer3] [warning] [/home/max/.vscode/extensions/sumneko.lua-3.5.0-linux-x64]: Couldn't find message for key config.diagnostics.duplicate-set-field.
[2022-07-22 08:21:39.879] [renderer3] [warning] [/home/max/.vscode/extensions/sumneko.lua-3.5.0-linux-x64]: Couldn't find message for key config.diagnostics.missing-parameter.
[2022-07-22 08:21:39.879] [renderer3] [warning] [/home/max/.vscode/extensions/sumneko.lua-3.5.0-linux-x64]: Couldn't find message for key config.diagnostics.missing-return.
[2022-07-22 08:21:39.879] [renderer3] [warning] [/home/max/.vscode/extensions/sumneko.lua-3.5.0-linux-x64]: Couldn't find message for key config.diagnostics.missing-return-value.
[2022-07-22 08:21:39.879] [renderer3] [warning] [/home/max/.vscode/extensions/sumneko.lua-3.5.0-linux-x64]: Couldn't find message for key config.diagnostics.need-check-nil.
[2022-07-22 08:21:39.879] [renderer3] [warning] [/home/max/.vscode/extensions/sumneko.lua-3.5.0-linux-x64]: Couldn't find message for key config.diagnostics.no-unknown.
[2022-07-22 08:21:39.879] [renderer3] [warning] [/home/max/.vscode/extensions/sumneko.lua-3.5.0-linux-x64]: Couldn't find message for key config.diagnostics.not-yieldable.
[2022-07-22 08:21:39.879] [renderer3] [warning] [/home/max/.vscode/extensions/sumneko.lua-3.5.0-linux-x64]: Couldn't find message for key config.diagnostics.param-type-mismatch.
[2022-07-22 08:21:39.880] [renderer3] [warning] [/home/max/.vscode/extensions/sumneko.lua-3.5.0-linux-x64]: Couldn't find message for key config.diagnostics.redundant-return.
[2022-07-22 08:21:39.880] [renderer3] [warning] [/home/max/.vscode/extensions/sumneko.lua-3.5.0-linux-x64]: Couldn't find message for key config.diagnostics.redundant-return-value.
[2022-07-22 08:21:39.880] [renderer3] [warning] [/home/max/.vscode/extensions/sumneko.lua-3.5.0-linux-x64]: Couldn't find message for key config.diagnostics.return-type-mismatch.
[2022-07-22 08:21:39.881] [renderer3] [warning] [/home/max/.vscode/extensions/sumneko.lua-3.5.0-linux-x64]: Couldn't find message for key config.diagnostics.spell-check.
[2022-07-22 08:21:39.881] [renderer3] [warning] [/home/max/.vscode/extensions/sumneko.lua-3.5.0-linux-x64]: Couldn't find message for key config.diagnostics.unbalanced-assignments.
[2022-07-22 08:21:39.881] [renderer3] [warning] [/home/max/.vscode/extensions/sumneko.lua-3.5.0-linux-x64]: Couldn't find message for key config.diagnostics.undefined-doc-class.
[2022-07-22 08:21:39.881] [renderer3] [warning] [/home/max/.vscode/extensions/sumneko.lua-3.5.0-linux-x64]: Couldn't find message for key config.diagnostics.undefined-doc-name.
[2022-07-22 08:21:39.881] [renderer3] [warning] [/home/max/.vscode/extensions/sumneko.lua-3.5.0-linux-x64]: Couldn't find message for key config.diagnostics.undefined-doc-param.
[2022-07-22 08:21:39.881] [renderer3] [warning] [/home/max/.vscode/extensions/sumneko.lua-3.5.0-linux-x64]: Couldn't find message for key config.diagnostics.undefined-field.
[2022-07-22 08:21:39.882] [renderer3] [warning] [/home/max/.vscode/extensions/sumneko.lua-3.5.0-linux-x64]: Couldn't find message for key config.diagnostics.unknown-cast-variable.
[2022-07-22 08:21:39.882] [renderer3] [warning] [/home/max/.vscode/extensions/sumneko.lua-3.5.0-linux-x64]: Couldn't find message for key config.diagnostics.unknown-diag-code.
[2022-07-22 08:21:39.882] [renderer3] [warning] [/home/max/.vscode/extensions/sumneko.lua-3.5.0-linux-x64]: Couldn't find message for key config.diagnostics.unknown-operator.
[2022-07-22 08:21:39.883] [renderer3] [warning] [/home/max/.vscode/extensions/sumneko.lua-3.5.0-linux-x64]: Couldn't find message for key config.diagnostics.unreachable-code.
[2022-07-22 08:21:39.883] [renderer3] [warning] [/home/max/.vscode/extensions/sumneko.lua-3.5.0-linux-x64]: Couldn't find message for key config.runtime.builtin.basic.
[2022-07-22 08:21:39.884] [renderer3] [warning] [/home/max/.vscode/extensions/sumneko.lua-3.5.0-linux-x64]: Couldn't find message for key config.runtime.builtin.bit.
[2022-07-22 08:21:39.884] [renderer3] [warning] [/home/max/.vscode/extensions/sumneko.lua-3.5.0-linux-x64]: Couldn't find message for key config.runtime.builtin.bit32.
[2022-07-22 08:21:39.884] [renderer3] [warning] [/home/max/.vscode/extensions/sumneko.lua-3.5.0-linux-x64]: Couldn't find message for key config.runtime.builtin.builtin.
[2022-07-22 08:21:39.884] [renderer3] [warning] [/home/max/.vscode/extensions/sumneko.lua-3.5.0-linux-x64]: Couldn't find message for key config.runtime.builtin.coroutine.
[2022-07-22 08:21:39.884] [renderer3] [warning] [/home/max/.vscode/extensions/sumneko.lua-3.5.0-linux-x64]: Couldn't find message for key config.runtime.builtin.debug.
[2022-07-22 08:21:39.884] [renderer3] [warning] [/home/max/.vscode/extensions/sumneko.lua-3.5.0-linux-x64]: Couldn't find message for key config.runtime.builtin.ffi.
[2022-07-22 08:21:39.884] [renderer3] [warning] [/home/max/.vscode/extensions/sumneko.lua-3.5.0-linux-x64]: Couldn't find message for key config.runtime.builtin.io.
[2022-07-22 08:21:39.884] [renderer3] [warning] [/home/max/.vscode/extensions/sumneko.lua-3.5.0-linux-x64]: Couldn't find message for key config.runtime.builtin.jit.
[2022-07-22 08:21:39.885] [renderer3] [warning] [/home/max/.vscode/extensions/sumneko.lua-3.5.0-linux-x64]: Couldn't find message for key config.runtime.builtin.math.
[2022-07-22 08:21:39.885] [renderer3] [warning] [/home/max/.vscode/extensions/sumneko.lua-3.5.0-linux-x64]: Couldn't find message for key config.runtime.builtin.os.
[2022-07-22 08:21:39.885] [renderer3] [warning] [/home/max/.vscode/extensions/sumneko.lua-3.5.0-linux-x64]: Couldn't find message for key config.runtime.builtin.package.
[2022-07-22 08:21:39.886] [renderer3] [warning] [/home/max/.vscode/extensions/sumneko.lua-3.5.0-linux-x64]: Couldn't find message for key config.runtime.builtin.string.
[2022-07-22 08:21:39.886] [renderer3] [warning] [/home/max/.vscode/extensions/sumneko.lua-3.5.0-linux-x64]: Couldn't find message for key config.runtime.builtin.table.
[2022-07-22 08:21:39.886] [renderer3] [warning] [/home/max/.vscode/extensions/sumneko.lua-3.5.0-linux-x64]: Couldn't find message for key config.runtime.builtin.table.clear.
[2022-07-22 08:21:39.886] [renderer3] [warning] [/home/max/.vscode/extensions/sumneko.lua-3.5.0-linux-x64]: Couldn't find message for key config.runtime.builtin.table.new.
[2022-07-22 08:21:39.886] [renderer3] [warning] [/home/max/.vscode/extensions/sumneko.lua-3.5.0-linux-x64]: Couldn't find message for key config.runtime.builtin.utf8.
[2022-07-22 08:21:39.886] [renderer3] [warning] [/home/max/.vscode/extensions/sumneko.lua-3.5.0-linux-x64]: Couldn't find message for key config.runtime.fileEncoding.utf8.
[2022-07-22 08:21:39.886] [renderer3] [warning] [/home/max/.vscode/extensions/sumneko.lua-3.5.0-linux-x64]: Couldn't find message for key config.runtime.fileEncoding.ansi.
[2022-07-22 08:21:39.887] [renderer3] [warning] [/home/max/.vscode/extensions/sumneko.lua-3.5.0-linux-x64]: Couldn't find message for key config.runtime.fileEncoding.utf16le.
[2022-07-22 08:21:39.887] [renderer3] [warning] [/home/max/.vscode/extensions/sumneko.lua-3.5.0-linux-x64]: Couldn't find message for key config.runtime.fileEncoding.utf16be.
[2022-07-22 08:21:39.887] [renderer3] [warning] [/home/max/.vscode/extensions/sumneko.lua-3.5.0-linux-x64]: Couldn't find message for key config.runtime.version.Lua 5.1.
[2022-07-22 08:21:39.887] [renderer3] [warning] [/home/max/.vscode/extensions/sumneko.lua-3.5.0-linux-x64]: Couldn't find message for key config.runtime.version.Lua 5.2.
[2022-07-22 08:21:39.887] [renderer3] [warning] [/home/max/.vscode/extensions/sumneko.lua-3.5.0-linux-x64]: Couldn't find message for key config.runtime.version.Lua 5.3.
[2022-07-22 08:21:39.888] [renderer3] [warning] [/home/max/.vscode/extensions/sumneko.lua-3.5.0-linux-x64]: Couldn't find message for key config.runtime.version.Lua 5.4.
[2022-07-22 08:21:39.888] [renderer3] [warning] [/home/max/.vscode/extensions/sumneko.lua-3.5.0-linux-x64]: Couldn't find message for key config.runtime.version.LuaJIT.
