[2022-07-22 11:21:41.910] [renderer1] [warning] [/home/max/.vscode/extensions/sumneko.lua-3.5.0-linux-x64]: Couldn't find message for key config.diagnostics.assign-type-mismatch.
[2022-07-22 11:21:41.911] [renderer1] [warning] [/home/max/.vscode/extensions/sumneko.lua-3.5.0-linux-x64]: Couldn't find message for key config.diagnostics.await-in-sync.
[2022-07-22 11:21:41.911] [renderer1] [warning] [/home/max/.vscode/extensions/sumneko.lua-3.5.0-linux-x64]: Couldn't find message for key config.diagnostics.cast-local-type.
[2022-07-22 11:21:41.911] [renderer1] [warning] [/home/max/.vscode/extensions/sumneko.lua-3.5.0-linux-x64]: Couldn't find message for key config.diagnostics.cast-type-mismatch.
[2022-07-22 11:21:41.911] [renderer1] [warning] [/home/max/.vscode/extensions/sumneko.lua-3.5.0-linux-x64]: Couldn't find message for key config.diagnostics.circle-doc-class.
[2022-07-22 11:21:41.911] [renderer1] [warning] [/home/max/.vscode/extensions/sumneko.lua-3.5.0-linux-x64]: Couldn't find message for key config.diagnostics.close-non-object.
[2022-07-22 11:21:41.911] [renderer1] [warning] [/home/max/.vscode/extensions/sumneko.lua-3.5.0-linux-x64]: Couldn't find message for key config.diagnostics.code-after-break.
[2022-07-22 11:21:41.912] [renderer1] [warning] [/home/max/.vscode/extensions/sumneko.lua-3.5.0-linux-x64]: Couldn't find message for key config.diagnostics.codestyle-check.
[2022-07-22 11:21:41.912] [renderer1] [warning] [/home/max/.vscode/extensions/sumneko.lua-3.5.0-linux-x64]: Couldn't find message for key config.diagnostics.count-down-loop.
[2022-07-22 11:21:41.912] [renderer1] [warning] [/home/max/.vscode/extensions/sumneko.lua-3.5.0-linux-x64]: Couldn't find message for key config.diagnostics.deprecated.
[2022-07-22 11:21:41.912] [renderer1] [warning] [/home/max/.vscode/extensions/sumneko.lua-3.5.0-linux-x64]: Couldn't find message for key config.diagnostics.different-requires.
[2022-07-22 11:21:41.912] [renderer1] [warning] [/home/max/.vscode/extensions/sumneko.lua-3.5.0-linux-x64]: Couldn't find message for key config.diagnostics.discard-returns.
[2022-07-22 11:21:41.912] [renderer1] [warning] [/home/max/.vscode/extensions/sumneko.lua-3.5.0-linux-x64]: Couldn't find message for key config.diagnostics.doc-field-no-class.
[2022-07-22 11:21:41.913] [renderer1] [warning] [/home/max/.vscode/extensions/sumneko.lua-3.5.0-linux-x64]: Couldn't find message for key config.diagnostics.duplicate-doc-alias.
[2022-07-22 11:21:41.913] [renderer1] [warning] [/home/max/.vscode/extensions/sumneko.lua-3.5.0-linux-x64]: Couldn't find message for key config.diagnostics.duplicate-doc-field.
[2022-07-22 11:21:41.913] [renderer1] [warning] [/home/max/.vscode/extensions/sumneko.lua-3.5.0-linux-x64]: Couldn't find message for key config.diagnostics.duplicate-doc-param.
[2022-07-22 11:21:41.913] [renderer1] [warning] [/home/max/.vscode/extensions/sumneko.lua-3.5.0-linux-x64]: Couldn't find message for key config.diagnostics.duplicate-set-field.
[2022-07-22 11:21:41.913] [renderer1] [warning] [/home/max/.vscode/extensions/sumneko.lua-3.5.0-linux-x64]: Couldn't find message for key config.diagnostics.missing-parameter.
[2022-07-22 11:21:41.913] [renderer1] [warning] [/home/max/.vscode/extensions/sumneko.lua-3.5.0-linux-x64]: Couldn't find message for key config.diagnostics.missing-return.
[2022-07-22 11:21:41.913] [renderer1] [warning] [/home/max/.vscode/extensions/sumneko.lua-3.5.0-linux-x64]: Couldn't find message for key config.diagnostics.missing-return-value.
[2022-07-22 11:21:41.913] [renderer1] [warning] [/home/max/.vscode/extensions/sumneko.lua-3.5.0-linux-x64]: Couldn't find message for key config.diagnostics.need-check-nil.
[2022-07-22 11:21:41.914] [renderer1] [warning] [/home/max/.vscode/extensions/sumneko.lua-3.5.0-linux-x64]: Couldn't find message for key config.diagnostics.no-unknown.
[2022-07-22 11:21:41.914] [renderer1] [warning] [/home/max/.vscode/extensions/sumneko.lua-3.5.0-linux-x64]: Couldn't find message for key config.diagnostics.not-yieldable.
[2022-07-22 11:21:41.914] [renderer1] [warning] [/home/max/.vscode/extensions/sumneko.lua-3.5.0-linux-x64]: Couldn't find message for key config.diagnostics.param-type-mismatch.
[2022-07-22 11:21:41.914] [renderer1] [warning] [/home/max/.vscode/extensions/sumneko.lua-3.5.0-linux-x64]: Couldn't find message for key config.diagnostics.redundant-return.
[2022-07-22 11:21:41.914] [renderer1] [warning] [/home/max/.vscode/extensions/sumneko.lua-3.5.0-linux-x64]: Couldn't find message for key config.diagnostics.redundant-return-value.
[2022-07-22 11:21:41.915] [renderer1] [warning] [/home/max/.vscode/extensions/sumneko.lua-3.5.0-linux-x64]: Couldn't find message for key config.diagnostics.return-type-mismatch.
[2022-07-22 11:21:41.915] [renderer1] [warning] [/home/max/.vscode/extensions/sumneko.lua-3.5.0-linux-x64]: Couldn't find message for key config.diagnostics.spell-check.
[2022-07-22 11:21:41.915] [renderer1] [warning] [/home/max/.vscode/extensions/sumneko.lua-3.5.0-linux-x64]: Couldn't find message for key config.diagnostics.unbalanced-assignments.
[2022-07-22 11:21:41.915] [renderer1] [warning] [/home/max/.vscode/extensions/sumneko.lua-3.5.0-linux-x64]: Couldn't find message for key config.diagnostics.undefined-doc-class.
[2022-07-22 11:21:41.915] [renderer1] [warning] [/home/max/.vscode/extensions/sumneko.lua-3.5.0-linux-x64]: Couldn't find message for key config.diagnostics.undefined-doc-name.
[2022-07-22 11:21:41.915] [renderer1] [warning] [/home/max/.vscode/extensions/sumneko.lua-3.5.0-linux-x64]: Couldn't find message for key config.diagnostics.undefined-doc-param.
[2022-07-22 11:21:41.915] [renderer1] [warning] [/home/max/.vscode/extensions/sumneko.lua-3.5.0-linux-x64]: Couldn't find message for key config.diagnostics.undefined-field.
[2022-07-22 11:21:41.915] [renderer1] [warning] [/home/max/.vscode/extensions/sumneko.lua-3.5.0-linux-x64]: Couldn't find message for key config.diagnostics.unknown-cast-variable.
[2022-07-22 11:21:41.916] [renderer1] [warning] [/home/max/.vscode/extensions/sumneko.lua-3.5.0-linux-x64]: Couldn't find message for key config.diagnostics.unknown-diag-code.
[2022-07-22 11:21:41.916] [renderer1] [warning] [/home/max/.vscode/extensions/sumneko.lua-3.5.0-linux-x64]: Couldn't find message for key config.diagnostics.unknown-operator.
[2022-07-22 11:21:41.916] [renderer1] [warning] [/home/max/.vscode/extensions/sumneko.lua-3.5.0-linux-x64]: Couldn't find message for key config.diagnostics.unreachable-code.
[2022-07-22 11:21:41.916] [renderer1] [warning] [/home/max/.vscode/extensions/sumneko.lua-3.5.0-linux-x64]: Couldn't find message for key config.diagnostics.assign-type-mismatch.
[2022-07-22 11:21:41.916] [renderer1] [warning] [/home/max/.vscode/extensions/sumneko.lua-3.5.0-linux-x64]: Couldn't find message for key config.diagnostics.await-in-sync.
[2022-07-22 11:21:41.916] [renderer1] [warning] [/home/max/.vscode/extensions/sumneko.lua-3.5.0-linux-x64]: Couldn't find message for key config.diagnostics.cast-local-type.
[2022-07-22 11:21:41.916] [renderer1] [warning] [/home/max/.vscode/extensions/sumneko.lua-3.5.0-linux-x64]: Couldn't find message for key config.diagnostics.cast-type-mismatch.
[2022-07-22 11:21:41.917] [renderer1] [warning] [/home/max/.vscode/extensions/sumneko.lua-3.5.0-linux-x64]: Couldn't find message for key config.diagnostics.circle-doc-class.
[2022-07-22 11:21:41.917] [renderer1] [warning] [/home/max/.vscode/extensions/sumneko.lua-3.5.0-linux-x64]: Couldn't find message for key config.diagnostics.close-non-object.
[2022-07-22 11:21:41.917] [renderer1] [warning] [/home/max/.vscode/extensions/sumneko.lua-3.5.0-linux-x64]: Couldn't find message for key config.diagnostics.code-after-break.
[2022-07-22 11:21:41.917] [renderer1] [warning] [/home/max/.vscode/extensions/sumneko.lua-3.5.0-linux-x64]: Couldn't find message for key config.diagnostics.codestyle-check.
[2022-07-22 11:21:41.917] [renderer1] [warning] [/home/max/.vscode/extensions/sumneko.lua-3.5.0-linux-x64]: Couldn't find message for key config.diagnostics.count-down-loop.
[2022-07-22 11:21:41.917] [renderer1] [warning] [/home/max/.vscode/extensions/sumneko.lua-3.5.0-linux-x64]: Couldn't find message for key config.diagnostics.deprecated.
[2022-07-22 11:21:41.917] [renderer1] [warning] [/home/max/.vscode/extensions/sumneko.lua-3.5.0-linux-x64]: Couldn't find message for key config.diagnostics.different-requires.
[2022-07-22 11:21:41.918] [renderer1] [warning] [/home/max/.vscode/extensions/sumneko.lua-3.5.0-linux-x64]: Couldn't find message for key config.diagnostics.discard-returns.
[2022-07-22 11:21:41.918] [renderer1] [warning] [/home/max/.vscode/extensions/sumneko.lua-3.5.0-linux-x64]: Couldn't find message for key config.diagnostics.doc-field-no-class.
[2022-07-22 11:21:41.918] [renderer1] [warning] [/home/max/.vscode/extensions/sumneko.lua-3.5.0-linux-x64]: Couldn't find message for key config.diagnostics.duplicate-doc-alias.
[2022-07-22 11:21:41.918] [renderer1] [warning] [/home/max/.vscode/extensions/sumneko.lua-3.5.0-linux-x64]: Couldn't find message for key config.diagnostics.duplicate-doc-field.
[2022-07-22 11:21:41.918] [renderer1] [warning] [/home/max/.vscode/extensions/sumneko.lua-3.5.0-linux-x64]: Couldn't find message for key config.diagnostics.duplicate-doc-param.
[2022-07-22 11:21:41.918] [renderer1] [warning] [/home/max/.vscode/extensions/sumneko.lua-3.5.0-linux-x64]: Couldn't find message for key config.diagnostics.duplicate-set-field.
[2022-07-22 11:21:41.918] [renderer1] [warning] [/home/max/.vscode/extensions/sumneko.lua-3.5.0-linux-x64]: Couldn't find message for key config.diagnostics.missing-parameter.
[2022-07-22 11:21:41.919] [renderer1] [warning] [/home/max/.vscode/extensions/sumneko.lua-3.5.0-linux-x64]: Couldn't find message for key config.diagnostics.missing-return.
[2022-07-22 11:21:41.919] [renderer1] [warning] [/home/max/.vscode/extensions/sumneko.lua-3.5.0-linux-x64]: Couldn't find message for key config.diagnostics.missing-return-value.
[2022-07-22 11:21:41.919] [renderer1] [warning] [/home/max/.vscode/extensions/sumneko.lua-3.5.0-linux-x64]: Couldn't find message for key config.diagnostics.need-check-nil.
[2022-07-22 11:21:41.919] [renderer1] [warning] [/home/max/.vscode/extensions/sumneko.lua-3.5.0-linux-x64]: Couldn't find message for key config.diagnostics.no-unknown.
[2022-07-22 11:21:41.919] [renderer1] [warning] [/home/max/.vscode/extensions/sumneko.lua-3.5.0-linux-x64]: Couldn't find message for key config.diagnostics.not-yieldable.
[2022-07-22 11:21:41.919] [renderer1] [warning] [/home/max/.vscode/extensions/sumneko.lua-3.5.0-linux-x64]: Couldn't find message for key config.diagnostics.param-type-mismatch.
[2022-07-22 11:21:41.919] [renderer1] [warning] [/home/max/.vscode/extensions/sumneko.lua-3.5.0-linux-x64]: Couldn't find message for key config.diagnostics.redundant-return.
[2022-07-22 11:21:41.920] [renderer1] [warning] [/home/max/.vscode/extensions/sumneko.lua-3.5.0-linux-x64]: Couldn't find message for key config.diagnostics.redundant-return-value.
[2022-07-22 11:21:41.920] [renderer1] [warning] [/home/max/.vscode/extensions/sumneko.lua-3.5.0-linux-x64]: Couldn't find message for key config.diagnostics.return-type-mismatch.
[2022-07-22 11:21:41.920] [renderer1] [warning] [/home/max/.vscode/extensions/sumneko.lua-3.5.0-linux-x64]: Couldn't find message for key config.diagnostics.spell-check.
[2022-07-22 11:21:41.920] [renderer1] [warning] [/home/max/.vscode/extensions/sumneko.lua-3.5.0-linux-x64]: Couldn't find message for key config.diagnostics.unbalanced-assignments.
[2022-07-22 11:21:41.920] [renderer1] [warning] [/home/max/.vscode/extensions/sumneko.lua-3.5.0-linux-x64]: Couldn't find message for key config.diagnostics.undefined-doc-class.
[2022-07-22 11:21:41.920] [renderer1] [warning] [/home/max/.vscode/extensions/sumneko.lua-3.5.0-linux-x64]: Couldn't find message for key config.diagnostics.undefined-doc-name.
[2022-07-22 11:21:41.920] [renderer1] [warning] [/home/max/.vscode/extensions/sumneko.lua-3.5.0-linux-x64]: Couldn't find message for key config.diagnostics.undefined-doc-param.
[2022-07-22 11:21:41.921] [renderer1] [warning] [/home/max/.vscode/extensions/sumneko.lua-3.5.0-linux-x64]: Couldn't find message for key config.diagnostics.undefined-field.
[2022-07-22 11:21:41.921] [renderer1] [warning] [/home/max/.vscode/extensions/sumneko.lua-3.5.0-linux-x64]: Couldn't find message for key config.diagnostics.unknown-cast-variable.
[2022-07-22 11:21:41.921] [renderer1] [warning] [/home/max/.vscode/extensions/sumneko.lua-3.5.0-linux-x64]: Couldn't find message for key config.diagnostics.unknown-diag-code.
[2022-07-22 11:21:41.921] [renderer1] [warning] [/home/max/.vscode/extensions/sumneko.lua-3.5.0-linux-x64]: Couldn't find message for key config.diagnostics.unknown-operator.
[2022-07-22 11:21:41.921] [renderer1] [warning] [/home/max/.vscode/extensions/sumneko.lua-3.5.0-linux-x64]: Couldn't find message for key config.diagnostics.unreachable-code.
[2022-07-22 11:21:41.921] [renderer1] [warning] [/home/max/.vscode/extensions/sumneko.lua-3.5.0-linux-x64]: Couldn't find message for key config.runtime.builtin.basic.
[2022-07-22 11:21:41.921] [renderer1] [warning] [/home/max/.vscode/extensions/sumneko.lua-3.5.0-linux-x64]: Couldn't find message for key config.runtime.builtin.bit.
[2022-07-22 11:21:41.922] [renderer1] [warning] [/home/max/.vscode/extensions/sumneko.lua-3.5.0-linux-x64]: Couldn't find message for key config.runtime.builtin.bit32.
[2022-07-22 11:21:41.922] [renderer1] [warning] [/home/max/.vscode/extensions/sumneko.lua-3.5.0-linux-x64]: Couldn't find message for key config.runtime.builtin.builtin.
[2022-07-22 11:21:41.922] [renderer1] [warning] [/home/max/.vscode/extensions/sumneko.lua-3.5.0-linux-x64]: Couldn't find message for key config.runtime.builtin.coroutine.
[2022-07-22 11:21:41.922] [renderer1] [warning] [/home/max/.vscode/extensions/sumneko.lua-3.5.0-linux-x64]: Couldn't find message for key config.runtime.builtin.debug.
[2022-07-22 11:21:41.922] [renderer1] [warning] [/home/max/.vscode/extensions/sumneko.lua-3.5.0-linux-x64]: Couldn't find message for key config.runtime.builtin.ffi.
[2022-07-22 11:21:41.922] [renderer1] [warning] [/home/max/.vscode/extensions/sumneko.lua-3.5.0-linux-x64]: Couldn't find message for key config.runtime.builtin.io.
[2022-07-22 11:21:41.922] [renderer1] [warning] [/home/max/.vscode/extensions/sumneko.lua-3.5.0-linux-x64]: Couldn't find message for key config.runtime.builtin.jit.
[2022-07-22 11:21:41.922] [renderer1] [warning] [/home/max/.vscode/extensions/sumneko.lua-3.5.0-linux-x64]: Couldn't find message for key config.runtime.builtin.math.
[2022-07-22 11:21:41.923] [renderer1] [warning] [/home/max/.vscode/extensions/sumneko.lua-3.5.0-linux-x64]: Couldn't find message for key config.runtime.builtin.os.
[2022-07-22 11:21:41.923] [renderer1] [warning] [/home/max/.vscode/extensions/sumneko.lua-3.5.0-linux-x64]: Couldn't find message for key config.runtime.builtin.package.
[2022-07-22 11:21:41.923] [renderer1] [warning] [/home/max/.vscode/extensions/sumneko.lua-3.5.0-linux-x64]: Couldn't find message for key config.runtime.builtin.string.
[2022-07-22 11:21:41.923] [renderer1] [warning] [/home/max/.vscode/extensions/sumneko.lua-3.5.0-linux-x64]: Couldn't find message for key config.runtime.builtin.table.
[2022-07-22 11:21:41.923] [renderer1] [warning] [/home/max/.vscode/extensions/sumneko.lua-3.5.0-linux-x64]: Couldn't find message for key config.runtime.builtin.table.clear.
[2022-07-22 11:21:41.923] [renderer1] [warning] [/home/max/.vscode/extensions/sumneko.lua-3.5.0-linux-x64]: Couldn't find message for key config.runtime.builtin.table.new.
[2022-07-22 11:21:41.923] [renderer1] [warning] [/home/max/.vscode/extensions/sumneko.lua-3.5.0-linux-x64]: Couldn't find message for key config.runtime.builtin.utf8.
[2022-07-22 11:21:41.924] [renderer1] [warning] [/home/max/.vscode/extensions/sumneko.lua-3.5.0-linux-x64]: Couldn't find message for key config.runtime.fileEncoding.utf8.
[2022-07-22 11:21:41.924] [renderer1] [warning] [/home/max/.vscode/extensions/sumneko.lua-3.5.0-linux-x64]: Couldn't find message for key config.runtime.fileEncoding.ansi.
[2022-07-22 11:21:41.924] [renderer1] [warning] [/home/max/.vscode/extensions/sumneko.lua-3.5.0-linux-x64]: Couldn't find message for key config.runtime.fileEncoding.utf16le.
[2022-07-22 11:21:41.924] [renderer1] [warning] [/home/max/.vscode/extensions/sumneko.lua-3.5.0-linux-x64]: Couldn't find message for key config.runtime.fileEncoding.utf16be.
[2022-07-22 11:21:41.924] [renderer1] [warning] [/home/max/.vscode/extensions/sumneko.lua-3.5.0-linux-x64]: Couldn't find message for key config.runtime.version.Lua 5.1.
[2022-07-22 11:21:41.924] [renderer1] [warning] [/home/max/.vscode/extensions/sumneko.lua-3.5.0-linux-x64]: Couldn't find message for key config.runtime.version.Lua 5.2.
[2022-07-22 11:21:41.924] [renderer1] [warning] [/home/max/.vscode/extensions/sumneko.lua-3.5.0-linux-x64]: Couldn't find message for key config.runtime.version.Lua 5.3.
[2022-07-22 11:21:41.924] [renderer1] [warning] [/home/max/.vscode/extensions/sumneko.lua-3.5.0-linux-x64]: Couldn't find message for key config.runtime.version.Lua 5.4.
[2022-07-22 11:21:41.925] [renderer1] [warning] [/home/max/.vscode/extensions/sumneko.lua-3.5.0-linux-x64]: Couldn't find message for key config.runtime.version.LuaJIT.
