[2022-07-22 18:59:12.020] [exthost] [info] Extension host with pid 581083 started
[2022-07-22 18:59:12.086] [exthost] [info] ExtensionService#_doActivateExtension mads-hartmann.bash-ide-vscode, startup: false, activationEvent: 'onLanguage:shellscript'
[2022-07-22 18:59:12.126] [exthost] [info] ExtensionService#_doActivateExtension shakram02.bash-beautify, startup: false, activationEvent: 'onLanguage:shellscript'
[2022-07-22 18:59:12.150] [exthost] [info] ExtensionService#_doActivateExtension vscode.microsoft-authentication, startup: false, activationEvent: 'onAuthenticationRequest:microsoft'
[2022-07-22 18:59:12.170] [exthost] [info] ExtensionService#_doActivateExtension vscode.debug-auto-launch, startup: true, activationEvent: '*'
[2022-07-22 18:59:12.173] [exthost] [info] ExtensionService#_doActivateExtension vscode.git-base, startup: true, activationEvent: '*', root cause: vscode.git
[2022-07-22 18:59:12.175] [exthost] [info] ExtensionService#_doActivateExtension vscode.ipynb, startup: true, activationEvent: '*'
[2022-07-22 18:59:12.208] [exthost] [info] ExtensionService#_doActivateExtension vscode.git, startup: true, activationEvent: '*'
[2022-07-22 18:59:12.230] [exthost] [info] ExtensionService#_doActivateExtension vscode.github, startup: true, activationEvent: '*'
[2022-07-22 18:59:12.280] [exthost] [info] Eager extensions activated
[2022-07-22 18:59:12.447] [exthost] [info] ExtensionService#_doActivateExtension vscode.github-authentication, startup: false, activationEvent: 'onAuthenticationRequest:github'
[2022-07-22 18:59:12.465] [exthost] [info] ExtensionService#_doActivateExtension vscode.emmet, startup: false, activationEvent: 'onStartupFinished'
[2022-07-22 18:59:12.472] [exthost] [info] ExtensionService#_doActivateExtension vscode.merge-conflict, startup: false, activationEvent: 'onStartupFinished'
[2022-07-22 18:59:12.474] [exthost] [info] ExtensionService#_doActivateExtension equinusocio.vsc-material-theme-icons, startup: false, activationEvent: 'onStartupFinished'
[2022-07-22 18:59:12.507] [exthost] [info] ExtensionService#_doActivateExtension PKief.material-icon-theme, startup: false, activationEvent: 'onStartupFinished'
[2022-07-22 18:59:12.520] [exthost] [info] ExtensionService#_doActivateExtension zhuangtongfa.material-theme, startup: false, activationEvent: 'onStartupFinished'
[2022-07-22 19:01:37.457] [exthost] [info] Extension host terminating: received terminate message from renderer
[2022-07-22 19:01:37.463] [exthost] [info] Extension host with pid 581083 exiting with code 0
[2022-07-22 19:01:38.642] [exthost] [info] Extension host with pid 592175 started
[2022-07-22 19:01:38.643] [exthost] [info] Skipping acquiring lock for /home/max/.config/Code/User/workspaceStorage/09e7af8358db5a84684f34e75b5c4ffc.
[2022-07-22 19:01:38.723] [exthost] [info] ExtensionService#_doActivateExtension sumneko.lua, startup: false, activationEvent: 'onLanguage:lua'
[2022-07-22 19:01:38.798] [exthost] [info] ExtensionService#_doActivateExtension vscode.microsoft-authentication, startup: false, activationEvent: 'onAuthenticationRequest:microsoft'
[2022-07-22 19:01:38.809] [exthost] [info] ExtensionService#_doActivateExtension vscode.debug-auto-launch, startup: true, activationEvent: '*'
[2022-07-22 19:01:38.810] [exthost] [info] ExtensionService#_doActivateExtension vscode.git-base, startup: true, activationEvent: '*', root cause: vscode.git
[2022-07-22 19:01:38.811] [exthost] [info] ExtensionService#_doActivateExtension vscode.ipynb, startup: true, activationEvent: '*'
[2022-07-22 19:01:38.825] [exthost] [info] ExtensionService#_doActivateExtension vscode.git, startup: true, activationEvent: '*'
[2022-07-22 19:01:38.836] [exthost] [info] ExtensionService#_doActivateExtension vscode.github, startup: true, activationEvent: '*'
[2022-07-22 19:01:38.867] [exthost] [info] Eager extensions activated
[2022-07-22 19:01:38.895] [exthost] [info] ExtensionService#_doActivateExtension vscode.emmet, startup: false, activationEvent: 'onStartupFinished'
[2022-07-22 19:01:38.898] [exthost] [info] ExtensionService#_doActivateExtension vscode.merge-conflict, startup: false, activationEvent: 'onStartupFinished'
[2022-07-22 19:01:38.900] [exthost] [info] ExtensionService#_doActivateExtension equinusocio.vsc-material-theme-icons, startup: false, activationEvent: 'onStartupFinished'
[2022-07-22 19:01:38.913] [exthost] [info] ExtensionService#_doActivateExtension PKief.material-icon-theme, startup: false, activationEvent: 'onStartupFinished'
[2022-07-22 19:01:38.920] [exthost] [info] ExtensionService#_doActivateExtension zhuangtongfa.material-theme, startup: false, activationEvent: 'onStartupFinished'
[2022-07-22 19:01:38.926] [exthost] [info] ExtensionService#_doActivateExtension vscode.github-authentication, startup: false, activationEvent: 'onAuthenticationRequest:github'
