[2022-07-22 18:59:14.571] [renderer3] [warning] [/home/max/.vscode/extensions/sumneko.lua-3.5.0-linux-x64]: Couldn't find message for key config.diagnostics.assign-type-mismatch.
[2022-07-22 18:59:14.571] [renderer3] [warning] [/home/max/.vscode/extensions/sumneko.lua-3.5.0-linux-x64]: Couldn't find message for key config.diagnostics.await-in-sync.
[2022-07-22 18:59:14.571] [renderer3] [warning] [/home/max/.vscode/extensions/sumneko.lua-3.5.0-linux-x64]: Couldn't find message for key config.diagnostics.cast-local-type.
[2022-07-22 18:59:14.572] [renderer3] [warning] [/home/max/.vscode/extensions/sumneko.lua-3.5.0-linux-x64]: Couldn't find message for key config.diagnostics.cast-type-mismatch.
[2022-07-22 18:59:14.572] [renderer3] [warning] [/home/max/.vscode/extensions/sumneko.lua-3.5.0-linux-x64]: Couldn't find message for key config.diagnostics.circle-doc-class.
[2022-07-22 18:59:14.572] [renderer3] [warning] [/home/max/.vscode/extensions/sumneko.lua-3.5.0-linux-x64]: Couldn't find message for key config.diagnostics.close-non-object.
[2022-07-22 18:59:14.572] [renderer3] [warning] [/home/max/.vscode/extensions/sumneko.lua-3.5.0-linux-x64]: Couldn't find message for key config.diagnostics.code-after-break.
[2022-07-22 18:59:14.572] [renderer3] [warning] [/home/max/.vscode/extensions/sumneko.lua-3.5.0-linux-x64]: Couldn't find message for key config.diagnostics.codestyle-check.
[2022-07-22 18:59:14.572] [renderer3] [warning] [/home/max/.vscode/extensions/sumneko.lua-3.5.0-linux-x64]: Couldn't find message for key config.diagnostics.count-down-loop.
[2022-07-22 18:59:14.573] [renderer3] [warning] [/home/max/.vscode/extensions/sumneko.lua-3.5.0-linux-x64]: Couldn't find message for key config.diagnostics.deprecated.
[2022-07-22 18:59:14.573] [renderer3] [warning] [/home/max/.vscode/extensions/sumneko.lua-3.5.0-linux-x64]: Couldn't find message for key config.diagnostics.different-requires.
[2022-07-22 18:59:14.573] [renderer3] [warning] [/home/max/.vscode/extensions/sumneko.lua-3.5.0-linux-x64]: Couldn't find message for key config.diagnostics.discard-returns.
[2022-07-22 18:59:14.573] [renderer3] [warning] [/home/max/.vscode/extensions/sumneko.lua-3.5.0-linux-x64]: Couldn't find message for key config.diagnostics.doc-field-no-class.
[2022-07-22 18:59:14.573] [renderer3] [warning] [/home/max/.vscode/extensions/sumneko.lua-3.5.0-linux-x64]: Couldn't find message for key config.diagnostics.duplicate-doc-alias.
[2022-07-22 18:59:14.574] [renderer3] [warning] [/home/max/.vscode/extensions/sumneko.lua-3.5.0-linux-x64]: Couldn't find message for key config.diagnostics.duplicate-doc-field.
[2022-07-22 18:59:14.574] [renderer3] [warning] [/home/max/.vscode/extensions/sumneko.lua-3.5.0-linux-x64]: Couldn't find message for key config.diagnostics.duplicate-doc-param.
[2022-07-22 18:59:14.574] [renderer3] [warning] [/home/max/.vscode/extensions/sumneko.lua-3.5.0-linux-x64]: Couldn't find message for key config.diagnostics.duplicate-set-field.
[2022-07-22 18:59:14.574] [renderer3] [warning] [/home/max/.vscode/extensions/sumneko.lua-3.5.0-linux-x64]: Couldn't find message for key config.diagnostics.missing-parameter.
[2022-07-22 18:59:14.574] [renderer3] [warning] [/home/max/.vscode/extensions/sumneko.lua-3.5.0-linux-x64]: Couldn't find message for key config.diagnostics.missing-return.
[2022-07-22 18:59:14.574] [renderer3] [warning] [/home/max/.vscode/extensions/sumneko.lua-3.5.0-linux-x64]: Couldn't find message for key config.diagnostics.missing-return-value.
[2022-07-22 18:59:14.575] [renderer3] [warning] [/home/max/.vscode/extensions/sumneko.lua-3.5.0-linux-x64]: Couldn't find message for key config.diagnostics.need-check-nil.
[2022-07-22 18:59:14.575] [renderer3] [warning] [/home/max/.vscode/extensions/sumneko.lua-3.5.0-linux-x64]: Couldn't find message for key config.diagnostics.no-unknown.
[2022-07-22 18:59:14.575] [renderer3] [warning] [/home/max/.vscode/extensions/sumneko.lua-3.5.0-linux-x64]: Couldn't find message for key config.diagnostics.not-yieldable.
[2022-07-22 18:59:14.575] [renderer3] [warning] [/home/max/.vscode/extensions/sumneko.lua-3.5.0-linux-x64]: Couldn't find message for key config.diagnostics.param-type-mismatch.
[2022-07-22 18:59:14.576] [renderer3] [warning] [/home/max/.vscode/extensions/sumneko.lua-3.5.0-linux-x64]: Couldn't find message for key config.diagnostics.redundant-return.
[2022-07-22 18:59:14.576] [renderer3] [warning] [/home/max/.vscode/extensions/sumneko.lua-3.5.0-linux-x64]: Couldn't find message for key config.diagnostics.redundant-return-value.
[2022-07-22 18:59:14.576] [renderer3] [warning] [/home/max/.vscode/extensions/sumneko.lua-3.5.0-linux-x64]: Couldn't find message for key config.diagnostics.return-type-mismatch.
[2022-07-22 18:59:14.576] [renderer3] [warning] [/home/max/.vscode/extensions/sumneko.lua-3.5.0-linux-x64]: Couldn't find message for key config.diagnostics.spell-check.
[2022-07-22 18:59:14.576] [renderer3] [warning] [/home/max/.vscode/extensions/sumneko.lua-3.5.0-linux-x64]: Couldn't find message for key config.diagnostics.unbalanced-assignments.
[2022-07-22 18:59:14.577] [renderer3] [warning] [/home/max/.vscode/extensions/sumneko.lua-3.5.0-linux-x64]: Couldn't find message for key config.diagnostics.undefined-doc-class.
[2022-07-22 18:59:14.577] [renderer3] [warning] [/home/max/.vscode/extensions/sumneko.lua-3.5.0-linux-x64]: Couldn't find message for key config.diagnostics.undefined-doc-name.
[2022-07-22 18:59:14.577] [renderer3] [warning] [/home/max/.vscode/extensions/sumneko.lua-3.5.0-linux-x64]: Couldn't find message for key config.diagnostics.undefined-doc-param.
[2022-07-22 18:59:14.577] [renderer3] [warning] [/home/max/.vscode/extensions/sumneko.lua-3.5.0-linux-x64]: Couldn't find message for key config.diagnostics.undefined-field.
[2022-07-22 18:59:14.577] [renderer3] [warning] [/home/max/.vscode/extensions/sumneko.lua-3.5.0-linux-x64]: Couldn't find message for key config.diagnostics.unknown-cast-variable.
[2022-07-22 18:59:14.577] [renderer3] [warning] [/home/max/.vscode/extensions/sumneko.lua-3.5.0-linux-x64]: Couldn't find message for key config.diagnostics.unknown-diag-code.
[2022-07-22 18:59:14.578] [renderer3] [warning] [/home/max/.vscode/extensions/sumneko.lua-3.5.0-linux-x64]: Couldn't find message for key config.diagnostics.unknown-operator.
[2022-07-22 18:59:14.578] [renderer3] [warning] [/home/max/.vscode/extensions/sumneko.lua-3.5.0-linux-x64]: Couldn't find message for key config.diagnostics.unreachable-code.
[2022-07-22 18:59:14.578] [renderer3] [warning] [/home/max/.vscode/extensions/sumneko.lua-3.5.0-linux-x64]: Couldn't find message for key config.diagnostics.assign-type-mismatch.
[2022-07-22 18:59:14.578] [renderer3] [warning] [/home/max/.vscode/extensions/sumneko.lua-3.5.0-linux-x64]: Couldn't find message for key config.diagnostics.await-in-sync.
[2022-07-22 18:59:14.578] [renderer3] [warning] [/home/max/.vscode/extensions/sumneko.lua-3.5.0-linux-x64]: Couldn't find message for key config.diagnostics.cast-local-type.
[2022-07-22 18:59:14.578] [renderer3] [warning] [/home/max/.vscode/extensions/sumneko.lua-3.5.0-linux-x64]: Couldn't find message for key config.diagnostics.cast-type-mismatch.
[2022-07-22 18:59:14.579] [renderer3] [warning] [/home/max/.vscode/extensions/sumneko.lua-3.5.0-linux-x64]: Couldn't find message for key config.diagnostics.circle-doc-class.
[2022-07-22 18:59:14.579] [renderer3] [warning] [/home/max/.vscode/extensions/sumneko.lua-3.5.0-linux-x64]: Couldn't find message for key config.diagnostics.close-non-object.
[2022-07-22 18:59:14.579] [renderer3] [warning] [/home/max/.vscode/extensions/sumneko.lua-3.5.0-linux-x64]: Couldn't find message for key config.diagnostics.code-after-break.
[2022-07-22 18:59:14.579] [renderer3] [warning] [/home/max/.vscode/extensions/sumneko.lua-3.5.0-linux-x64]: Couldn't find message for key config.diagnostics.codestyle-check.
[2022-07-22 18:59:14.579] [renderer3] [warning] [/home/max/.vscode/extensions/sumneko.lua-3.5.0-linux-x64]: Couldn't find message for key config.diagnostics.count-down-loop.
[2022-07-22 18:59:14.579] [renderer3] [warning] [/home/max/.vscode/extensions/sumneko.lua-3.5.0-linux-x64]: Couldn't find message for key config.diagnostics.deprecated.
[2022-07-22 18:59:14.580] [renderer3] [warning] [/home/max/.vscode/extensions/sumneko.lua-3.5.0-linux-x64]: Couldn't find message for key config.diagnostics.different-requires.
[2022-07-22 18:59:14.580] [renderer3] [warning] [/home/max/.vscode/extensions/sumneko.lua-3.5.0-linux-x64]: Couldn't find message for key config.diagnostics.discard-returns.
[2022-07-22 18:59:14.580] [renderer3] [warning] [/home/max/.vscode/extensions/sumneko.lua-3.5.0-linux-x64]: Couldn't find message for key config.diagnostics.doc-field-no-class.
[2022-07-22 18:59:14.580] [renderer3] [warning] [/home/max/.vscode/extensions/sumneko.lua-3.5.0-linux-x64]: Couldn't find message for key config.diagnostics.duplicate-doc-alias.
[2022-07-22 18:59:14.580] [renderer3] [warning] [/home/max/.vscode/extensions/sumneko.lua-3.5.0-linux-x64]: Couldn't find message for key config.diagnostics.duplicate-doc-field.
[2022-07-22 18:59:14.580] [renderer3] [warning] [/home/max/.vscode/extensions/sumneko.lua-3.5.0-linux-x64]: Couldn't find message for key config.diagnostics.duplicate-doc-param.
[2022-07-22 18:59:14.581] [renderer3] [warning] [/home/max/.vscode/extensions/sumneko.lua-3.5.0-linux-x64]: Couldn't find message for key config.diagnostics.duplicate-set-field.
[2022-07-22 18:59:14.581] [renderer3] [warning] [/home/max/.vscode/extensions/sumneko.lua-3.5.0-linux-x64]: Couldn't find message for key config.diagnostics.missing-parameter.
[2022-07-22 18:59:14.581] [renderer3] [warning] [/home/max/.vscode/extensions/sumneko.lua-3.5.0-linux-x64]: Couldn't find message for key config.diagnostics.missing-return.
[2022-07-22 18:59:14.581] [renderer3] [warning] [/home/max/.vscode/extensions/sumneko.lua-3.5.0-linux-x64]: Couldn't find message for key config.diagnostics.missing-return-value.
[2022-07-22 18:59:14.581] [renderer3] [warning] [/home/max/.vscode/extensions/sumneko.lua-3.5.0-linux-x64]: Couldn't find message for key config.diagnostics.need-check-nil.
[2022-07-22 18:59:14.581] [renderer3] [warning] [/home/max/.vscode/extensions/sumneko.lua-3.5.0-linux-x64]: Couldn't find message for key config.diagnostics.no-unknown.
[2022-07-22 18:59:14.582] [renderer3] [warning] [/home/max/.vscode/extensions/sumneko.lua-3.5.0-linux-x64]: Couldn't find message for key config.diagnostics.not-yieldable.
[2022-07-22 18:59:14.582] [renderer3] [warning] [/home/max/.vscode/extensions/sumneko.lua-3.5.0-linux-x64]: Couldn't find message for key config.diagnostics.param-type-mismatch.
[2022-07-22 18:59:14.582] [renderer3] [warning] [/home/max/.vscode/extensions/sumneko.lua-3.5.0-linux-x64]: Couldn't find message for key config.diagnostics.redundant-return.
[2022-07-22 18:59:14.582] [renderer3] [warning] [/home/max/.vscode/extensions/sumneko.lua-3.5.0-linux-x64]: Couldn't find message for key config.diagnostics.redundant-return-value.
[2022-07-22 18:59:14.582] [renderer3] [warning] [/home/max/.vscode/extensions/sumneko.lua-3.5.0-linux-x64]: Couldn't find message for key config.diagnostics.return-type-mismatch.
[2022-07-22 18:59:14.582] [renderer3] [warning] [/home/max/.vscode/extensions/sumneko.lua-3.5.0-linux-x64]: Couldn't find message for key config.diagnostics.spell-check.
[2022-07-22 18:59:14.583] [renderer3] [warning] [/home/max/.vscode/extensions/sumneko.lua-3.5.0-linux-x64]: Couldn't find message for key config.diagnostics.unbalanced-assignments.
[2022-07-22 18:59:14.583] [renderer3] [warning] [/home/max/.vscode/extensions/sumneko.lua-3.5.0-linux-x64]: Couldn't find message for key config.diagnostics.undefined-doc-class.
[2022-07-22 18:59:14.583] [renderer3] [warning] [/home/max/.vscode/extensions/sumneko.lua-3.5.0-linux-x64]: Couldn't find message for key config.diagnostics.undefined-doc-name.
[2022-07-22 18:59:14.583] [renderer3] [warning] [/home/max/.vscode/extensions/sumneko.lua-3.5.0-linux-x64]: Couldn't find message for key config.diagnostics.undefined-doc-param.
[2022-07-22 18:59:14.583] [renderer3] [warning] [/home/max/.vscode/extensions/sumneko.lua-3.5.0-linux-x64]: Couldn't find message for key config.diagnostics.undefined-field.
[2022-07-22 18:59:14.584] [renderer3] [warning] [/home/max/.vscode/extensions/sumneko.lua-3.5.0-linux-x64]: Couldn't find message for key config.diagnostics.unknown-cast-variable.
[2022-07-22 18:59:14.584] [renderer3] [warning] [/home/max/.vscode/extensions/sumneko.lua-3.5.0-linux-x64]: Couldn't find message for key config.diagnostics.unknown-diag-code.
[2022-07-22 18:59:14.584] [renderer3] [warning] [/home/max/.vscode/extensions/sumneko.lua-3.5.0-linux-x64]: Couldn't find message for key config.diagnostics.unknown-operator.
[2022-07-22 18:59:14.584] [renderer3] [warning] [/home/max/.vscode/extensions/sumneko.lua-3.5.0-linux-x64]: Couldn't find message for key config.diagnostics.unreachable-code.
[2022-07-22 18:59:14.584] [renderer3] [warning] [/home/max/.vscode/extensions/sumneko.lua-3.5.0-linux-x64]: Couldn't find message for key config.runtime.builtin.basic.
[2022-07-22 18:59:14.585] [renderer3] [warning] [/home/max/.vscode/extensions/sumneko.lua-3.5.0-linux-x64]: Couldn't find message for key config.runtime.builtin.bit.
[2022-07-22 18:59:14.585] [renderer3] [warning] [/home/max/.vscode/extensions/sumneko.lua-3.5.0-linux-x64]: Couldn't find message for key config.runtime.builtin.bit32.
[2022-07-22 18:59:14.585] [renderer3] [warning] [/home/max/.vscode/extensions/sumneko.lua-3.5.0-linux-x64]: Couldn't find message for key config.runtime.builtin.builtin.
[2022-07-22 18:59:14.585] [renderer3] [warning] [/home/max/.vscode/extensions/sumneko.lua-3.5.0-linux-x64]: Couldn't find message for key config.runtime.builtin.coroutine.
[2022-07-22 18:59:14.585] [renderer3] [warning] [/home/max/.vscode/extensions/sumneko.lua-3.5.0-linux-x64]: Couldn't find message for key config.runtime.builtin.debug.
[2022-07-22 18:59:14.585] [renderer3] [warning] [/home/max/.vscode/extensions/sumneko.lua-3.5.0-linux-x64]: Couldn't find message for key config.runtime.builtin.ffi.
[2022-07-22 18:59:14.586] [renderer3] [warning] [/home/max/.vscode/extensions/sumneko.lua-3.5.0-linux-x64]: Couldn't find message for key config.runtime.builtin.io.
[2022-07-22 18:59:14.586] [renderer3] [warning] [/home/max/.vscode/extensions/sumneko.lua-3.5.0-linux-x64]: Couldn't find message for key config.runtime.builtin.jit.
[2022-07-22 18:59:14.586] [renderer3] [warning] [/home/max/.vscode/extensions/sumneko.lua-3.5.0-linux-x64]: Couldn't find message for key config.runtime.builtin.math.
[2022-07-22 18:59:14.586] [renderer3] [warning] [/home/max/.vscode/extensions/sumneko.lua-3.5.0-linux-x64]: Couldn't find message for key config.runtime.builtin.os.
[2022-07-22 18:59:14.586] [renderer3] [warning] [/home/max/.vscode/extensions/sumneko.lua-3.5.0-linux-x64]: Couldn't find message for key config.runtime.builtin.package.
[2022-07-22 18:59:14.587] [renderer3] [warning] [/home/max/.vscode/extensions/sumneko.lua-3.5.0-linux-x64]: Couldn't find message for key config.runtime.builtin.string.
[2022-07-22 18:59:14.587] [renderer3] [warning] [/home/max/.vscode/extensions/sumneko.lua-3.5.0-linux-x64]: Couldn't find message for key config.runtime.builtin.table.
[2022-07-22 18:59:14.587] [renderer3] [warning] [/home/max/.vscode/extensions/sumneko.lua-3.5.0-linux-x64]: Couldn't find message for key config.runtime.builtin.table.clear.
[2022-07-22 18:59:14.587] [renderer3] [warning] [/home/max/.vscode/extensions/sumneko.lua-3.5.0-linux-x64]: Couldn't find message for key config.runtime.builtin.table.new.
[2022-07-22 18:59:14.587] [renderer3] [warning] [/home/max/.vscode/extensions/sumneko.lua-3.5.0-linux-x64]: Couldn't find message for key config.runtime.builtin.utf8.
[2022-07-22 18:59:14.587] [renderer3] [warning] [/home/max/.vscode/extensions/sumneko.lua-3.5.0-linux-x64]: Couldn't find message for key config.runtime.fileEncoding.utf8.
[2022-07-22 18:59:14.588] [renderer3] [warning] [/home/max/.vscode/extensions/sumneko.lua-3.5.0-linux-x64]: Couldn't find message for key config.runtime.fileEncoding.ansi.
[2022-07-22 18:59:14.588] [renderer3] [warning] [/home/max/.vscode/extensions/sumneko.lua-3.5.0-linux-x64]: Couldn't find message for key config.runtime.fileEncoding.utf16le.
[2022-07-22 18:59:14.588] [renderer3] [warning] [/home/max/.vscode/extensions/sumneko.lua-3.5.0-linux-x64]: Couldn't find message for key config.runtime.fileEncoding.utf16be.
[2022-07-22 18:59:14.588] [renderer3] [warning] [/home/max/.vscode/extensions/sumneko.lua-3.5.0-linux-x64]: Couldn't find message for key config.runtime.version.Lua 5.1.
[2022-07-22 18:59:14.589] [renderer3] [warning] [/home/max/.vscode/extensions/sumneko.lua-3.5.0-linux-x64]: Couldn't find message for key config.runtime.version.Lua 5.2.
[2022-07-22 18:59:14.589] [renderer3] [warning] [/home/max/.vscode/extensions/sumneko.lua-3.5.0-linux-x64]: Couldn't find message for key config.runtime.version.Lua 5.3.
[2022-07-22 18:59:14.589] [renderer3] [warning] [/home/max/.vscode/extensions/sumneko.lua-3.5.0-linux-x64]: Couldn't find message for key config.runtime.version.Lua 5.4.
[2022-07-22 18:59:14.589] [renderer3] [warning] [/home/max/.vscode/extensions/sumneko.lua-3.5.0-linux-x64]: Couldn't find message for key config.runtime.version.LuaJIT.
[2022-07-22 19:00:21.569] [renderer3] [error] Unable to read file '/home/max/.bashrc' (Error: File not modified since): Error: Unable to read file '/home/max/.bashrc' (Error: File not modified since)
    at h.doReadFileStream (vscode-file://vscode-app/opt/visual-studio-code/resources/app/out/vs/workbench/workbench.desktop.main.js:602:20036)
    at async p.doRead (vscode-file://vscode-app/opt/visual-studio-code/resources/app/out/vs/workbench/workbench.desktop.main.js:2752:42357)
    at async p.readStream (vscode-file://vscode-app/opt/visual-studio-code/resources/app/out/vs/workbench/workbench.desktop.main.js:2752:42032)
    at async Ir.resolveFromFile (vscode-file://vscode-app/opt/visual-studio-code/resources/app/out/vs/workbench/workbench.desktop.main.js:2741:66789)
    at async vscode-file://vscode-app/opt/visual-studio-code/resources/app/out/vs/workbench/workbench.desktop.main.js:2752:36489
[2022-07-22 19:01:41.249] [renderer3] [warning] [/home/max/.vscode/extensions/sumneko.lua-3.5.0-linux-x64]: Couldn't find message for key config.diagnostics.assign-type-mismatch.
[2022-07-22 19:01:41.249] [renderer3] [warning] [/home/max/.vscode/extensions/sumneko.lua-3.5.0-linux-x64]: Couldn't find message for key config.diagnostics.await-in-sync.
[2022-07-22 19:01:41.249] [renderer3] [warning] [/home/max/.vscode/extensions/sumneko.lua-3.5.0-linux-x64]: Couldn't find message for key config.diagnostics.cast-local-type.
[2022-07-22 19:01:41.250] [renderer3] [warning] [/home/max/.vscode/extensions/sumneko.lua-3.5.0-linux-x64]: Couldn't find message for key config.diagnostics.cast-type-mismatch.
[2022-07-22 19:01:41.250] [renderer3] [warning] [/home/max/.vscode/extensions/sumneko.lua-3.5.0-linux-x64]: Couldn't find message for key config.diagnostics.circle-doc-class.
[2022-07-22 19:01:41.250] [renderer3] [warning] [/home/max/.vscode/extensions/sumneko.lua-3.5.0-linux-x64]: Couldn't find message for key config.diagnostics.close-non-object.
[2022-07-22 19:01:41.250] [renderer3] [warning] [/home/max/.vscode/extensions/sumneko.lua-3.5.0-linux-x64]: Couldn't find message for key config.diagnostics.code-after-break.
[2022-07-22 19:01:41.250] [renderer3] [warning] [/home/max/.vscode/extensions/sumneko.lua-3.5.0-linux-x64]: Couldn't find message for key config.diagnostics.codestyle-check.
[2022-07-22 19:01:41.251] [renderer3] [warning] [/home/max/.vscode/extensions/sumneko.lua-3.5.0-linux-x64]: Couldn't find message for key config.diagnostics.count-down-loop.
[2022-07-22 19:01:41.251] [renderer3] [warning] [/home/max/.vscode/extensions/sumneko.lua-3.5.0-linux-x64]: Couldn't find message for key config.diagnostics.deprecated.
[2022-07-22 19:01:41.251] [renderer3] [warning] [/home/max/.vscode/extensions/sumneko.lua-3.5.0-linux-x64]: Couldn't find message for key config.diagnostics.different-requires.
[2022-07-22 19:01:41.251] [renderer3] [warning] [/home/max/.vscode/extensions/sumneko.lua-3.5.0-linux-x64]: Couldn't find message for key config.diagnostics.discard-returns.
[2022-07-22 19:01:41.251] [renderer3] [warning] [/home/max/.vscode/extensions/sumneko.lua-3.5.0-linux-x64]: Couldn't find message for key config.diagnostics.doc-field-no-class.
[2022-07-22 19:01:41.251] [renderer3] [warning] [/home/max/.vscode/extensions/sumneko.lua-3.5.0-linux-x64]: Couldn't find message for key config.diagnostics.duplicate-doc-alias.
[2022-07-22 19:01:41.252] [renderer3] [warning] [/home/max/.vscode/extensions/sumneko.lua-3.5.0-linux-x64]: Couldn't find message for key config.diagnostics.duplicate-doc-field.
[2022-07-22 19:01:41.252] [renderer3] [warning] [/home/max/.vscode/extensions/sumneko.lua-3.5.0-linux-x64]: Couldn't find message for key config.diagnostics.duplicate-doc-param.
[2022-07-22 19:01:41.252] [renderer3] [warning] [/home/max/.vscode/extensions/sumneko.lua-3.5.0-linux-x64]: Couldn't find message for key config.diagnostics.duplicate-set-field.
[2022-07-22 19:01:41.252] [renderer3] [warning] [/home/max/.vscode/extensions/sumneko.lua-3.5.0-linux-x64]: Couldn't find message for key config.diagnostics.missing-parameter.
[2022-07-22 19:01:41.252] [renderer3] [warning] [/home/max/.vscode/extensions/sumneko.lua-3.5.0-linux-x64]: Couldn't find message for key config.diagnostics.missing-return.
[2022-07-22 19:01:41.252] [renderer3] [warning] [/home/max/.vscode/extensions/sumneko.lua-3.5.0-linux-x64]: Couldn't find message for key config.diagnostics.missing-return-value.
[2022-07-22 19:01:41.253] [renderer3] [warning] [/home/max/.vscode/extensions/sumneko.lua-3.5.0-linux-x64]: Couldn't find message for key config.diagnostics.need-check-nil.
[2022-07-22 19:01:41.253] [renderer3] [warning] [/home/max/.vscode/extensions/sumneko.lua-3.5.0-linux-x64]: Couldn't find message for key config.diagnostics.no-unknown.
[2022-07-22 19:01:41.253] [renderer3] [warning] [/home/max/.vscode/extensions/sumneko.lua-3.5.0-linux-x64]: Couldn't find message for key config.diagnostics.not-yieldable.
[2022-07-22 19:01:41.253] [renderer3] [warning] [/home/max/.vscode/extensions/sumneko.lua-3.5.0-linux-x64]: Couldn't find message for key config.diagnostics.param-type-mismatch.
[2022-07-22 19:01:41.253] [renderer3] [warning] [/home/max/.vscode/extensions/sumneko.lua-3.5.0-linux-x64]: Couldn't find message for key config.diagnostics.redundant-return.
[2022-07-22 19:01:41.254] [renderer3] [warning] [/home/max/.vscode/extensions/sumneko.lua-3.5.0-linux-x64]: Couldn't find message for key config.diagnostics.redundant-return-value.
[2022-07-22 19:01:41.254] [renderer3] [warning] [/home/max/.vscode/extensions/sumneko.lua-3.5.0-linux-x64]: Couldn't find message for key config.diagnostics.return-type-mismatch.
[2022-07-22 19:01:41.254] [renderer3] [warning] [/home/max/.vscode/extensions/sumneko.lua-3.5.0-linux-x64]: Couldn't find message for key config.diagnostics.spell-check.
[2022-07-22 19:01:41.254] [renderer3] [warning] [/home/max/.vscode/extensions/sumneko.lua-3.5.0-linux-x64]: Couldn't find message for key config.diagnostics.unbalanced-assignments.
[2022-07-22 19:01:41.254] [renderer3] [warning] [/home/max/.vscode/extensions/sumneko.lua-3.5.0-linux-x64]: Couldn't find message for key config.diagnostics.undefined-doc-class.
[2022-07-22 19:01:41.254] [renderer3] [warning] [/home/max/.vscode/extensions/sumneko.lua-3.5.0-linux-x64]: Couldn't find message for key config.diagnostics.undefined-doc-name.
[2022-07-22 19:01:41.255] [renderer3] [warning] [/home/max/.vscode/extensions/sumneko.lua-3.5.0-linux-x64]: Couldn't find message for key config.diagnostics.undefined-doc-param.
[2022-07-22 19:01:41.255] [renderer3] [warning] [/home/max/.vscode/extensions/sumneko.lua-3.5.0-linux-x64]: Couldn't find message for key config.diagnostics.undefined-field.
[2022-07-22 19:01:41.255] [renderer3] [warning] [/home/max/.vscode/extensions/sumneko.lua-3.5.0-linux-x64]: Couldn't find message for key config.diagnostics.unknown-cast-variable.
[2022-07-22 19:01:41.255] [renderer3] [warning] [/home/max/.vscode/extensions/sumneko.lua-3.5.0-linux-x64]: Couldn't find message for key config.diagnostics.unknown-diag-code.
[2022-07-22 19:01:41.255] [renderer3] [warning] [/home/max/.vscode/extensions/sumneko.lua-3.5.0-linux-x64]: Couldn't find message for key config.diagnostics.unknown-operator.
[2022-07-22 19:01:41.256] [renderer3] [warning] [/home/max/.vscode/extensions/sumneko.lua-3.5.0-linux-x64]: Couldn't find message for key config.diagnostics.unreachable-code.
[2022-07-22 19:01:41.256] [renderer3] [warning] [/home/max/.vscode/extensions/sumneko.lua-3.5.0-linux-x64]: Couldn't find message for key config.diagnostics.assign-type-mismatch.
[2022-07-22 19:01:41.256] [renderer3] [warning] [/home/max/.vscode/extensions/sumneko.lua-3.5.0-linux-x64]: Couldn't find message for key config.diagnostics.await-in-sync.
[2022-07-22 19:01:41.256] [renderer3] [warning] [/home/max/.vscode/extensions/sumneko.lua-3.5.0-linux-x64]: Couldn't find message for key config.diagnostics.cast-local-type.
[2022-07-22 19:01:41.256] [renderer3] [warning] [/home/max/.vscode/extensions/sumneko.lua-3.5.0-linux-x64]: Couldn't find message for key config.diagnostics.cast-type-mismatch.
[2022-07-22 19:01:41.256] [renderer3] [warning] [/home/max/.vscode/extensions/sumneko.lua-3.5.0-linux-x64]: Couldn't find message for key config.diagnostics.circle-doc-class.
[2022-07-22 19:01:41.257] [renderer3] [warning] [/home/max/.vscode/extensions/sumneko.lua-3.5.0-linux-x64]: Couldn't find message for key config.diagnostics.close-non-object.
[2022-07-22 19:01:41.257] [renderer3] [warning] [/home/max/.vscode/extensions/sumneko.lua-3.5.0-linux-x64]: Couldn't find message for key config.diagnostics.code-after-break.
[2022-07-22 19:01:41.257] [renderer3] [warning] [/home/max/.vscode/extensions/sumneko.lua-3.5.0-linux-x64]: Couldn't find message for key config.diagnostics.codestyle-check.
[2022-07-22 19:01:41.257] [renderer3] [warning] [/home/max/.vscode/extensions/sumneko.lua-3.5.0-linux-x64]: Couldn't find message for key config.diagnostics.count-down-loop.
[2022-07-22 19:01:41.257] [renderer3] [warning] [/home/max/.vscode/extensions/sumneko.lua-3.5.0-linux-x64]: Couldn't find message for key config.diagnostics.deprecated.
[2022-07-22 19:01:41.258] [renderer3] [warning] [/home/max/.vscode/extensions/sumneko.lua-3.5.0-linux-x64]: Couldn't find message for key config.diagnostics.different-requires.
[2022-07-22 19:01:41.258] [renderer3] [warning] [/home/max/.vscode/extensions/sumneko.lua-3.5.0-linux-x64]: Couldn't find message for key config.diagnostics.discard-returns.
[2022-07-22 19:01:41.258] [renderer3] [warning] [/home/max/.vscode/extensions/sumneko.lua-3.5.0-linux-x64]: Couldn't find message for key config.diagnostics.doc-field-no-class.
[2022-07-22 19:01:41.258] [renderer3] [warning] [/home/max/.vscode/extensions/sumneko.lua-3.5.0-linux-x64]: Couldn't find message for key config.diagnostics.duplicate-doc-alias.
[2022-07-22 19:01:41.259] [renderer3] [warning] [/home/max/.vscode/extensions/sumneko.lua-3.5.0-linux-x64]: Couldn't find message for key config.diagnostics.duplicate-doc-field.
[2022-07-22 19:01:41.259] [renderer3] [warning] [/home/max/.vscode/extensions/sumneko.lua-3.5.0-linux-x64]: Couldn't find message for key config.diagnostics.duplicate-doc-param.
[2022-07-22 19:01:41.259] [renderer3] [warning] [/home/max/.vscode/extensions/sumneko.lua-3.5.0-linux-x64]: Couldn't find message for key config.diagnostics.duplicate-set-field.
[2022-07-22 19:01:41.259] [renderer3] [warning] [/home/max/.vscode/extensions/sumneko.lua-3.5.0-linux-x64]: Couldn't find message for key config.diagnostics.missing-parameter.
[2022-07-22 19:01:41.259] [renderer3] [warning] [/home/max/.vscode/extensions/sumneko.lua-3.5.0-linux-x64]: Couldn't find message for key config.diagnostics.missing-return.
[2022-07-22 19:01:41.260] [renderer3] [warning] [/home/max/.vscode/extensions/sumneko.lua-3.5.0-linux-x64]: Couldn't find message for key config.diagnostics.missing-return-value.
[2022-07-22 19:01:41.260] [renderer3] [warning] [/home/max/.vscode/extensions/sumneko.lua-3.5.0-linux-x64]: Couldn't find message for key config.diagnostics.need-check-nil.
[2022-07-22 19:01:41.260] [renderer3] [warning] [/home/max/.vscode/extensions/sumneko.lua-3.5.0-linux-x64]: Couldn't find message for key config.diagnostics.no-unknown.
[2022-07-22 19:01:41.260] [renderer3] [warning] [/home/max/.vscode/extensions/sumneko.lua-3.5.0-linux-x64]: Couldn't find message for key config.diagnostics.not-yieldable.
[2022-07-22 19:01:41.260] [renderer3] [warning] [/home/max/.vscode/extensions/sumneko.lua-3.5.0-linux-x64]: Couldn't find message for key config.diagnostics.param-type-mismatch.
[2022-07-22 19:01:41.260] [renderer3] [warning] [/home/max/.vscode/extensions/sumneko.lua-3.5.0-linux-x64]: Couldn't find message for key config.diagnostics.redundant-return.
[2022-07-22 19:01:41.261] [renderer3] [warning] [/home/max/.vscode/extensions/sumneko.lua-3.5.0-linux-x64]: Couldn't find message for key config.diagnostics.redundant-return-value.
[2022-07-22 19:01:41.261] [renderer3] [warning] [/home/max/.vscode/extensions/sumneko.lua-3.5.0-linux-x64]: Couldn't find message for key config.diagnostics.return-type-mismatch.
[2022-07-22 19:01:41.261] [renderer3] [warning] [/home/max/.vscode/extensions/sumneko.lua-3.5.0-linux-x64]: Couldn't find message for key config.diagnostics.spell-check.
[2022-07-22 19:01:41.261] [renderer3] [warning] [/home/max/.vscode/extensions/sumneko.lua-3.5.0-linux-x64]: Couldn't find message for key config.diagnostics.unbalanced-assignments.
[2022-07-22 19:01:41.261] [renderer3] [warning] [/home/max/.vscode/extensions/sumneko.lua-3.5.0-linux-x64]: Couldn't find message for key config.diagnostics.undefined-doc-class.
[2022-07-22 19:01:41.261] [renderer3] [warning] [/home/max/.vscode/extensions/sumneko.lua-3.5.0-linux-x64]: Couldn't find message for key config.diagnostics.undefined-doc-name.
[2022-07-22 19:01:41.262] [renderer3] [warning] [/home/max/.vscode/extensions/sumneko.lua-3.5.0-linux-x64]: Couldn't find message for key config.diagnostics.undefined-doc-param.
[2022-07-22 19:01:41.262] [renderer3] [warning] [/home/max/.vscode/extensions/sumneko.lua-3.5.0-linux-x64]: Couldn't find message for key config.diagnostics.undefined-field.
[2022-07-22 19:01:41.262] [renderer3] [warning] [/home/max/.vscode/extensions/sumneko.lua-3.5.0-linux-x64]: Couldn't find message for key config.diagnostics.unknown-cast-variable.
[2022-07-22 19:01:41.263] [renderer3] [warning] [/home/max/.vscode/extensions/sumneko.lua-3.5.0-linux-x64]: Couldn't find message for key config.diagnostics.unknown-diag-code.
[2022-07-22 19:01:41.263] [renderer3] [warning] [/home/max/.vscode/extensions/sumneko.lua-3.5.0-linux-x64]: Couldn't find message for key config.diagnostics.unknown-operator.
[2022-07-22 19:01:41.263] [renderer3] [warning] [/home/max/.vscode/extensions/sumneko.lua-3.5.0-linux-x64]: Couldn't find message for key config.diagnostics.unreachable-code.
[2022-07-22 19:01:41.263] [renderer3] [warning] [/home/max/.vscode/extensions/sumneko.lua-3.5.0-linux-x64]: Couldn't find message for key config.runtime.builtin.basic.
[2022-07-22 19:01:41.263] [renderer3] [warning] [/home/max/.vscode/extensions/sumneko.lua-3.5.0-linux-x64]: Couldn't find message for key config.runtime.builtin.bit.
[2022-07-22 19:01:41.264] [renderer3] [warning] [/home/max/.vscode/extensions/sumneko.lua-3.5.0-linux-x64]: Couldn't find message for key config.runtime.builtin.bit32.
[2022-07-22 19:01:41.264] [renderer3] [warning] [/home/max/.vscode/extensions/sumneko.lua-3.5.0-linux-x64]: Couldn't find message for key config.runtime.builtin.builtin.
[2022-07-22 19:01:41.264] [renderer3] [warning] [/home/max/.vscode/extensions/sumneko.lua-3.5.0-linux-x64]: Couldn't find message for key config.runtime.builtin.coroutine.
[2022-07-22 19:01:41.264] [renderer3] [warning] [/home/max/.vscode/extensions/sumneko.lua-3.5.0-linux-x64]: Couldn't find message for key config.runtime.builtin.debug.
[2022-07-22 19:01:41.264] [renderer3] [warning] [/home/max/.vscode/extensions/sumneko.lua-3.5.0-linux-x64]: Couldn't find message for key config.runtime.builtin.ffi.
[2022-07-22 19:01:41.264] [renderer3] [warning] [/home/max/.vscode/extensions/sumneko.lua-3.5.0-linux-x64]: Couldn't find message for key config.runtime.builtin.io.
[2022-07-22 19:01:41.265] [renderer3] [warning] [/home/max/.vscode/extensions/sumneko.lua-3.5.0-linux-x64]: Couldn't find message for key config.runtime.builtin.jit.
[2022-07-22 19:01:41.265] [renderer3] [warning] [/home/max/.vscode/extensions/sumneko.lua-3.5.0-linux-x64]: Couldn't find message for key config.runtime.builtin.math.
[2022-07-22 19:01:41.265] [renderer3] [warning] [/home/max/.vscode/extensions/sumneko.lua-3.5.0-linux-x64]: Couldn't find message for key config.runtime.builtin.os.
[2022-07-22 19:01:41.265] [renderer3] [warning] [/home/max/.vscode/extensions/sumneko.lua-3.5.0-linux-x64]: Couldn't find message for key config.runtime.builtin.package.
[2022-07-22 19:01:41.265] [renderer3] [warning] [/home/max/.vscode/extensions/sumneko.lua-3.5.0-linux-x64]: Couldn't find message for key config.runtime.builtin.string.
[2022-07-22 19:01:41.265] [renderer3] [warning] [/home/max/.vscode/extensions/sumneko.lua-3.5.0-linux-x64]: Couldn't find message for key config.runtime.builtin.table.
[2022-07-22 19:01:41.266] [renderer3] [warning] [/home/max/.vscode/extensions/sumneko.lua-3.5.0-linux-x64]: Couldn't find message for key config.runtime.builtin.table.clear.
[2022-07-22 19:01:41.266] [renderer3] [warning] [/home/max/.vscode/extensions/sumneko.lua-3.5.0-linux-x64]: Couldn't find message for key config.runtime.builtin.table.new.
[2022-07-22 19:01:41.266] [renderer3] [warning] [/home/max/.vscode/extensions/sumneko.lua-3.5.0-linux-x64]: Couldn't find message for key config.runtime.builtin.utf8.
[2022-07-22 19:01:41.266] [renderer3] [warning] [/home/max/.vscode/extensions/sumneko.lua-3.5.0-linux-x64]: Couldn't find message for key config.runtime.fileEncoding.utf8.
[2022-07-22 19:01:41.266] [renderer3] [warning] [/home/max/.vscode/extensions/sumneko.lua-3.5.0-linux-x64]: Couldn't find message for key config.runtime.fileEncoding.ansi.
[2022-07-22 19:01:41.266] [renderer3] [warning] [/home/max/.vscode/extensions/sumneko.lua-3.5.0-linux-x64]: Couldn't find message for key config.runtime.fileEncoding.utf16le.
[2022-07-22 19:01:41.267] [renderer3] [warning] [/home/max/.vscode/extensions/sumneko.lua-3.5.0-linux-x64]: Couldn't find message for key config.runtime.fileEncoding.utf16be.
[2022-07-22 19:01:41.267] [renderer3] [warning] [/home/max/.vscode/extensions/sumneko.lua-3.5.0-linux-x64]: Couldn't find message for key config.runtime.version.Lua 5.1.
[2022-07-22 19:01:41.267] [renderer3] [warning] [/home/max/.vscode/extensions/sumneko.lua-3.5.0-linux-x64]: Couldn't find message for key config.runtime.version.Lua 5.2.
[2022-07-22 19:01:41.267] [renderer3] [warning] [/home/max/.vscode/extensions/sumneko.lua-3.5.0-linux-x64]: Couldn't find message for key config.runtime.version.Lua 5.3.
[2022-07-22 19:01:41.267] [renderer3] [warning] [/home/max/.vscode/extensions/sumneko.lua-3.5.0-linux-x64]: Couldn't find message for key config.runtime.version.Lua 5.4.
[2022-07-22 19:01:41.267] [renderer3] [warning] [/home/max/.vscode/extensions/sumneko.lua-3.5.0-linux-x64]: Couldn't find message for key config.runtime.version.LuaJIT.
